[ 2017-05-09T09:54:23+08:00 ] 127.0.0.1 /index.php/home/index/index
INFO: [ app_init ] --START--
INFO: Run Behavior\BuildLiteBehavior [ RunTime:0.000057s ]
INFO: [ app_init ] --END-- [ RunTime:0.001616s ]
INFO: [ app_begin ] --START--
INFO: Run Behavior\ReadHtmlCacheBehavior [ RunTime:0.002058s ]
INFO: [ app_begin ] --END-- [ RunTime:0.002284s ]
INFO: [ app_end ] --START--
INFO: Run Behavior\ShowPageTraceBehavior [ RunTime:0.003790s ]
INFO: [ app_end ] --END-- [ RunTime:0.004030s ]

[ 2017-05-09T09:54:29+08:00 ] 127.0.0.1 /index.php/home/index/index
INFO: [ app_init ] --START--
INFO: Run Behavior\BuildLiteBehavior [ RunTime:0.000058s ]
INFO: [ app_init ] --END-- [ RunTime:0.001008s ]
INFO: [ app_begin ] --START--
INFO: Run Behavior\ReadHtmlCacheBehavior [ RunTime:0.002040s ]
INFO: [ app_begin ] --END-- [ RunTime:0.002261s ]
INFO: [ app_end ] --START--
INFO: Run Behavior\ShowPageTraceBehavior [ RunTime:0.002989s ]
INFO: [ app_end ] --END-- [ RunTime:0.003174s ]

[ 2017-05-09T09:54:31+08:00 ] 127.0.0.1 /index.php/home/index/index
INFO: [ app_init ] --START--
INFO: Run Behavior\BuildLiteBehavior [ RunTime:0.000044s ]
INFO: [ app_init ] --END-- [ RunTime:0.001283s ]
INFO: [ app_begin ] --START--
INFO: Run Behavior\ReadHtmlCacheBehavior [ RunTime:0.002110s ]
INFO: [ app_begin ] --END-- [ RunTime:0.002346s ]
INFO: [ app_end ] --START--
INFO: Run Behavior\ShowPageTraceBehavior [ RunTime:0.001992s ]
INFO: [ app_end ] --END-- [ RunTime:0.002141s ]

[ 2017-05-09T09:54:56+08:00 ] 127.0.0.1 /index.php/home/index/index
INFO: [ app_init ] --START--
INFO: Run Behavior\BuildLiteBehavior [ RunTime:0.000029s ]
INFO: [ app_init ] --END-- [ RunTime:0.001057s ]
INFO: [ app_begin ] --START--
INFO: Run Behavior\ReadHtmlCacheBehavior [ RunTime:0.000647s ]
INFO: [ app_begin ] --END-- [ RunTime:0.000737s ]
INFO: [ view_parse ] --START--
INFO: [ template_filter ] --START--
INFO: Run Behavior\ContentReplaceBehavior [ RunTime:0.000280s ]
INFO: [ template_filter ] --END-- [ RunTime:0.000355s ]
NOTIC: [8] Undefined variable: _page_title D:\httpd\Apache24\htdocs\zjxm\Application\Runtime\Cache\Home\2a94b8bda04ff446dcedd42276fc99ee.php 第 5 行.
NOTIC: [8] Undefined variable: _page_keywords D:\httpd\Apache24\htdocs\zjxm\Application\Runtime\Cache\Home\2a94b8bda04ff446dcedd42276fc99ee.php 第 6 行.
NOTIC: [8] Undefined variable: _page_description D:\httpd\Apache24\htdocs\zjxm\Application\Runtime\Cache\Home\2a94b8bda04ff446dcedd42276fc99ee.php 第 7 行.
NOTIC: [8] Undefined variable: _show_nav D:\httpd\Apache24\htdocs\zjxm\Application\Runtime\Cache\Home\2a94b8bda04ff446dcedd42276fc99ee.php 第 139 行.
NOTIC: [8] Undefined variable: _show_nav D:\httpd\Apache24\htdocs\zjxm\Application\Runtime\Cache\Home\2a94b8bda04ff446dcedd42276fc99ee.php 第 140 行.
NOTIC: [8] Undefined variable: _show_nav D:\httpd\Apache24\htdocs\zjxm\Application\Runtime\Cache\Home\2a94b8bda04ff446dcedd42276fc99ee.php 第 145 行.
NOTIC: [8] Undefined variable: catData D:\httpd\Apache24\htdocs\zjxm\Application\Runtime\Cache\Home\2a94b8bda04ff446dcedd42276fc99ee.php 第 147 行.
NOTIC: [2] Invalid argument supplied for foreach() D:\httpd\Apache24\htdocs\zjxm\Application\Runtime\Cache\Home\2a94b8bda04ff446dcedd42276fc99ee.php 第 147 行.
NOTIC: [8] Undefined variable: goods1 D:\httpd\Apache24\htdocs\zjxm\Application\Runtime\Cache\Home\2a94b8bda04ff446dcedd42276fc99ee.php 第 333 行.
NOTIC: [2] Invalid argument supplied for foreach() D:\httpd\Apache24\htdocs\zjxm\Application\Runtime\Cache\Home\2a94b8bda04ff446dcedd42276fc99ee.php 第 333 行.
NOTIC: [8] Undefined variable: goods3 D:\httpd\Apache24\htdocs\zjxm\Application\Runtime\Cache\Home\2a94b8bda04ff446dcedd42276fc99ee.php 第 349 行.
NOTIC: [2] Invalid argument supplied for foreach() D:\httpd\Apache24\htdocs\zjxm\Application\Runtime\Cache\Home\2a94b8bda04ff446dcedd42276fc99ee.php 第 349 行.
NOTIC: [8] Undefined variable: goods4 D:\httpd\Apache24\htdocs\zjxm\Application\Runtime\Cache\Home\2a94b8bda04ff446dcedd42276fc99ee.php 第 365 行.
NOTIC: [2] Invalid argument supplied for foreach() D:\httpd\Apache24\htdocs\zjxm\Application\Runtime\Cache\Home\2a94b8bda04ff446dcedd42276fc99ee.php 第 365 行.
NOTIC: [8] Undefined variable: goods2 D:\httpd\Apache24\htdocs\zjxm\Application\Runtime\Cache\Home\2a94b8bda04ff446dcedd42276fc99ee.php 第 381 行.
NOTIC: [2] Invalid argument supplied for foreach() D:\httpd\Apache24\htdocs\zjxm\Application\Runtime\Cache\Home\2a94b8bda04ff446dcedd42276fc99ee.php 第 381 行.
NOTIC: [8] Undefined variable: floorData D:\httpd\Apache24\htdocs\zjxm\Application\Runtime\Cache\Home\2a94b8bda04ff446dcedd42276fc99ee.php 第 453 行.
NOTIC: [2] Invalid argument supplied for foreach() D:\httpd\Apache24\htdocs\zjxm\Application\Runtime\Cache\Home\2a94b8bda04ff446dcedd42276fc99ee.php 第 453 行.
INFO: Run Behavior\ParseTemplateBehavior [ RunTime:0.118337s ]
INFO: [ view_parse ] --END-- [ RunTime:0.118408s ]
INFO: [ view_filter ] --START--
INFO: Run Behavior\WriteHtmlCacheBehavior [ RunTime:0.000417s ]
INFO: [ view_filter ] --END-- [ RunTime:0.000548s ]
INFO: [ app_end ] --START--
INFO: Run Behavior\ShowPageTraceBehavior [ RunTime:0.001828s ]
INFO: [ app_end ] --END-- [ RunTime:0.001936s ]

[ 2017-05-09T09:55:57+08:00 ] 127.0.0.1 /index.php/home/index/index
INFO: [ app_init ] --START--
INFO: Run Behavior\BuildLiteBehavior [ RunTime:0.000024s ]
INFO: [ app_init ] --END-- [ RunTime:0.000965s ]
INFO: [ app_begin ] --START--
INFO: Run Behavior\ReadHtmlCacheBehavior [ RunTime:0.003755s ]
INFO: [ app_begin ] --END-- [ RunTime:0.003901s ]
INFO: [ view_parse ] --START--
INFO: [ template_filter ] --START--
INFO: Run Behavior\ContentReplaceBehavior [ RunTime:0.000337s ]
INFO: [ template_filter ] --END-- [ RunTime:0.000431s ]
NOTIC: [8] Undefined variable: _page_title D:\httpd\Apache24\htdocs\zjxm\Application\Runtime\Cache\Home\2a94b8bda04ff446dcedd42276fc99ee.php 第 5 行.
NOTIC: [8] Undefined variable: _page_keywords D:\httpd\Apache24\htdocs\zjxm\Application\Runtime\Cache\Home\2a94b8bda04ff446dcedd42276fc99ee.php 第 6 行.
NOTIC: [8] Undefined variable: _page_description D:\httpd\Apache24\htdocs\zjxm\Application\Runtime\Cache\Home\2a94b8bda04ff446dcedd42276fc99ee.php 第 7 行.
NOTIC: [8] Undefined variable: _show_nav D:\httpd\Apache24\htdocs\zjxm\Application\Runtime\Cache\Home\2a94b8bda04ff446dcedd42276fc99ee.php 第 139 行.
NOTIC: [8] Undefined variable: _show_nav D:\httpd\Apache24\htdocs\zjxm\Application\Runtime\Cache\Home\2a94b8bda04ff446dcedd42276fc99ee.php 第 140 行.
NOTIC: [8] Undefined variable: _show_nav D:\httpd\Apache24\htdocs\zjxm\Application\Runtime\Cache\Home\2a94b8bda04ff446dcedd42276fc99ee.php 第 145 行.
NOTIC: [8] Undefined variable: catData D:\httpd\Apache24\htdocs\zjxm\Application\Runtime\Cache\Home\2a94b8bda04ff446dcedd42276fc99ee.php 第 147 行.
NOTIC: [2] Invalid argument supplied for foreach() D:\httpd\Apache24\htdocs\zjxm\Application\Runtime\Cache\Home\2a94b8bda04ff446dcedd42276fc99ee.php 第 147 行.
NOTIC: [8] Undefined variable: goods1 D:\httpd\Apache24\htdocs\zjxm\Application\Runtime\Cache\Home\2a94b8bda04ff446dcedd42276fc99ee.php 第 333 行.
NOTIC: [2] Invalid argument supplied for foreach() D:\httpd\Apache24\htdocs\zjxm\Application\Runtime\Cache\Home\2a94b8bda04ff446dcedd42276fc99ee.php 第 333 行.
NOTIC: [8] Undefined variable: goods3 D:\httpd\Apache24\htdocs\zjxm\Application\Runtime\Cache\Home\2a94b8bda04ff446dcedd42276fc99ee.php 第 349 行.
NOTIC: [2] Invalid argument supplied for foreach() D:\httpd\Apache24\htdocs\zjxm\Application\Runtime\Cache\Home\2a94b8bda04ff446dcedd42276fc99ee.php 第 349 行.
NOTIC: [8] Undefined variable: goods4 D:\httpd\Apache24\htdocs\zjxm\Application\Runtime\Cache\Home\2a94b8bda04ff446dcedd42276fc99ee.php 第 365 行.
NOTIC: [2] Invalid argument supplied for foreach() D:\httpd\Apache24\htdocs\zjxm\Application\Runtime\Cache\Home\2a94b8bda04ff446dcedd42276fc99ee.php 第 365 行.
NOTIC: [8] Undefined variable: goods2 D:\httpd\Apache24\htdocs\zjxm\Application\Runtime\Cache\Home\2a94b8bda04ff446dcedd42276fc99ee.php 第 381 行.
NOTIC: [2] Invalid argument supplied for foreach() D:\httpd\Apache24\htdocs\zjxm\Application\Runtime\Cache\Home\2a94b8bda04ff446dcedd42276fc99ee.php 第 381 行.
NOTIC: [8] Undefined variable: floorData D:\httpd\Apache24\htdocs\zjxm\Application\Runtime\Cache\Home\2a94b8bda04ff446dcedd42276fc99ee.php 第 453 行.
NOTIC: [2] Invalid argument supplied for foreach() D:\httpd\Apache24\htdocs\zjxm\Application\Runtime\Cache\Home\2a94b8bda04ff446dcedd42276fc99ee.php 第 453 行.
INFO: Run Behavior\ParseTemplateBehavior [ RunTime:0.039938s ]
INFO: [ view_parse ] --END-- [ RunTime:0.040049s ]
INFO: [ view_filter ] --START--
INFO: Run Behavior\WriteHtmlCacheBehavior [ RunTime:0.001499s ]
INFO: [ view_filter ] --END-- [ RunTime:0.001589s ]
INFO: [ app_end ] --START--
INFO: Run Behavior\ShowPageTraceBehavior [ RunTime:0.003338s ]
INFO: [ app_end ] --END-- [ RunTime:0.003481s ]

[ 2017-05-09T15:06:47+08:00 ] 127.0.0.1 /index.php/home/index/index
INFO: [ app_init ] --START--
INFO: Run Behavior\BuildLiteBehavior [ RunTime:0.000021s ]
INFO: [ app_init ] --END-- [ RunTime:0.000540s ]
INFO: [ app_begin ] --START--
INFO: Run Behavior\ReadHtmlCacheBehavior [ RunTime:0.000869s ]
INFO: [ app_begin ] --END-- [ RunTime:0.000956s ]
INFO: [ view_parse ] --START--
INFO: [ template_filter ] --START--
INFO: Run Behavior\ContentReplaceBehavior [ RunTime:0.000396s ]
INFO: [ template_filter ] --END-- [ RunTime:0.000491s ]
NOTIC: [8] Undefined variable: _page_title D:\httpd\Apache24\htdocs\zjxm\Application\Runtime\Cache\Home\2a94b8bda04ff446dcedd42276fc99ee.php 第 5 行.
NOTIC: [8] Undefined variable: _page_keywords D:\httpd\Apache24\htdocs\zjxm\Application\Runtime\Cache\Home\2a94b8bda04ff446dcedd42276fc99ee.php 第 6 行.
NOTIC: [8] Undefined variable: _page_description D:\httpd\Apache24\htdocs\zjxm\Application\Runtime\Cache\Home\2a94b8bda04ff446dcedd42276fc99ee.php 第 7 行.
NOTIC: [8] Undefined variable: _show_nav D:\httpd\Apache24\htdocs\zjxm\Application\Runtime\Cache\Home\2a94b8bda04ff446dcedd42276fc99ee.php 第 139 行.
NOTIC: [8] Undefined variable: _show_nav D:\httpd\Apache24\htdocs\zjxm\Application\Runtime\Cache\Home\2a94b8bda04ff446dcedd42276fc99ee.php 第 140 行.
NOTIC: [8] Undefined variable: _show_nav D:\httpd\Apache24\htdocs\zjxm\Application\Runtime\Cache\Home\2a94b8bda04ff446dcedd42276fc99ee.php 第 145 行.
NOTIC: [8] Undefined variable: catData D:\httpd\Apache24\htdocs\zjxm\Application\Runtime\Cache\Home\2a94b8bda04ff446dcedd42276fc99ee.php 第 147 行.
NOTIC: [2] Invalid argument supplied for foreach() D:\httpd\Apache24\htdocs\zjxm\Application\Runtime\Cache\Home\2a94b8bda04ff446dcedd42276fc99ee.php 第 147 行.
NOTIC: [8] Undefined variable: goods1 D:\httpd\Apache24\htdocs\zjxm\Application\Runtime\Cache\Home\2a94b8bda04ff446dcedd42276fc99ee.php 第 333 行.
NOTIC: [2] Invalid argument supplied for foreach() D:\httpd\Apache24\htdocs\zjxm\Application\Runtime\Cache\Home\2a94b8bda04ff446dcedd42276fc99ee.php 第 333 行.
NOTIC: [8] Undefined variable: goods3 D:\httpd\Apache24\htdocs\zjxm\Application\Runtime\Cache\Home\2a94b8bda04ff446dcedd42276fc99ee.php 第 349 行.
NOTIC: [2] Invalid argument supplied for foreach() D:\httpd\Apache24\htdocs\zjxm\Application\Runtime\Cache\Home\2a94b8bda04ff446dcedd42276fc99ee.php 第 349 行.
NOTIC: [8] Undefined variable: goods4 D:\httpd\Apache24\htdocs\zjxm\Application\Runtime\Cache\Home\2a94b8bda04ff446dcedd42276fc99ee.php 第 365 行.
NOTIC: [2] Invalid argument supplied for foreach() D:\httpd\Apache24\htdocs\zjxm\Application\Runtime\Cache\Home\2a94b8bda04ff446dcedd42276fc99ee.php 第 365 行.
NOTIC: [8] Undefined variable: goods2 D:\httpd\Apache24\htdocs\zjxm\Application\Runtime\Cache\Home\2a94b8bda04ff446dcedd42276fc99ee.php 第 381 行.
NOTIC: [2] Invalid argument supplied for foreach() D:\httpd\Apache24\htdocs\zjxm\Application\Runtime\Cache\Home\2a94b8bda04ff446dcedd42276fc99ee.php 第 381 行.
NOTIC: [8] Undefined variable: floorData D:\httpd\Apache24\htdocs\zjxm\Application\Runtime\Cache\Home\2a94b8bda04ff446dcedd42276fc99ee.php 第 453 行.
NOTIC: [2] Invalid argument supplied for foreach() D:\httpd\Apache24\htdocs\zjxm\Application\Runtime\Cache\Home\2a94b8bda04ff446dcedd42276fc99ee.php 第 453 行.
INFO: Run Behavior\ParseTemplateBehavior [ RunTime:0.303947s ]
INFO: [ view_parse ] --END-- [ RunTime:0.304053s ]
INFO: [ view_filter ] --START--
INFO: Run Behavior\WriteHtmlCacheBehavior [ RunTime:0.000488s ]
INFO: [ view_filter ] --END-- [ RunTime:0.000550s ]
INFO: [ app_end ] --START--
INFO: Run Behavior\ShowPageTraceBehavior [ RunTime:0.001177s ]
INFO: [ app_end ] --END-- [ RunTime:0.001256s ]

[ 2017-05-09T15:14:02+08:00 ] 127.0.0.1 /index.php/home/index/index
INFO: [ app_init ] --START--
INFO: Run Behavior\BuildLiteBehavior [ RunTime:0.000022s ]
INFO: [ app_init ] --END-- [ RunTime:0.000711s ]
INFO: [ app_begin ] --START--
INFO: Run Behavior\ReadHtmlCacheBehavior [ RunTime:0.002120s ]
INFO: [ app_begin ] --END-- [ RunTime:0.002245s ]
INFO: [ view_parse ] --START--
INFO: [ template_filter ] --START--
INFO: Run Behavior\ContentReplaceBehavior [ RunTime:0.000306s ]
INFO: [ template_filter ] --END-- [ RunTime:0.000379s ]
NOTIC: [8] Undefined variable: _page_keywords D:\httpd\Apache24\htdocs\zjxm\Application\Runtime\Cache\Home\2a94b8bda04ff446dcedd42276fc99ee.php 第 6 行.
NOTIC: [8] Undefined variable: _page_description D:\httpd\Apache24\htdocs\zjxm\Application\Runtime\Cache\Home\2a94b8bda04ff446dcedd42276fc99ee.php 第 7 行.
NOTIC: [8] Undefined variable: catData D:\httpd\Apache24\htdocs\zjxm\Application\Runtime\Cache\Home\2a94b8bda04ff446dcedd42276fc99ee.php 第 147 行.
NOTIC: [2] Invalid argument supplied for foreach() D:\httpd\Apache24\htdocs\zjxm\Application\Runtime\Cache\Home\2a94b8bda04ff446dcedd42276fc99ee.php 第 147 行.
NOTIC: [8] Undefined variable: goods1 D:\httpd\Apache24\htdocs\zjxm\Application\Runtime\Cache\Home\2a94b8bda04ff446dcedd42276fc99ee.php 第 333 行.
NOTIC: [2] Invalid argument supplied for foreach() D:\httpd\Apache24\htdocs\zjxm\Application\Runtime\Cache\Home\2a94b8bda04ff446dcedd42276fc99ee.php 第 333 行.
NOTIC: [8] Undefined variable: goods3 D:\httpd\Apache24\htdocs\zjxm\Application\Runtime\Cache\Home\2a94b8bda04ff446dcedd42276fc99ee.php 第 349 行.
NOTIC: [2] Invalid argument supplied for foreach() D:\httpd\Apache24\htdocs\zjxm\Application\Runtime\Cache\Home\2a94b8bda04ff446dcedd42276fc99ee.php 第 349 行.
NOTIC: [8] Undefined variable: goods4 D:\httpd\Apache24\htdocs\zjxm\Application\Runtime\Cache\Home\2a94b8bda04ff446dcedd42276fc99ee.php 第 365 行.
NOTIC: [2] Invalid argument supplied for foreach() D:\httpd\Apache24\htdocs\zjxm\Application\Runtime\Cache\Home\2a94b8bda04ff446dcedd42276fc99ee.php 第 365 行.
NOTIC: [8] Undefined variable: goods2 D:\httpd\Apache24\htdocs\zjxm\Application\Runtime\Cache\Home\2a94b8bda04ff446dcedd42276fc99ee.php 第 381 行.
NOTIC: [2] Invalid argument supplied for foreach() D:\httpd\Apache24\htdocs\zjxm\Application\Runtime\Cache\Home\2a94b8bda04ff446dcedd42276fc99ee.php 第 381 行.
NOTIC: [8] Undefined variable: floorData D:\httpd\Apache24\htdocs\zjxm\Application\Runtime\Cache\Home\2a94b8bda04ff446dcedd42276fc99ee.php 第 453 行.
NOTIC: [2] Invalid argument supplied for foreach() D:\httpd\Apache24\htdocs\zjxm\Application\Runtime\Cache\Home\2a94b8bda04ff446dcedd42276fc99ee.php 第 453 行.
INFO: Run Behavior\ParseTemplateBehavior [ RunTime:0.109485s ]
INFO: [ view_parse ] --END-- [ RunTime:0.109577s ]
INFO: [ view_filter ] --START--
INFO: Run Behavior\WriteHtmlCacheBehavior [ RunTime:0.000608s ]
INFO: [ view_filter ] --END-- [ RunTime:0.000671s ]
INFO: [ app_end ] --START--
INFO: Run Behavior\ShowPageTraceBehavior [ RunTime:0.001299s ]
INFO: [ app_end ] --END-- [ RunTime:0.001421s ]

[ 2017-05-09T15:22:14+08:00 ] 127.0.0.1 /index.php/home/index/goods
INFO: [ app_init ] --START--
INFO: Run Behavior\BuildLiteBehavior [ RunTime:0.000015s ]
INFO: [ app_init ] --END-- [ RunTime:0.000459s ]
INFO: [ app_begin ] --START--
INFO: Run Behavior\ReadHtmlCacheBehavior [ RunTime:0.000721s ]
INFO: [ app_begin ] --END-- [ RunTime:0.000802s ]
INFO: [ view_parse ] --START--
INFO: [ template_filter ] --START--
INFO: Run Behavior\ContentReplaceBehavior [ RunTime:0.000273s ]
INFO: [ template_filter ] --END-- [ RunTime:0.000338s ]
NOTIC: [8] Undefined variable: catData D:\httpd\Apache24\htdocs\zjxm\Application\Runtime\Cache\Home\862a52d698112494831f0f0bc6d3727d.php 第 163 行.
NOTIC: [2] Invalid argument supplied for foreach() D:\httpd\Apache24\htdocs\zjxm\Application\Runtime\Cache\Home\862a52d698112494831f0f0bc6d3727d.php 第 163 行.
NOTIC: [8] Undefined variable: catPath D:\httpd\Apache24\htdocs\zjxm\Application\Runtime\Cache\Home\862a52d698112494831f0f0bc6d3727d.php 第 210 行.
NOTIC: [8] Undefined variable: info D:\httpd\Apache24\htdocs\zjxm\Application\Runtime\Cache\Home\862a52d698112494831f0f0bc6d3727d.php 第 213 行.
NOTIC: [8] Undefined variable: info D:\httpd\Apache24\htdocs\zjxm\Application\Runtime\Cache\Home\862a52d698112494831f0f0bc6d3727d.php 第 330 行.
NOTIC: [8] Undefined variable: info D:\httpd\Apache24\htdocs\zjxm\Application\Runtime\Cache\Home\862a52d698112494831f0f0bc6d3727d.php 第 801 行.
INFO: Run Behavior\ParseTemplateBehavior [ RunTime:0.022339s ]
INFO: [ view_parse ] --END-- [ RunTime:0.022408s ]
INFO: [ view_filter ] --START--
INFO: Run Behavior\WriteHtmlCacheBehavior [ RunTime:0.000400s ]
INFO: [ view_filter ] --END-- [ RunTime:0.000435s ]
INFO: [ app_end ] --START--
INFO: Run Behavior\ShowPageTraceBehavior [ RunTime:0.001291s ]
INFO: [ app_end ] --END-- [ RunTime:0.001378s ]

[ 2017-05-09T15:22:14+08:00 ] 127.0.0.1 /index.php/Home/Index/displayHistory.html
INFO: [ app_init ] --START--
INFO: Run Behavior\BuildLiteBehavior [ RunTime:0.000022s ]
INFO: [ app_init ] --END-- [ RunTime:0.000682s ]
INFO: [ app_begin ] --START--
INFO: Run Behavior\ReadHtmlCacheBehavior [ RunTime:0.001263s ]
INFO: [ app_begin ] --END-- [ RunTime:0.001486s ]
ERR: 非法操作:displayHistory

[ 2017-05-09T15:22:35+08:00 ] 127.0.0.1 /index.php/home/index/goods
INFO: [ app_init ] --START--
INFO: Run Behavior\BuildLiteBehavior [ RunTime:0.000014s ]
INFO: [ app_init ] --END-- [ RunTime:0.000432s ]
INFO: [ app_begin ] --START--
INFO: Run Behavior\ReadHtmlCacheBehavior [ RunTime:0.000999s ]
INFO: [ app_begin ] --END-- [ RunTime:0.001055s ]
INFO: [ view_parse ] --START--
INFO: [ template_filter ] --START--
INFO: Run Behavior\ContentReplaceBehavior [ RunTime:0.000272s ]
INFO: [ template_filter ] --END-- [ RunTime:0.000340s ]
NOTIC: [8] Undefined variable: catData D:\httpd\Apache24\htdocs\zjxm\Application\Runtime\Cache\Home\862a52d698112494831f0f0bc6d3727d.php 第 163 行.
NOTIC: [2] Invalid argument supplied for foreach() D:\httpd\Apache24\htdocs\zjxm\Application\Runtime\Cache\Home\862a52d698112494831f0f0bc6d3727d.php 第 163 行.
NOTIC: [8] Undefined variable: catPath D:\httpd\Apache24\htdocs\zjxm\Application\Runtime\Cache\Home\862a52d698112494831f0f0bc6d3727d.php 第 210 行.
NOTIC: [8] Undefined variable: info D:\httpd\Apache24\htdocs\zjxm\Application\Runtime\Cache\Home\862a52d698112494831f0f0bc6d3727d.php 第 213 行.
NOTIC: [8] Undefined variable: info D:\httpd\Apache24\htdocs\zjxm\Application\Runtime\Cache\Home\862a52d698112494831f0f0bc6d3727d.php 第 330 行.
NOTIC: [8] Undefined variable: info D:\httpd\Apache24\htdocs\zjxm\Application\Runtime\Cache\Home\862a52d698112494831f0f0bc6d3727d.php 第 801 行.
INFO: Run Behavior\ParseTemplateBehavior [ RunTime:0.020982s ]
INFO: [ view_parse ] --END-- [ RunTime:0.021043s ]
INFO: [ view_filter ] --START--
INFO: Run Behavior\WriteHtmlCacheBehavior [ RunTime:0.000871s ]
INFO: [ view_filter ] --END-- [ RunTime:0.000909s ]
INFO: [ app_end ] --START--
INFO: Run Behavior\ShowPageTraceBehavior [ RunTime:0.001575s ]
INFO: [ app_end ] --END-- [ RunTime:0.001653s ]

[ 2017-05-09T15:22:36+08:00 ] 127.0.0.1 /index.php/Home/Index/displayHistory.html
INFO: [ app_init ] --START--
INFO: Run Behavior\BuildLiteBehavior [ RunTime:0.000023s ]
INFO: [ app_init ] --END-- [ RunTime:0.000633s ]
INFO: [ app_begin ] --START--
INFO: Run Behavior\ReadHtmlCacheBehavior [ RunTime:0.001167s ]
INFO: [ app_begin ] --END-- [ RunTime:0.001305s ]
ERR: 非法操作:displayHistory

[ 2017-05-09T15:22:38+08:00 ] 127.0.0.1 /index.php/home/index/goods
INFO: [ app_init ] --START--
INFO: Run Behavior\BuildLiteBehavior [ RunTime:0.000014s ]
INFO: [ app_init ] --END-- [ RunTime:0.000419s ]
INFO: [ app_begin ] --START--
INFO: Run Behavior\ReadHtmlCacheBehavior [ RunTime:0.000659s ]
INFO: [ app_begin ] --END-- [ RunTime:0.000738s ]
INFO: [ view_parse ] --START--
INFO: [ template_filter ] --START--
INFO: Run Behavior\ContentReplaceBehavior [ RunTime:0.000410s ]
INFO: [ template_filter ] --END-- [ RunTime:0.000512s ]
NOTIC: [8] Undefined variable: catData D:\httpd\Apache24\htdocs\zjxm\Application\Runtime\Cache\Home\862a52d698112494831f0f0bc6d3727d.php 第 163 行.
NOTIC: [2] Invalid argument supplied for foreach() D:\httpd\Apache24\htdocs\zjxm\Application\Runtime\Cache\Home\862a52d698112494831f0f0bc6d3727d.php 第 163 行.
NOTIC: [8] Undefined variable: catPath D:\httpd\Apache24\htdocs\zjxm\Application\Runtime\Cache\Home\862a52d698112494831f0f0bc6d3727d.php 第 210 行.
NOTIC: [8] Undefined variable: info D:\httpd\Apache24\htdocs\zjxm\Application\Runtime\Cache\Home\862a52d698112494831f0f0bc6d3727d.php 第 213 行.
NOTIC: [8] Undefined variable: info D:\httpd\Apache24\htdocs\zjxm\Application\Runtime\Cache\Home\862a52d698112494831f0f0bc6d3727d.php 第 330 行.
NOTIC: [8] Undefined variable: info D:\httpd\Apache24\htdocs\zjxm\Application\Runtime\Cache\Home\862a52d698112494831f0f0bc6d3727d.php 第 801 行.
INFO: Run Behavior\ParseTemplateBehavior [ RunTime:0.025090s ]
INFO: [ view_parse ] --END-- [ RunTime:0.025176s ]
INFO: [ view_filter ] --START--
INFO: Run Behavior\WriteHtmlCacheBehavior [ RunTime:0.000631s ]
INFO: [ view_filter ] --END-- [ RunTime:0.000681s ]
INFO: [ app_end ] --START--
INFO: Run Behavior\ShowPageTraceBehavior [ RunTime:0.001969s ]
INFO: [ app_end ] --END-- [ RunTime:0.002054s ]

[ 2017-05-09T15:22:39+08:00 ] 127.0.0.1 /index.php/Home/Index/displayHistory.html
INFO: [ app_init ] --START--
INFO: Run Behavior\BuildLiteBehavior [ RunTime:0.000025s ]
INFO: [ app_init ] --END-- [ RunTime:0.000651s ]
INFO: [ app_begin ] --START--
INFO: Run Behavior\ReadHtmlCacheBehavior [ RunTime:0.001149s ]
INFO: [ app_begin ] --END-- [ RunTime:0.001228s ]
ERR: 非法操作:displayHistory

[ 2017-05-09T16:11:03+08:00 ] 127.0.0.1 /index.php/home/index/index
INFO: [ app_init ] --START--
INFO: Run Behavior\BuildLiteBehavior [ RunTime:0.000021s ]
INFO: [ app_init ] --END-- [ RunTime:0.000642s ]
INFO: [ app_begin ] --START--
INFO: Run Behavior\ReadHtmlCacheBehavior [ RunTime:0.001625s ]
INFO: [ app_begin ] --END-- [ RunTime:0.001722s ]
INFO: [ view_parse ] --START--
INFO: [ template_filter ] --START--
INFO: Run Behavior\ContentReplaceBehavior [ RunTime:0.000307s ]
INFO: [ template_filter ] --END-- [ RunTime:0.000404s ]
NOTIC: [8] Undefined variable: catData D:\httpd\Apache24\htdocs\zjxm\Application\Runtime\Cache\Home\2a94b8bda04ff446dcedd42276fc99ee.php 第 147 行.
NOTIC: [2] Invalid argument supplied for foreach() D:\httpd\Apache24\htdocs\zjxm\Application\Runtime\Cache\Home\2a94b8bda04ff446dcedd42276fc99ee.php 第 147 行.
NOTIC: [8] Undefined variable: goods1 D:\httpd\Apache24\htdocs\zjxm\Application\Runtime\Cache\Home\2a94b8bda04ff446dcedd42276fc99ee.php 第 333 行.
NOTIC: [2] Invalid argument supplied for foreach() D:\httpd\Apache24\htdocs\zjxm\Application\Runtime\Cache\Home\2a94b8bda04ff446dcedd42276fc99ee.php 第 333 行.
NOTIC: [8] Undefined variable: goods3 D:\httpd\Apache24\htdocs\zjxm\Application\Runtime\Cache\Home\2a94b8bda04ff446dcedd42276fc99ee.php 第 349 行.
NOTIC: [2] Invalid argument supplied for foreach() D:\httpd\Apache24\htdocs\zjxm\Application\Runtime\Cache\Home\2a94b8bda04ff446dcedd42276fc99ee.php 第 349 行.
NOTIC: [8] Undefined variable: goods4 D:\httpd\Apache24\htdocs\zjxm\Application\Runtime\Cache\Home\2a94b8bda04ff446dcedd42276fc99ee.php 第 365 行.
NOTIC: [2] Invalid argument supplied for foreach() D:\httpd\Apache24\htdocs\zjxm\Application\Runtime\Cache\Home\2a94b8bda04ff446dcedd42276fc99ee.php 第 365 行.
NOTIC: [8] Undefined variable: goods2 D:\httpd\Apache24\htdocs\zjxm\Application\Runtime\Cache\Home\2a94b8bda04ff446dcedd42276fc99ee.php 第 381 行.
NOTIC: [2] Invalid argument supplied for foreach() D:\httpd\Apache24\htdocs\zjxm\Application\Runtime\Cache\Home\2a94b8bda04ff446dcedd42276fc99ee.php 第 381 行.
NOTIC: [8] Undefined variable: floorData D:\httpd\Apache24\htdocs\zjxm\Application\Runtime\Cache\Home\2a94b8bda04ff446dcedd42276fc99ee.php 第 453 行.
NOTIC: [2] Invalid argument supplied for foreach() D:\httpd\Apache24\htdocs\zjxm\Application\Runtime\Cache\Home\2a94b8bda04ff446dcedd42276fc99ee.php 第 453 行.
INFO: Run Behavior\ParseTemplateBehavior [ RunTime:0.037406s ]
INFO: [ view_parse ] --END-- [ RunTime:0.037488s ]
INFO: [ view_filter ] --START--
INFO: Run Behavior\WriteHtmlCacheBehavior [ RunTime:0.000784s ]
INFO: [ view_filter ] --END-- [ RunTime:0.000849s ]
INFO: [ app_end ] --START--
INFO: Run Behavior\ShowPageTraceBehavior [ RunTime:0.001793s ]
INFO: [ app_end ] --END-- [ RunTime:0.001891s ]

[ 2017-05-09T16:11:05+08:00 ] 127.0.0.1 /index.php/home/index/index
INFO: [ app_init ] --START--
INFO: Run Behavior\BuildLiteBehavior [ RunTime:0.000013s ]
INFO: [ app_init ] --END-- [ RunTime:0.000347s ]
INFO: [ app_begin ] --START--
INFO: Run Behavior\ReadHtmlCacheBehavior [ RunTime:0.000667s ]
INFO: [ app_begin ] --END-- [ RunTime:0.000763s ]
INFO: [ view_parse ] --START--
INFO: [ template_filter ] --START--
INFO: Run Behavior\ContentReplaceBehavior [ RunTime:0.000167s ]
INFO: [ template_filter ] --END-- [ RunTime:0.000234s ]
NOTIC: [8] Undefined variable: catData D:\httpd\Apache24\htdocs\zjxm\Application\Runtime\Cache\Home\2a94b8bda04ff446dcedd42276fc99ee.php 第 147 行.
NOTIC: [2] Invalid argument supplied for foreach() D:\httpd\Apache24\htdocs\zjxm\Application\Runtime\Cache\Home\2a94b8bda04ff446dcedd42276fc99ee.php 第 147 行.
NOTIC: [8] Undefined variable: goods1 D:\httpd\Apache24\htdocs\zjxm\Application\Runtime\Cache\Home\2a94b8bda04ff446dcedd42276fc99ee.php 第 333 行.
NOTIC: [2] Invalid argument supplied for foreach() D:\httpd\Apache24\htdocs\zjxm\Application\Runtime\Cache\Home\2a94b8bda04ff446dcedd42276fc99ee.php 第 333 行.
NOTIC: [8] Undefined variable: goods3 D:\httpd\Apache24\htdocs\zjxm\Application\Runtime\Cache\Home\2a94b8bda04ff446dcedd42276fc99ee.php 第 349 行.
NOTIC: [2] Invalid argument supplied for foreach() D:\httpd\Apache24\htdocs\zjxm\Application\Runtime\Cache\Home\2a94b8bda04ff446dcedd42276fc99ee.php 第 349 行.
NOTIC: [8] Undefined variable: goods4 D:\httpd\Apache24\htdocs\zjxm\Application\Runtime\Cache\Home\2a94b8bda04ff446dcedd42276fc99ee.php 第 365 行.
NOTIC: [2] Invalid argument supplied for foreach() D:\httpd\Apache24\htdocs\zjxm\Application\Runtime\Cache\Home\2a94b8bda04ff446dcedd42276fc99ee.php 第 365 行.
NOTIC: [8] Undefined variable: goods2 D:\httpd\Apache24\htdocs\zjxm\Application\Runtime\Cache\Home\2a94b8bda04ff446dcedd42276fc99ee.php 第 381 行.
NOTIC: [2] Invalid argument supplied for foreach() D:\httpd\Apache24\htdocs\zjxm\Application\Runtime\Cache\Home\2a94b8bda04ff446dcedd42276fc99ee.php 第 381 行.
NOTIC: [8] Undefined variable: floorData D:\httpd\Apache24\htdocs\zjxm\Application\Runtime\Cache\Home\2a94b8bda04ff446dcedd42276fc99ee.php 第 453 行.
NOTIC: [2] Invalid argument supplied for foreach() D:\httpd\Apache24\htdocs\zjxm\Application\Runtime\Cache\Home\2a94b8bda04ff446dcedd42276fc99ee.php 第 453 行.
INFO: Run Behavior\ParseTemplateBehavior [ RunTime:0.015796s ]
INFO: [ view_parse ] --END-- [ RunTime:0.015843s ]
INFO: [ view_filter ] --START--
INFO: Run Behavior\WriteHtmlCacheBehavior [ RunTime:0.000400s ]
INFO: [ view_filter ] --END-- [ RunTime:0.000430s ]
INFO: [ app_end ] --START--
INFO: Run Behavior\ShowPageTraceBehavior [ RunTime:0.000937s ]
INFO: [ app_end ] --END-- [ RunTime:0.001012s ]

[ 2017-05-09T16:28:11+08:00 ] 127.0.0.1 /index.php/home/index/index
INFO: [ app_init ] --START--
INFO: Run Behavior\BuildLiteBehavior [ RunTime:0.000012s ]
INFO: [ app_init ] --END-- [ RunTime:0.000354s ]
INFO: [ app_begin ] --START--
INFO: Run Behavior\ReadHtmlCacheBehavior [ RunTime:0.000594s ]
INFO: [ app_begin ] --END-- [ RunTime:0.000643s ]
SQL: DESCRIBE p_category [ RunTime:0.510508s ]
SQL: SELECT * FROM `p_category`  [ RunTime:0.002440s ]
INFO: [ view_parse ] --START--
INFO: [ template_filter ] --START--
INFO: Run Behavior\ContentReplaceBehavior [ RunTime:0.000162s ]
INFO: [ template_filter ] --END-- [ RunTime:0.000211s ]
NOTIC: [8] Undefined variable: catData D:\httpd\Apache24\htdocs\zjxm\Application\Runtime\Cache\Home\2a94b8bda04ff446dcedd42276fc99ee.php 第 147 行.
NOTIC: [2] Invalid argument supplied for foreach() D:\httpd\Apache24\htdocs\zjxm\Application\Runtime\Cache\Home\2a94b8bda04ff446dcedd42276fc99ee.php 第 147 行.
NOTIC: [8] Undefined variable: goods1 D:\httpd\Apache24\htdocs\zjxm\Application\Runtime\Cache\Home\2a94b8bda04ff446dcedd42276fc99ee.php 第 333 行.
NOTIC: [2] Invalid argument supplied for foreach() D:\httpd\Apache24\htdocs\zjxm\Application\Runtime\Cache\Home\2a94b8bda04ff446dcedd42276fc99ee.php 第 333 行.
NOTIC: [8] Undefined variable: goods3 D:\httpd\Apache24\htdocs\zjxm\Application\Runtime\Cache\Home\2a94b8bda04ff446dcedd42276fc99ee.php 第 349 行.
NOTIC: [2] Invalid argument supplied for foreach() D:\httpd\Apache24\htdocs\zjxm\Application\Runtime\Cache\Home\2a94b8bda04ff446dcedd42276fc99ee.php 第 349 行.
NOTIC: [8] Undefined variable: goods4 D:\httpd\Apache24\htdocs\zjxm\Application\Runtime\Cache\Home\2a94b8bda04ff446dcedd42276fc99ee.php 第 365 行.
NOTIC: [2] Invalid argument supplied for foreach() D:\httpd\Apache24\htdocs\zjxm\Application\Runtime\Cache\Home\2a94b8bda04ff446dcedd42276fc99ee.php 第 365 行.
NOTIC: [8] Undefined variable: goods2 D:\httpd\Apache24\htdocs\zjxm\Application\Runtime\Cache\Home\2a94b8bda04ff446dcedd42276fc99ee.php 第 381 行.
NOTIC: [2] Invalid argument supplied for foreach() D:\httpd\Apache24\htdocs\zjxm\Application\Runtime\Cache\Home\2a94b8bda04ff446dcedd42276fc99ee.php 第 381 行.
NOTIC: [8] Undefined variable: floorData D:\httpd\Apache24\htdocs\zjxm\Application\Runtime\Cache\Home\2a94b8bda04ff446dcedd42276fc99ee.php 第 453 行.
NOTIC: [2] Invalid argument supplied for foreach() D:\httpd\Apache24\htdocs\zjxm\Application\Runtime\Cache\Home\2a94b8bda04ff446dcedd42276fc99ee.php 第 453 行.
INFO: Run Behavior\ParseTemplateBehavior [ RunTime:0.017404s ]
INFO: [ view_parse ] --END-- [ RunTime:0.017465s ]
INFO: [ view_filter ] --START--
INFO: Run Behavior\WriteHtmlCacheBehavior [ RunTime:0.000603s ]
INFO: [ view_filter ] --END-- [ RunTime:0.000640s ]
INFO: [ app_end ] --START--
INFO: Run Behavior\ShowPageTraceBehavior [ RunTime:0.001033s ]
INFO: [ app_end ] --END-- [ RunTime:0.001093s ]

[ 2017-05-09T16:28:12+08:00 ] 127.0.0.1 /index.php/home/index/index
INFO: [ app_init ] --START--
INFO: Run Behavior\BuildLiteBehavior [ RunTime:0.000012s ]
INFO: [ app_init ] --END-- [ RunTime:0.000377s ]
INFO: [ app_begin ] --START--
INFO: Run Behavior\ReadHtmlCacheBehavior [ RunTime:0.000721s ]
INFO: [ app_begin ] --END-- [ RunTime:0.000780s ]
SQL: DESCRIBE p_category [ RunTime:0.017221s ]
SQL: SELECT * FROM `p_category`  [ RunTime:0.000362s ]
INFO: [ view_parse ] --START--
INFO: [ template_filter ] --START--
INFO: Run Behavior\ContentReplaceBehavior [ RunTime:0.000158s ]
INFO: [ template_filter ] --END-- [ RunTime:0.000205s ]
NOTIC: [8] Undefined variable: catData D:\httpd\Apache24\htdocs\zjxm\Application\Runtime\Cache\Home\2a94b8bda04ff446dcedd42276fc99ee.php 第 147 行.
NOTIC: [2] Invalid argument supplied for foreach() D:\httpd\Apache24\htdocs\zjxm\Application\Runtime\Cache\Home\2a94b8bda04ff446dcedd42276fc99ee.php 第 147 行.
NOTIC: [8] Undefined variable: goods1 D:\httpd\Apache24\htdocs\zjxm\Application\Runtime\Cache\Home\2a94b8bda04ff446dcedd42276fc99ee.php 第 333 行.
NOTIC: [2] Invalid argument supplied for foreach() D:\httpd\Apache24\htdocs\zjxm\Application\Runtime\Cache\Home\2a94b8bda04ff446dcedd42276fc99ee.php 第 333 行.
NOTIC: [8] Undefined variable: goods3 D:\httpd\Apache24\htdocs\zjxm\Application\Runtime\Cache\Home\2a94b8bda04ff446dcedd42276fc99ee.php 第 349 行.
NOTIC: [2] Invalid argument supplied for foreach() D:\httpd\Apache24\htdocs\zjxm\Application\Runtime\Cache\Home\2a94b8bda04ff446dcedd42276fc99ee.php 第 349 行.
NOTIC: [8] Undefined variable: goods4 D:\httpd\Apache24\htdocs\zjxm\Application\Runtime\Cache\Home\2a94b8bda04ff446dcedd42276fc99ee.php 第 365 行.
NOTIC: [2] Invalid argument supplied for foreach() D:\httpd\Apache24\htdocs\zjxm\Application\Runtime\Cache\Home\2a94b8bda04ff446dcedd42276fc99ee.php 第 365 行.
NOTIC: [8] Undefined variable: goods2 D:\httpd\Apache24\htdocs\zjxm\Application\Runtime\Cache\Home\2a94b8bda04ff446dcedd42276fc99ee.php 第 381 行.
NOTIC: [2] Invalid argument supplied for foreach() D:\httpd\Apache24\htdocs\zjxm\Application\Runtime\Cache\Home\2a94b8bda04ff446dcedd42276fc99ee.php 第 381 行.
NOTIC: [8] Undefined variable: floorData D:\httpd\Apache24\htdocs\zjxm\Application\Runtime\Cache\Home\2a94b8bda04ff446dcedd42276fc99ee.php 第 453 行.
NOTIC: [2] Invalid argument supplied for foreach() D:\httpd\Apache24\htdocs\zjxm\Application\Runtime\Cache\Home\2a94b8bda04ff446dcedd42276fc99ee.php 第 453 行.
INFO: Run Behavior\ParseTemplateBehavior [ RunTime:0.017766s ]
INFO: [ view_parse ] --END-- [ RunTime:0.017841s ]
INFO: [ view_filter ] --START--
INFO: Run Behavior\WriteHtmlCacheBehavior [ RunTime:0.000390s ]
INFO: [ view_filter ] --END-- [ RunTime:0.000426s ]
INFO: [ app_end ] --START--
INFO: Run Behavior\ShowPageTraceBehavior [ RunTime:0.001579s ]
INFO: [ app_end ] --END-- [ RunTime:0.001756s ]

[ 2017-05-09T16:30:18+08:00 ] 127.0.0.1 /index.php/home/index/index
INFO: [ app_init ] --START--
INFO: Run Behavior\BuildLiteBehavior [ RunTime:0.000011s ]
INFO: [ app_init ] --END-- [ RunTime:0.000377s ]
INFO: [ app_begin ] --START--
INFO: Run Behavior\ReadHtmlCacheBehavior [ RunTime:0.000882s ]
INFO: [ app_begin ] --END-- [ RunTime:0.000961s ]
SQL: DESCRIBE p_category [ RunTime:0.023037s ]
SQL: SELECT * FROM `p_category`  [ RunTime:0.000441s ]
INFO: [ view_parse ] --START--
INFO: [ template_filter ] --START--
INFO: Run Behavior\ContentReplaceBehavior [ RunTime:0.000161s ]
INFO: [ template_filter ] --END-- [ RunTime:0.000210s ]
NOTIC: [8] Undefined variable: cateData D:\httpd\Apache24\htdocs\zjxm\Application\Runtime\Cache\Home\2a94b8bda04ff446dcedd42276fc99ee.php 第 147 行.
NOTIC: [2] Invalid argument supplied for foreach() D:\httpd\Apache24\htdocs\zjxm\Application\Runtime\Cache\Home\2a94b8bda04ff446dcedd42276fc99ee.php 第 147 行.
NOTIC: [8] Undefined variable: goods1 D:\httpd\Apache24\htdocs\zjxm\Application\Runtime\Cache\Home\2a94b8bda04ff446dcedd42276fc99ee.php 第 333 行.
NOTIC: [2] Invalid argument supplied for foreach() D:\httpd\Apache24\htdocs\zjxm\Application\Runtime\Cache\Home\2a94b8bda04ff446dcedd42276fc99ee.php 第 333 行.
NOTIC: [8] Undefined variable: goods3 D:\httpd\Apache24\htdocs\zjxm\Application\Runtime\Cache\Home\2a94b8bda04ff446dcedd42276fc99ee.php 第 349 行.
NOTIC: [2] Invalid argument supplied for foreach() D:\httpd\Apache24\htdocs\zjxm\Application\Runtime\Cache\Home\2a94b8bda04ff446dcedd42276fc99ee.php 第 349 行.
NOTIC: [8] Undefined variable: goods4 D:\httpd\Apache24\htdocs\zjxm\Application\Runtime\Cache\Home\2a94b8bda04ff446dcedd42276fc99ee.php 第 365 行.
NOTIC: [2] Invalid argument supplied for foreach() D:\httpd\Apache24\htdocs\zjxm\Application\Runtime\Cache\Home\2a94b8bda04ff446dcedd42276fc99ee.php 第 365 行.
NOTIC: [8] Undefined variable: goods2 D:\httpd\Apache24\htdocs\zjxm\Application\Runtime\Cache\Home\2a94b8bda04ff446dcedd42276fc99ee.php 第 381 行.
NOTIC: [2] Invalid argument supplied for foreach() D:\httpd\Apache24\htdocs\zjxm\Application\Runtime\Cache\Home\2a94b8bda04ff446dcedd42276fc99ee.php 第 381 行.
NOTIC: [8] Undefined variable: floorData D:\httpd\Apache24\htdocs\zjxm\Application\Runtime\Cache\Home\2a94b8bda04ff446dcedd42276fc99ee.php 第 453 行.
NOTIC: [2] Invalid argument supplied for foreach() D:\httpd\Apache24\htdocs\zjxm\Application\Runtime\Cache\Home\2a94b8bda04ff446dcedd42276fc99ee.php 第 453 行.
INFO: Run Behavior\ParseTemplateBehavior [ RunTime:0.018196s ]
INFO: [ view_parse ] --END-- [ RunTime:0.018248s ]
INFO: [ view_filter ] --START--
INFO: Run Behavior\WriteHtmlCacheBehavior [ RunTime:0.000426s ]
INFO: [ view_filter ] --END-- [ RunTime:0.000457s ]
INFO: [ app_end ] --START--
INFO: Run Behavior\ShowPageTraceBehavior [ RunTime:0.000870s ]
INFO: [ app_end ] --END-- [ RunTime:0.000939s ]

[ 2017-05-09T16:30:20+08:00 ] 127.0.0.1 /index.php/home/index/index
INFO: [ app_init ] --START--
INFO: Run Behavior\BuildLiteBehavior [ RunTime:0.000012s ]
INFO: [ app_init ] --END-- [ RunTime:0.000379s ]
INFO: [ app_begin ] --START--
INFO: Run Behavior\ReadHtmlCacheBehavior [ RunTime:0.000531s ]
INFO: [ app_begin ] --END-- [ RunTime:0.000572s ]
SQL: DESCRIBE p_category [ RunTime:0.005815s ]
SQL: SELECT * FROM `p_category`  [ RunTime:0.000461s ]
INFO: [ view_parse ] --START--
INFO: [ template_filter ] --START--
INFO: Run Behavior\ContentReplaceBehavior [ RunTime:0.000192s ]
INFO: [ template_filter ] --END-- [ RunTime:0.000240s ]
NOTIC: [8] Undefined variable: cateData D:\httpd\Apache24\htdocs\zjxm\Application\Runtime\Cache\Home\2a94b8bda04ff446dcedd42276fc99ee.php 第 147 行.
NOTIC: [2] Invalid argument supplied for foreach() D:\httpd\Apache24\htdocs\zjxm\Application\Runtime\Cache\Home\2a94b8bda04ff446dcedd42276fc99ee.php 第 147 行.
NOTIC: [8] Undefined variable: goods1 D:\httpd\Apache24\htdocs\zjxm\Application\Runtime\Cache\Home\2a94b8bda04ff446dcedd42276fc99ee.php 第 333 行.
NOTIC: [2] Invalid argument supplied for foreach() D:\httpd\Apache24\htdocs\zjxm\Application\Runtime\Cache\Home\2a94b8bda04ff446dcedd42276fc99ee.php 第 333 行.
NOTIC: [8] Undefined variable: goods3 D:\httpd\Apache24\htdocs\zjxm\Application\Runtime\Cache\Home\2a94b8bda04ff446dcedd42276fc99ee.php 第 349 行.
NOTIC: [2] Invalid argument supplied for foreach() D:\httpd\Apache24\htdocs\zjxm\Application\Runtime\Cache\Home\2a94b8bda04ff446dcedd42276fc99ee.php 第 349 行.
NOTIC: [8] Undefined variable: goods4 D:\httpd\Apache24\htdocs\zjxm\Application\Runtime\Cache\Home\2a94b8bda04ff446dcedd42276fc99ee.php 第 365 行.
NOTIC: [2] Invalid argument supplied for foreach() D:\httpd\Apache24\htdocs\zjxm\Application\Runtime\Cache\Home\2a94b8bda04ff446dcedd42276fc99ee.php 第 365 行.
NOTIC: [8] Undefined variable: goods2 D:\httpd\Apache24\htdocs\zjxm\Application\Runtime\Cache\Home\2a94b8bda04ff446dcedd42276fc99ee.php 第 381 行.
NOTIC: [2] Invalid argument supplied for foreach() D:\httpd\Apache24\htdocs\zjxm\Application\Runtime\Cache\Home\2a94b8bda04ff446dcedd42276fc99ee.php 第 381 行.
NOTIC: [8] Undefined variable: floorData D:\httpd\Apache24\htdocs\zjxm\Application\Runtime\Cache\Home\2a94b8bda04ff446dcedd42276fc99ee.php 第 453 行.
NOTIC: [2] Invalid argument supplied for foreach() D:\httpd\Apache24\htdocs\zjxm\Application\Runtime\Cache\Home\2a94b8bda04ff446dcedd42276fc99ee.php 第 453 行.
INFO: Run Behavior\ParseTemplateBehavior [ RunTime:0.015661s ]
INFO: [ view_parse ] --END-- [ RunTime:0.015715s ]
INFO: [ view_filter ] --START--
INFO: Run Behavior\WriteHtmlCacheBehavior [ RunTime:0.001147s ]
INFO: [ view_filter ] --END-- [ RunTime:0.001203s ]
INFO: [ app_end ] --START--
INFO: Run Behavior\ShowPageTraceBehavior [ RunTime:0.000877s ]
INFO: [ app_end ] --END-- [ RunTime:0.000955s ]

[ 2017-05-09T16:30:21+08:00 ] 127.0.0.1 /index.php/home/index/index
INFO: [ app_init ] --START--
INFO: Run Behavior\BuildLiteBehavior [ RunTime:0.000014s ]
INFO: [ app_init ] --END-- [ RunTime:0.000380s ]
INFO: [ app_begin ] --START--
INFO: Run Behavior\ReadHtmlCacheBehavior [ RunTime:0.000479s ]
INFO: [ app_begin ] --END-- [ RunTime:0.000529s ]
SQL: DESCRIBE p_category [ RunTime:0.024038s ]
SQL: SELECT * FROM `p_category`  [ RunTime:0.000389s ]
INFO: [ view_parse ] --START--
INFO: [ template_filter ] --START--
INFO: Run Behavior\ContentReplaceBehavior [ RunTime:0.000184s ]
INFO: [ template_filter ] --END-- [ RunTime:0.000239s ]
NOTIC: [8] Undefined variable: cateData D:\httpd\Apache24\htdocs\zjxm\Application\Runtime\Cache\Home\2a94b8bda04ff446dcedd42276fc99ee.php 第 147 行.
NOTIC: [2] Invalid argument supplied for foreach() D:\httpd\Apache24\htdocs\zjxm\Application\Runtime\Cache\Home\2a94b8bda04ff446dcedd42276fc99ee.php 第 147 行.
NOTIC: [8] Undefined variable: goods1 D:\httpd\Apache24\htdocs\zjxm\Application\Runtime\Cache\Home\2a94b8bda04ff446dcedd42276fc99ee.php 第 333 行.
NOTIC: [2] Invalid argument supplied for foreach() D:\httpd\Apache24\htdocs\zjxm\Application\Runtime\Cache\Home\2a94b8bda04ff446dcedd42276fc99ee.php 第 333 行.
NOTIC: [8] Undefined variable: goods3 D:\httpd\Apache24\htdocs\zjxm\Application\Runtime\Cache\Home\2a94b8bda04ff446dcedd42276fc99ee.php 第 349 行.
NOTIC: [2] Invalid argument supplied for foreach() D:\httpd\Apache24\htdocs\zjxm\Application\Runtime\Cache\Home\2a94b8bda04ff446dcedd42276fc99ee.php 第 349 行.
NOTIC: [8] Undefined variable: goods4 D:\httpd\Apache24\htdocs\zjxm\Application\Runtime\Cache\Home\2a94b8bda04ff446dcedd42276fc99ee.php 第 365 行.
NOTIC: [2] Invalid argument supplied for foreach() D:\httpd\Apache24\htdocs\zjxm\Application\Runtime\Cache\Home\2a94b8bda04ff446dcedd42276fc99ee.php 第 365 行.
NOTIC: [8] Undefined variable: goods2 D:\httpd\Apache24\htdocs\zjxm\Application\Runtime\Cache\Home\2a94b8bda04ff446dcedd42276fc99ee.php 第 381 行.
NOTIC: [2] Invalid argument supplied for foreach() D:\httpd\Apache24\htdocs\zjxm\Application\Runtime\Cache\Home\2a94b8bda04ff446dcedd42276fc99ee.php 第 381 行.
NOTIC: [8] Undefined variable: floorData D:\httpd\Apache24\htdocs\zjxm\Application\Runtime\Cache\Home\2a94b8bda04ff446dcedd42276fc99ee.php 第 453 行.
NOTIC: [2] Invalid argument supplied for foreach() D:\httpd\Apache24\htdocs\zjxm\Application\Runtime\Cache\Home\2a94b8bda04ff446dcedd42276fc99ee.php 第 453 行.
INFO: Run Behavior\ParseTemplateBehavior [ RunTime:0.016133s ]
INFO: [ view_parse ] --END-- [ RunTime:0.016178s ]
INFO: [ view_filter ] --START--
INFO: Run Behavior\WriteHtmlCacheBehavior [ RunTime:0.000376s ]
INFO: [ view_filter ] --END-- [ RunTime:0.000406s ]
INFO: [ app_end ] --START--
INFO: Run Behavior\ShowPageTraceBehavior [ RunTime:0.000876s ]
INFO: [ app_end ] --END-- [ RunTime:0.000966s ]

[ 2017-05-09T16:30:22+08:00 ] 127.0.0.1 /index.php/home/index/index
INFO: [ app_init ] --START--
INFO: Run Behavior\BuildLiteBehavior [ RunTime:0.000012s ]
INFO: [ app_init ] --END-- [ RunTime:0.000357s ]
INFO: [ app_begin ] --START--
INFO: Run Behavior\ReadHtmlCacheBehavior [ RunTime:0.000815s ]
INFO: [ app_begin ] --END-- [ RunTime:0.000879s ]
SQL: DESCRIBE p_category [ RunTime:0.033647s ]
SQL: SELECT * FROM `p_category`  [ RunTime:0.000427s ]
INFO: [ view_parse ] --START--
INFO: [ template_filter ] --START--
INFO: Run Behavior\ContentReplaceBehavior [ RunTime:0.000165s ]
INFO: [ template_filter ] --END-- [ RunTime:0.000217s ]
NOTIC: [8] Undefined variable: cateData D:\httpd\Apache24\htdocs\zjxm\Application\Runtime\Cache\Home\2a94b8bda04ff446dcedd42276fc99ee.php 第 147 行.
NOTIC: [2] Invalid argument supplied for foreach() D:\httpd\Apache24\htdocs\zjxm\Application\Runtime\Cache\Home\2a94b8bda04ff446dcedd42276fc99ee.php 第 147 行.
NOTIC: [8] Undefined variable: goods1 D:\httpd\Apache24\htdocs\zjxm\Application\Runtime\Cache\Home\2a94b8bda04ff446dcedd42276fc99ee.php 第 333 行.
NOTIC: [2] Invalid argument supplied for foreach() D:\httpd\Apache24\htdocs\zjxm\Application\Runtime\Cache\Home\2a94b8bda04ff446dcedd42276fc99ee.php 第 333 行.
NOTIC: [8] Undefined variable: goods3 D:\httpd\Apache24\htdocs\zjxm\Application\Runtime\Cache\Home\2a94b8bda04ff446dcedd42276fc99ee.php 第 349 行.
NOTIC: [2] Invalid argument supplied for foreach() D:\httpd\Apache24\htdocs\zjxm\Application\Runtime\Cache\Home\2a94b8bda04ff446dcedd42276fc99ee.php 第 349 行.
NOTIC: [8] Undefined variable: goods4 D:\httpd\Apache24\htdocs\zjxm\Application\Runtime\Cache\Home\2a94b8bda04ff446dcedd42276fc99ee.php 第 365 行.
NOTIC: [2] Invalid argument supplied for foreach() D:\httpd\Apache24\htdocs\zjxm\Application\Runtime\Cache\Home\2a94b8bda04ff446dcedd42276fc99ee.php 第 365 行.
NOTIC: [8] Undefined variable: goods2 D:\httpd\Apache24\htdocs\zjxm\Application\Runtime\Cache\Home\2a94b8bda04ff446dcedd42276fc99ee.php 第 381 行.
NOTIC: [2] Invalid argument supplied for foreach() D:\httpd\Apache24\htdocs\zjxm\Application\Runtime\Cache\Home\2a94b8bda04ff446dcedd42276fc99ee.php 第 381 行.
NOTIC: [8] Undefined variable: floorData D:\httpd\Apache24\htdocs\zjxm\Application\Runtime\Cache\Home\2a94b8bda04ff446dcedd42276fc99ee.php 第 453 行.
NOTIC: [2] Invalid argument supplied for foreach() D:\httpd\Apache24\htdocs\zjxm\Application\Runtime\Cache\Home\2a94b8bda04ff446dcedd42276fc99ee.php 第 453 行.
INFO: Run Behavior\ParseTemplateBehavior [ RunTime:0.033679s ]
INFO: [ view_parse ] --END-- [ RunTime:0.033746s ]
INFO: [ view_filter ] --START--
INFO: Run Behavior\WriteHtmlCacheBehavior [ RunTime:0.000874s ]
INFO: [ view_filter ] --END-- [ RunTime:0.000919s ]
INFO: [ app_end ] --START--
INFO: Run Behavior\ShowPageTraceBehavior [ RunTime:0.001240s ]
INFO: [ app_end ] --END-- [ RunTime:0.001311s ]

[ 2017-05-09T16:30:23+08:00 ] 127.0.0.1 /index.php/home/index/index
INFO: [ app_init ] --START--
INFO: Run Behavior\BuildLiteBehavior [ RunTime:0.000027s ]
INFO: [ app_init ] --END-- [ RunTime:0.000602s ]
INFO: [ app_begin ] --START--
INFO: Run Behavior\ReadHtmlCacheBehavior [ RunTime:0.000747s ]
INFO: [ app_begin ] --END-- [ RunTime:0.000805s ]
SQL: DESCRIBE p_category [ RunTime:0.004106s ]
SQL: SELECT * FROM `p_category`  [ RunTime:0.000443s ]
INFO: [ view_parse ] --START--
INFO: [ template_filter ] --START--
INFO: Run Behavior\ContentReplaceBehavior [ RunTime:0.000201s ]
INFO: [ template_filter ] --END-- [ RunTime:0.000251s ]
NOTIC: [8] Undefined variable: cateData D:\httpd\Apache24\htdocs\zjxm\Application\Runtime\Cache\Home\2a94b8bda04ff446dcedd42276fc99ee.php 第 147 行.
NOTIC: [2] Invalid argument supplied for foreach() D:\httpd\Apache24\htdocs\zjxm\Application\Runtime\Cache\Home\2a94b8bda04ff446dcedd42276fc99ee.php 第 147 行.
NOTIC: [8] Undefined variable: goods1 D:\httpd\Apache24\htdocs\zjxm\Application\Runtime\Cache\Home\2a94b8bda04ff446dcedd42276fc99ee.php 第 333 行.
NOTIC: [2] Invalid argument supplied for foreach() D:\httpd\Apache24\htdocs\zjxm\Application\Runtime\Cache\Home\2a94b8bda04ff446dcedd42276fc99ee.php 第 333 行.
NOTIC: [8] Undefined variable: goods3 D:\httpd\Apache24\htdocs\zjxm\Application\Runtime\Cache\Home\2a94b8bda04ff446dcedd42276fc99ee.php 第 349 行.
NOTIC: [2] Invalid argument supplied for foreach() D:\httpd\Apache24\htdocs\zjxm\Application\Runtime\Cache\Home\2a94b8bda04ff446dcedd42276fc99ee.php 第 349 行.
NOTIC: [8] Undefined variable: goods4 D:\httpd\Apache24\htdocs\zjxm\Application\Runtime\Cache\Home\2a94b8bda04ff446dcedd42276fc99ee.php 第 365 行.
NOTIC: [2] Invalid argument supplied for foreach() D:\httpd\Apache24\htdocs\zjxm\Application\Runtime\Cache\Home\2a94b8bda04ff446dcedd42276fc99ee.php 第 365 行.
NOTIC: [8] Undefined variable: goods2 D:\httpd\Apache24\htdocs\zjxm\Application\Runtime\Cache\Home\2a94b8bda04ff446dcedd42276fc99ee.php 第 381 行.
NOTIC: [2] Invalid argument supplied for foreach() D:\httpd\Apache24\htdocs\zjxm\Application\Runtime\Cache\Home\2a94b8bda04ff446dcedd42276fc99ee.php 第 381 行.
NOTIC: [8] Undefined variable: floorData D:\httpd\Apache24\htdocs\zjxm\Application\Runtime\Cache\Home\2a94b8bda04ff446dcedd42276fc99ee.php 第 453 行.
NOTIC: [2] Invalid argument supplied for foreach() D:\httpd\Apache24\htdocs\zjxm\Application\Runtime\Cache\Home\2a94b8bda04ff446dcedd42276fc99ee.php 第 453 行.
INFO: Run Behavior\ParseTemplateBehavior [ RunTime:0.035404s ]
INFO: [ view_parse ] --END-- [ RunTime:0.035470s ]
INFO: [ view_filter ] --START--
INFO: Run Behavior\WriteHtmlCacheBehavior [ RunTime:0.000654s ]
INFO: [ view_filter ] --END-- [ RunTime:0.000694s ]
INFO: [ app_end ] --START--
INFO: Run Behavior\ShowPageTraceBehavior [ RunTime:0.001365s ]
INFO: [ app_end ] --END-- [ RunTime:0.001486s ]

[ 2017-05-09T16:30:23+08:00 ] 127.0.0.1 /index.php/home/index/index
INFO: [ app_init ] --START--
INFO: Run Behavior\BuildLiteBehavior [ RunTime:0.000040s ]
INFO: [ app_init ] --END-- [ RunTime:0.000419s ]
INFO: [ app_begin ] --START--
INFO: Run Behavior\ReadHtmlCacheBehavior [ RunTime:0.000672s ]
INFO: [ app_begin ] --END-- [ RunTime:0.000723s ]
SQL: DESCRIBE p_category [ RunTime:0.005087s ]
SQL: SELECT * FROM `p_category`  [ RunTime:0.000513s ]
INFO: [ view_parse ] --START--
INFO: [ template_filter ] --START--
INFO: Run Behavior\ContentReplaceBehavior [ RunTime:0.000723s ]
INFO: [ template_filter ] --END-- [ RunTime:0.000795s ]
NOTIC: [8] Undefined variable: cateData D:\httpd\Apache24\htdocs\zjxm\Application\Runtime\Cache\Home\2a94b8bda04ff446dcedd42276fc99ee.php 第 147 行.
NOTIC: [2] Invalid argument supplied for foreach() D:\httpd\Apache24\htdocs\zjxm\Application\Runtime\Cache\Home\2a94b8bda04ff446dcedd42276fc99ee.php 第 147 行.
NOTIC: [8] Undefined variable: goods1 D:\httpd\Apache24\htdocs\zjxm\Application\Runtime\Cache\Home\2a94b8bda04ff446dcedd42276fc99ee.php 第 333 行.
NOTIC: [2] Invalid argument supplied for foreach() D:\httpd\Apache24\htdocs\zjxm\Application\Runtime\Cache\Home\2a94b8bda04ff446dcedd42276fc99ee.php 第 333 行.
NOTIC: [8] Undefined variable: goods3 D:\httpd\Apache24\htdocs\zjxm\Application\Runtime\Cache\Home\2a94b8bda04ff446dcedd42276fc99ee.php 第 349 行.
NOTIC: [2] Invalid argument supplied for foreach() D:\httpd\Apache24\htdocs\zjxm\Application\Runtime\Cache\Home\2a94b8bda04ff446dcedd42276fc99ee.php 第 349 行.
NOTIC: [8] Undefined variable: goods4 D:\httpd\Apache24\htdocs\zjxm\Application\Runtime\Cache\Home\2a94b8bda04ff446dcedd42276fc99ee.php 第 365 行.
NOTIC: [2] Invalid argument supplied for foreach() D:\httpd\Apache24\htdocs\zjxm\Application\Runtime\Cache\Home\2a94b8bda04ff446dcedd42276fc99ee.php 第 365 行.
NOTIC: [8] Undefined variable: goods2 D:\httpd\Apache24\htdocs\zjxm\Application\Runtime\Cache\Home\2a94b8bda04ff446dcedd42276fc99ee.php 第 381 行.
NOTIC: [2] Invalid argument supplied for foreach() D:\httpd\Apache24\htdocs\zjxm\Application\Runtime\Cache\Home\2a94b8bda04ff446dcedd42276fc99ee.php 第 381 行.
NOTIC: [8] Undefined variable: floorData D:\httpd\Apache24\htdocs\zjxm\Application\Runtime\Cache\Home\2a94b8bda04ff446dcedd42276fc99ee.php 第 453 行.
NOTIC: [2] Invalid argument supplied for foreach() D:\httpd\Apache24\htdocs\zjxm\Application\Runtime\Cache\Home\2a94b8bda04ff446dcedd42276fc99ee.php 第 453 行.
INFO: Run Behavior\ParseTemplateBehavior [ RunTime:0.021759s ]
INFO: [ view_parse ] --END-- [ RunTime:0.021821s ]
INFO: [ view_filter ] --START--
INFO: Run Behavior\WriteHtmlCacheBehavior [ RunTime:0.000387s ]
INFO: [ view_filter ] --END-- [ RunTime:0.000420s ]
INFO: [ app_end ] --START--
INFO: Run Behavior\ShowPageTraceBehavior [ RunTime:0.001035s ]
INFO: [ app_end ] --END-- [ RunTime:0.001104s ]

[ 2017-05-09T16:32:23+08:00 ] 127.0.0.1 /index.php/home/index/index
INFO: [ app_init ] --START--
INFO: Run Behavior\BuildLiteBehavior [ RunTime:0.000014s ]
INFO: [ app_init ] --END-- [ RunTime:0.000435s ]
INFO: [ app_begin ] --START--
INFO: Run Behavior\ReadHtmlCacheBehavior [ RunTime:0.001099s ]
INFO: [ app_begin ] --END-- [ RunTime:0.001154s ]
SQL: DESCRIBE p_category [ RunTime:0.017135s ]
SQL: SELECT * FROM `p_category`  [ RunTime:0.000946s ]
INFO: [ view_parse ] --START--
INFO: [ template_filter ] --START--
INFO: Run Behavior\ContentReplaceBehavior [ RunTime:0.000186s ]
INFO: [ template_filter ] --END-- [ RunTime:0.000244s ]
NOTIC: [8] Undefined index: children D:\httpd\Apache24\htdocs\zjxm\Application\Runtime\Cache\Home\2a94b8bda04ff446dcedd42276fc99ee.php 第 155 行.
NOTIC: [2] Invalid argument supplied for foreach() D:\httpd\Apache24\htdocs\zjxm\Application\Runtime\Cache\Home\2a94b8bda04ff446dcedd42276fc99ee.php 第 155 行.
NOTIC: [8] Undefined index: children D:\httpd\Apache24\htdocs\zjxm\Application\Runtime\Cache\Home\2a94b8bda04ff446dcedd42276fc99ee.php 第 155 行.
NOTIC: [2] Invalid argument supplied for foreach() D:\httpd\Apache24\htdocs\zjxm\Application\Runtime\Cache\Home\2a94b8bda04ff446dcedd42276fc99ee.php 第 155 行.
NOTIC: [8] Undefined index: children D:\httpd\Apache24\htdocs\zjxm\Application\Runtime\Cache\Home\2a94b8bda04ff446dcedd42276fc99ee.php 第 155 行.
NOTIC: [2] Invalid argument supplied for foreach() D:\httpd\Apache24\htdocs\zjxm\Application\Runtime\Cache\Home\2a94b8bda04ff446dcedd42276fc99ee.php 第 155 行.
NOTIC: [8] Undefined index: children D:\httpd\Apache24\htdocs\zjxm\Application\Runtime\Cache\Home\2a94b8bda04ff446dcedd42276fc99ee.php 第 155 行.
NOTIC: [2] Invalid argument supplied for foreach() D:\httpd\Apache24\htdocs\zjxm\Application\Runtime\Cache\Home\2a94b8bda04ff446dcedd42276fc99ee.php 第 155 行.
NOTIC: [8] Undefined index: children D:\httpd\Apache24\htdocs\zjxm\Application\Runtime\Cache\Home\2a94b8bda04ff446dcedd42276fc99ee.php 第 155 行.
NOTIC: [2] Invalid argument supplied for foreach() D:\httpd\Apache24\htdocs\zjxm\Application\Runtime\Cache\Home\2a94b8bda04ff446dcedd42276fc99ee.php 第 155 行.
NOTIC: [8] Undefined index: children D:\httpd\Apache24\htdocs\zjxm\Application\Runtime\Cache\Home\2a94b8bda04ff446dcedd42276fc99ee.php 第 151 行.
NOTIC: [2] Invalid argument supplied for foreach() D:\httpd\Apache24\htdocs\zjxm\Application\Runtime\Cache\Home\2a94b8bda04ff446dcedd42276fc99ee.php 第 151 行.
NOTIC: [8] Undefined index: children D:\httpd\Apache24\htdocs\zjxm\Application\Runtime\Cache\Home\2a94b8bda04ff446dcedd42276fc99ee.php 第 151 行.
NOTIC: [2] Invalid argument supplied for foreach() D:\httpd\Apache24\htdocs\zjxm\Application\Runtime\Cache\Home\2a94b8bda04ff446dcedd42276fc99ee.php 第 151 行.
NOTIC: [8] Undefined index: children D:\httpd\Apache24\htdocs\zjxm\Application\Runtime\Cache\Home\2a94b8bda04ff446dcedd42276fc99ee.php 第 151 行.
NOTIC: [2] Invalid argument supplied for foreach() D:\httpd\Apache24\htdocs\zjxm\Application\Runtime\Cache\Home\2a94b8bda04ff446dcedd42276fc99ee.php 第 151 行.
NOTIC: [8] Undefined index: children D:\httpd\Apache24\htdocs\zjxm\Application\Runtime\Cache\Home\2a94b8bda04ff446dcedd42276fc99ee.php 第 151 行.
NOTIC: [2] Invalid argument supplied for foreach() D:\httpd\Apache24\htdocs\zjxm\Application\Runtime\Cache\Home\2a94b8bda04ff446dcedd42276fc99ee.php 第 151 行.
NOTIC: [8] Undefined index: children D:\httpd\Apache24\htdocs\zjxm\Application\Runtime\Cache\Home\2a94b8bda04ff446dcedd42276fc99ee.php 第 151 行.
NOTIC: [2] Invalid argument supplied for foreach() D:\httpd\Apache24\htdocs\zjxm\Application\Runtime\Cache\Home\2a94b8bda04ff446dcedd42276fc99ee.php 第 151 行.
NOTIC: [8] Undefined index: children D:\httpd\Apache24\htdocs\zjxm\Application\Runtime\Cache\Home\2a94b8bda04ff446dcedd42276fc99ee.php 第 151 行.
NOTIC: [2] Invalid argument supplied for foreach() D:\httpd\Apache24\htdocs\zjxm\Application\Runtime\Cache\Home\2a94b8bda04ff446dcedd42276fc99ee.php 第 151 行.
NOTIC: [8] Undefined index: children D:\httpd\Apache24\htdocs\zjxm\Application\Runtime\Cache\Home\2a94b8bda04ff446dcedd42276fc99ee.php 第 151 行.
NOTIC: [2] Invalid argument supplied for foreach() D:\httpd\Apache24\htdocs\zjxm\Application\Runtime\Cache\Home\2a94b8bda04ff446dcedd42276fc99ee.php 第 151 行.
NOTIC: [8] Undefined index: children D:\httpd\Apache24\htdocs\zjxm\Application\Runtime\Cache\Home\2a94b8bda04ff446dcedd42276fc99ee.php 第 151 行.
NOTIC: [2] Invalid argument supplied for foreach() D:\httpd\Apache24\htdocs\zjxm\Application\Runtime\Cache\Home\2a94b8bda04ff446dcedd42276fc99ee.php 第 151 行.
NOTIC: [8] Undefined index: children D:\httpd\Apache24\htdocs\zjxm\Application\Runtime\Cache\Home\2a94b8bda04ff446dcedd42276fc99ee.php 第 151 行.
NOTIC: [2] Invalid argument supplied for foreach() D:\httpd\Apache24\htdocs\zjxm\Application\Runtime\Cache\Home\2a94b8bda04ff446dcedd42276fc99ee.php 第 151 行.
NOTIC: [8] Undefined index: children D:\httpd\Apache24\htdocs\zjxm\Application\Runtime\Cache\Home\2a94b8bda04ff446dcedd42276fc99ee.php 第 151 行.
NOTIC: [2] Invalid argument supplied for foreach() D:\httpd\Apache24\htdocs\zjxm\Application\Runtime\Cache\Home\2a94b8bda04ff446dcedd42276fc99ee.php 第 151 行.
NOTIC: [8] Undefined index: children D:\httpd\Apache24\htdocs\zjxm\Application\Runtime\Cache\Home\2a94b8bda04ff446dcedd42276fc99ee.php 第 151 行.
NOTIC: [2] Invalid argument supplied for foreach() D:\httpd\Apache24\htdocs\zjxm\Application\Runtime\Cache\Home\2a94b8bda04ff446dcedd42276fc99ee.php 第 151 行.
NOTIC: [8] Undefined index: children D:\httpd\Apache24\htdocs\zjxm\Application\Runtime\Cache\Home\2a94b8bda04ff446dcedd42276fc99ee.php 第 151 行.
NOTIC: [2] Invalid argument supplied for foreach() D:\httpd\Apache24\htdocs\zjxm\Application\Runtime\Cache\Home\2a94b8bda04ff446dcedd42276fc99ee.php 第 151 行.
NOTIC: [8] Undefined variable: goods1 D:\httpd\Apache24\htdocs\zjxm\Application\Runtime\Cache\Home\2a94b8bda04ff446dcedd42276fc99ee.php 第 333 行.
NOTIC: [2] Invalid argument supplied for foreach() D:\httpd\Apache24\htdocs\zjxm\Application\Runtime\Cache\Home\2a94b8bda04ff446dcedd42276fc99ee.php 第 333 行.
NOTIC: [8] Undefined variable: goods3 D:\httpd\Apache24\htdocs\zjxm\Application\Runtime\Cache\Home\2a94b8bda04ff446dcedd42276fc99ee.php 第 349 行.
NOTIC: [2] Invalid argument supplied for foreach() D:\httpd\Apache24\htdocs\zjxm\Application\Runtime\Cache\Home\2a94b8bda04ff446dcedd42276fc99ee.php 第 349 行.
NOTIC: [8] Undefined variable: goods4 D:\httpd\Apache24\htdocs\zjxm\Application\Runtime\Cache\Home\2a94b8bda04ff446dcedd42276fc99ee.php 第 365 行.
NOTIC: [2] Invalid argument supplied for foreach() D:\httpd\Apache24\htdocs\zjxm\Application\Runtime\Cache\Home\2a94b8bda04ff446dcedd42276fc99ee.php 第 365 行.
NOTIC: [8] Undefined variable: goods2 D:\httpd\Apache24\htdocs\zjxm\Application\Runtime\Cache\Home\2a94b8bda04ff446dcedd42276fc99ee.php 第 381 行.
NOTIC: [2] Invalid argument supplied for foreach() D:\httpd\Apache24\htdocs\zjxm\Application\Runtime\Cache\Home\2a94b8bda04ff446dcedd42276fc99ee.php 第 381 行.
NOTIC: [8] Undefined variable: floorData D:\httpd\Apache24\htdocs\zjxm\Application\Runtime\Cache\Home\2a94b8bda04ff446dcedd42276fc99ee.php 第 453 行.
NOTIC: [2] Invalid argument supplied for foreach() D:\httpd\Apache24\htdocs\zjxm\Application\Runtime\Cache\Home\2a94b8bda04ff446dcedd42276fc99ee.php 第 453 行.
INFO: Run Behavior\ParseTemplateBehavior [ RunTime:0.017757s ]
INFO: [ view_parse ] --END-- [ RunTime:0.017802s ]
INFO: [ view_filter ] --START--
INFO: Run Behavior\WriteHtmlCacheBehavior [ RunTime:0.000688s ]
INFO: [ view_filter ] --END-- [ RunTime:0.000725s ]
INFO: [ app_end ] --START--
INFO: Run Behavior\ShowPageTraceBehavior [ RunTime:0.001363s ]
INFO: [ app_end ] --END-- [ RunTime:0.001461s ]

[ 2017-05-09T16:32:53+08:00 ] 127.0.0.1 /index.php/home/index/goods
INFO: [ app_init ] --START--
INFO: Run Behavior\BuildLiteBehavior [ RunTime:0.000021s ]
INFO: [ app_init ] --END-- [ RunTime:0.001442s ]
INFO: [ app_begin ] --START--
INFO: Run Behavior\ReadHtmlCacheBehavior [ RunTime:0.000958s ]
INFO: [ app_begin ] --END-- [ RunTime:0.001056s ]
SQL: DESCRIBE p_category [ RunTime:0.091198s ]
SQL: SELECT * FROM `p_category`  [ RunTime:0.000319s ]
INFO: [ view_parse ] --START--
INFO: [ template_filter ] --START--
INFO: Run Behavior\ContentReplaceBehavior [ RunTime:0.000238s ]
INFO: [ template_filter ] --END-- [ RunTime:0.000295s ]
NOTIC: [8] Undefined index: children D:\httpd\Apache24\htdocs\zjxm\Application\Runtime\Cache\Home\862a52d698112494831f0f0bc6d3727d.php 第 171 行.
NOTIC: [2] Invalid argument supplied for foreach() D:\httpd\Apache24\htdocs\zjxm\Application\Runtime\Cache\Home\862a52d698112494831f0f0bc6d3727d.php 第 171 行.
NOTIC: [8] Undefined index: children D:\httpd\Apache24\htdocs\zjxm\Application\Runtime\Cache\Home\862a52d698112494831f0f0bc6d3727d.php 第 171 行.
NOTIC: [2] Invalid argument supplied for foreach() D:\httpd\Apache24\htdocs\zjxm\Application\Runtime\Cache\Home\862a52d698112494831f0f0bc6d3727d.php 第 171 行.
NOTIC: [8] Undefined index: children D:\httpd\Apache24\htdocs\zjxm\Application\Runtime\Cache\Home\862a52d698112494831f0f0bc6d3727d.php 第 171 行.
NOTIC: [2] Invalid argument supplied for foreach() D:\httpd\Apache24\htdocs\zjxm\Application\Runtime\Cache\Home\862a52d698112494831f0f0bc6d3727d.php 第 171 行.
NOTIC: [8] Undefined index: children D:\httpd\Apache24\htdocs\zjxm\Application\Runtime\Cache\Home\862a52d698112494831f0f0bc6d3727d.php 第 171 行.
NOTIC: [2] Invalid argument supplied for foreach() D:\httpd\Apache24\htdocs\zjxm\Application\Runtime\Cache\Home\862a52d698112494831f0f0bc6d3727d.php 第 171 行.
NOTIC: [8] Undefined index: children D:\httpd\Apache24\htdocs\zjxm\Application\Runtime\Cache\Home\862a52d698112494831f0f0bc6d3727d.php 第 171 行.
NOTIC: [2] Invalid argument supplied for foreach() D:\httpd\Apache24\htdocs\zjxm\Application\Runtime\Cache\Home\862a52d698112494831f0f0bc6d3727d.php 第 171 行.
NOTIC: [8] Undefined index: children D:\httpd\Apache24\htdocs\zjxm\Application\Runtime\Cache\Home\862a52d698112494831f0f0bc6d3727d.php 第 167 行.
NOTIC: [2] Invalid argument supplied for foreach() D:\httpd\Apache24\htdocs\zjxm\Application\Runtime\Cache\Home\862a52d698112494831f0f0bc6d3727d.php 第 167 行.
NOTIC: [8] Undefined index: children D:\httpd\Apache24\htdocs\zjxm\Application\Runtime\Cache\Home\862a52d698112494831f0f0bc6d3727d.php 第 167 行.
NOTIC: [2] Invalid argument supplied for foreach() D:\httpd\Apache24\htdocs\zjxm\Application\Runtime\Cache\Home\862a52d698112494831f0f0bc6d3727d.php 第 167 行.
NOTIC: [8] Undefined index: children D:\httpd\Apache24\htdocs\zjxm\Application\Runtime\Cache\Home\862a52d698112494831f0f0bc6d3727d.php 第 167 行.
NOTIC: [2] Invalid argument supplied for foreach() D:\httpd\Apache24\htdocs\zjxm\Application\Runtime\Cache\Home\862a52d698112494831f0f0bc6d3727d.php 第 167 行.
NOTIC: [8] Undefined index: children D:\httpd\Apache24\htdocs\zjxm\Application\Runtime\Cache\Home\862a52d698112494831f0f0bc6d3727d.php 第 167 行.
NOTIC: [2] Invalid argument supplied for foreach() D:\httpd\Apache24\htdocs\zjxm\Application\Runtime\Cache\Home\862a52d698112494831f0f0bc6d3727d.php 第 167 行.
NOTIC: [8] Undefined index: children D:\httpd\Apache24\htdocs\zjxm\Application\Runtime\Cache\Home\862a52d698112494831f0f0bc6d3727d.php 第 167 行.
NOTIC: [2] Invalid argument supplied for foreach() D:\httpd\Apache24\htdocs\zjxm\Application\Runtime\Cache\Home\862a52d698112494831f0f0bc6d3727d.php 第 167 行.
NOTIC: [8] Undefined index: children D:\httpd\Apache24\htdocs\zjxm\Application\Runtime\Cache\Home\862a52d698112494831f0f0bc6d3727d.php 第 167 行.
NOTIC: [2] Invalid argument supplied for foreach() D:\httpd\Apache24\htdocs\zjxm\Application\Runtime\Cache\Home\862a52d698112494831f0f0bc6d3727d.php 第 167 行.
NOTIC: [8] Undefined index: children D:\httpd\Apache24\htdocs\zjxm\Application\Runtime\Cache\Home\862a52d698112494831f0f0bc6d3727d.php 第 167 行.
NOTIC: [2] Invalid argument supplied for foreach() D:\httpd\Apache24\htdocs\zjxm\Application\Runtime\Cache\Home\862a52d698112494831f0f0bc6d3727d.php 第 167 行.
NOTIC: [8] Undefined index: children D:\httpd\Apache24\htdocs\zjxm\Application\Runtime\Cache\Home\862a52d698112494831f0f0bc6d3727d.php 第 167 行.
NOTIC: [2] Invalid argument supplied for foreach() D:\httpd\Apache24\htdocs\zjxm\Application\Runtime\Cache\Home\862a52d698112494831f0f0bc6d3727d.php 第 167 行.
NOTIC: [8] Undefined index: children D:\httpd\Apache24\htdocs\zjxm\Application\Runtime\Cache\Home\862a52d698112494831f0f0bc6d3727d.php 第 167 行.
NOTIC: [2] Invalid argument supplied for foreach() D:\httpd\Apache24\htdocs\zjxm\Application\Runtime\Cache\Home\862a52d698112494831f0f0bc6d3727d.php 第 167 行.
NOTIC: [8] Undefined index: children D:\httpd\Apache24\htdocs\zjxm\Application\Runtime\Cache\Home\862a52d698112494831f0f0bc6d3727d.php 第 167 行.
NOTIC: [2] Invalid argument supplied for foreach() D:\httpd\Apache24\htdocs\zjxm\Application\Runtime\Cache\Home\862a52d698112494831f0f0bc6d3727d.php 第 167 行.
NOTIC: [8] Undefined index: children D:\httpd\Apache24\htdocs\zjxm\Application\Runtime\Cache\Home\862a52d698112494831f0f0bc6d3727d.php 第 167 行.
NOTIC: [2] Invalid argument supplied for foreach() D:\httpd\Apache24\htdocs\zjxm\Application\Runtime\Cache\Home\862a52d698112494831f0f0bc6d3727d.php 第 167 行.
NOTIC: [8] Undefined index: children D:\httpd\Apache24\htdocs\zjxm\Application\Runtime\Cache\Home\862a52d698112494831f0f0bc6d3727d.php 第 167 行.
NOTIC: [2] Invalid argument supplied for foreach() D:\httpd\Apache24\htdocs\zjxm\Application\Runtime\Cache\Home\862a52d698112494831f0f0bc6d3727d.php 第 167 行.
NOTIC: [8] Undefined variable: catPath D:\httpd\Apache24\htdocs\zjxm\Application\Runtime\Cache\Home\862a52d698112494831f0f0bc6d3727d.php 第 210 行.
NOTIC: [8] Undefined variable: info D:\httpd\Apache24\htdocs\zjxm\Application\Runtime\Cache\Home\862a52d698112494831f0f0bc6d3727d.php 第 213 行.
NOTIC: [8] Undefined variable: info D:\httpd\Apache24\htdocs\zjxm\Application\Runtime\Cache\Home\862a52d698112494831f0f0bc6d3727d.php 第 330 行.
NOTIC: [8] Undefined variable: info D:\httpd\Apache24\htdocs\zjxm\Application\Runtime\Cache\Home\862a52d698112494831f0f0bc6d3727d.php 第 801 行.
INFO: Run Behavior\ParseTemplateBehavior [ RunTime:0.020319s ]
INFO: [ view_parse ] --END-- [ RunTime:0.020389s ]
INFO: [ view_filter ] --START--
INFO: Run Behavior\WriteHtmlCacheBehavior [ RunTime:0.000760s ]
INFO: [ view_filter ] --END-- [ RunTime:0.000810s ]
INFO: [ app_end ] --START--
INFO: Run Behavior\ShowPageTraceBehavior [ RunTime:0.001702s ]
INFO: [ app_end ] --END-- [ RunTime:0.001795s ]

[ 2017-05-09T16:32:53+08:00 ] 127.0.0.1 /index.php/Home/Index/displayHistory.html
INFO: [ app_init ] --START--
INFO: Run Behavior\BuildLiteBehavior [ RunTime:0.000021s ]
INFO: [ app_init ] --END-- [ RunTime:0.000537s ]
INFO: [ app_begin ] --START--
INFO: Run Behavior\ReadHtmlCacheBehavior [ RunTime:0.000726s ]
INFO: [ app_begin ] --END-- [ RunTime:0.000798s ]
SQL: DESCRIBE p_category [ RunTime:0.016995s ]
SQL: SELECT * FROM `p_category`  [ RunTime:0.000729s ]
ERR: 非法操作:displayHistory

[ 2017-05-09T16:34:03+08:00 ] 127.0.0.1 /index.php/home/index/index
INFO: [ app_init ] --START--
INFO: Run Behavior\BuildLiteBehavior [ RunTime:0.000012s ]
INFO: [ app_init ] --END-- [ RunTime:0.000319s ]
INFO: [ app_begin ] --START--
INFO: Run Behavior\ReadHtmlCacheBehavior [ RunTime:0.000405s ]
INFO: [ app_begin ] --END-- [ RunTime:0.000443s ]
SQL: DESCRIBE p_category [ RunTime:0.155376s ]
SQL: SELECT * FROM `p_category`  [ RunTime:0.001179s ]
INFO: [ view_parse ] --START--
INFO: [ template_filter ] --START--
INFO: Run Behavior\ContentReplaceBehavior [ RunTime:0.000204s ]
INFO: [ template_filter ] --END-- [ RunTime:0.000271s ]
NOTIC: [8] Undefined index: children D:\httpd\Apache24\htdocs\zjxm\Application\Runtime\Cache\Home\2a94b8bda04ff446dcedd42276fc99ee.php 第 155 行.
NOTIC: [2] Invalid argument supplied for foreach() D:\httpd\Apache24\htdocs\zjxm\Application\Runtime\Cache\Home\2a94b8bda04ff446dcedd42276fc99ee.php 第 155 行.
NOTIC: [8] Undefined index: children D:\httpd\Apache24\htdocs\zjxm\Application\Runtime\Cache\Home\2a94b8bda04ff446dcedd42276fc99ee.php 第 155 行.
NOTIC: [2] Invalid argument supplied for foreach() D:\httpd\Apache24\htdocs\zjxm\Application\Runtime\Cache\Home\2a94b8bda04ff446dcedd42276fc99ee.php 第 155 行.
NOTIC: [8] Undefined index: children D:\httpd\Apache24\htdocs\zjxm\Application\Runtime\Cache\Home\2a94b8bda04ff446dcedd42276fc99ee.php 第 155 行.
NOTIC: [2] Invalid argument supplied for foreach() D:\httpd\Apache24\htdocs\zjxm\Application\Runtime\Cache\Home\2a94b8bda04ff446dcedd42276fc99ee.php 第 155 行.
NOTIC: [8] Undefined index: children D:\httpd\Apache24\htdocs\zjxm\Application\Runtime\Cache\Home\2a94b8bda04ff446dcedd42276fc99ee.php 第 155 行.
NOTIC: [2] Invalid argument supplied for foreach() D:\httpd\Apache24\htdocs\zjxm\Application\Runtime\Cache\Home\2a94b8bda04ff446dcedd42276fc99ee.php 第 155 行.
NOTIC: [8] Undefined index: children D:\httpd\Apache24\htdocs\zjxm\Application\Runtime\Cache\Home\2a94b8bda04ff446dcedd42276fc99ee.php 第 155 行.
NOTIC: [2] Invalid argument supplied for foreach() D:\httpd\Apache24\htdocs\zjxm\Application\Runtime\Cache\Home\2a94b8bda04ff446dcedd42276fc99ee.php 第 155 行.
NOTIC: [8] Undefined index: children D:\httpd\Apache24\htdocs\zjxm\Application\Runtime\Cache\Home\2a94b8bda04ff446dcedd42276fc99ee.php 第 151 行.
NOTIC: [2] Invalid argument supplied for foreach() D:\httpd\Apache24\htdocs\zjxm\Application\Runtime\Cache\Home\2a94b8bda04ff446dcedd42276fc99ee.php 第 151 行.
NOTIC: [8] Undefined index: children D:\httpd\Apache24\htdocs\zjxm\Application\Runtime\Cache\Home\2a94b8bda04ff446dcedd42276fc99ee.php 第 151 行.
NOTIC: [2] Invalid argument supplied for foreach() D:\httpd\Apache24\htdocs\zjxm\Application\Runtime\Cache\Home\2a94b8bda04ff446dcedd42276fc99ee.php 第 151 行.
NOTIC: [8] Undefined index: children D:\httpd\Apache24\htdocs\zjxm\Application\Runtime\Cache\Home\2a94b8bda04ff446dcedd42276fc99ee.php 第 151 行.
NOTIC: [2] Invalid argument supplied for foreach() D:\httpd\Apache24\htdocs\zjxm\Application\Runtime\Cache\Home\2a94b8bda04ff446dcedd42276fc99ee.php 第 151 行.
NOTIC: [8] Undefined index: children D:\httpd\Apache24\htdocs\zjxm\Application\Runtime\Cache\Home\2a94b8bda04ff446dcedd42276fc99ee.php 第 151 行.
NOTIC: [2] Invalid argument supplied for foreach() D:\httpd\Apache24\htdocs\zjxm\Application\Runtime\Cache\Home\2a94b8bda04ff446dcedd42276fc99ee.php 第 151 行.
NOTIC: [8] Undefined index: children D:\httpd\Apache24\htdocs\zjxm\Application\Runtime\Cache\Home\2a94b8bda04ff446dcedd42276fc99ee.php 第 151 行.
NOTIC: [2] Invalid argument supplied for foreach() D:\httpd\Apache24\htdocs\zjxm\Application\Runtime\Cache\Home\2a94b8bda04ff446dcedd42276fc99ee.php 第 151 行.
NOTIC: [8] Undefined index: children D:\httpd\Apache24\htdocs\zjxm\Application\Runtime\Cache\Home\2a94b8bda04ff446dcedd42276fc99ee.php 第 151 行.
NOTIC: [2] Invalid argument supplied for foreach() D:\httpd\Apache24\htdocs\zjxm\Application\Runtime\Cache\Home\2a94b8bda04ff446dcedd42276fc99ee.php 第 151 行.
NOTIC: [8] Undefined index: children D:\httpd\Apache24\htdocs\zjxm\Application\Runtime\Cache\Home\2a94b8bda04ff446dcedd42276fc99ee.php 第 151 行.
NOTIC: [2] Invalid argument supplied for foreach() D:\httpd\Apache24\htdocs\zjxm\Application\Runtime\Cache\Home\2a94b8bda04ff446dcedd42276fc99ee.php 第 151 行.
NOTIC: [8] Undefined index: children D:\httpd\Apache24\htdocs\zjxm\Application\Runtime\Cache\Home\2a94b8bda04ff446dcedd42276fc99ee.php 第 151 行.
NOTIC: [2] Invalid argument supplied for foreach() D:\httpd\Apache24\htdocs\zjxm\Application\Runtime\Cache\Home\2a94b8bda04ff446dcedd42276fc99ee.php 第 151 行.
NOTIC: [8] Undefined index: children D:\httpd\Apache24\htdocs\zjxm\Application\Runtime\Cache\Home\2a94b8bda04ff446dcedd42276fc99ee.php 第 151 行.
NOTIC: [2] Invalid argument supplied for foreach() D:\httpd\Apache24\htdocs\zjxm\Application\Runtime\Cache\Home\2a94b8bda04ff446dcedd42276fc99ee.php 第 151 行.
NOTIC: [8] Undefined index: children D:\httpd\Apache24\htdocs\zjxm\Application\Runtime\Cache\Home\2a94b8bda04ff446dcedd42276fc99ee.php 第 151 行.
NOTIC: [2] Invalid argument supplied for foreach() D:\httpd\Apache24\htdocs\zjxm\Application\Runtime\Cache\Home\2a94b8bda04ff446dcedd42276fc99ee.php 第 151 行.
NOTIC: [8] Undefined index: children D:\httpd\Apache24\htdocs\zjxm\Application\Runtime\Cache\Home\2a94b8bda04ff446dcedd42276fc99ee.php 第 151 行.
NOTIC: [2] Invalid argument supplied for foreach() D:\httpd\Apache24\htdocs\zjxm\Application\Runtime\Cache\Home\2a94b8bda04ff446dcedd42276fc99ee.php 第 151 行.
NOTIC: [8] Undefined index: children D:\httpd\Apache24\htdocs\zjxm\Application\Runtime\Cache\Home\2a94b8bda04ff446dcedd42276fc99ee.php 第 151 行.
NOTIC: [2] Invalid argument supplied for foreach() D:\httpd\Apache24\htdocs\zjxm\Application\Runtime\Cache\Home\2a94b8bda04ff446dcedd42276fc99ee.php 第 151 行.
NOTIC: [8] Undefined variable: goods1 D:\httpd\Apache24\htdocs\zjxm\Application\Runtime\Cache\Home\2a94b8bda04ff446dcedd42276fc99ee.php 第 333 行.
NOTIC: [2] Invalid argument supplied for foreach() D:\httpd\Apache24\htdocs\zjxm\Application\Runtime\Cache\Home\2a94b8bda04ff446dcedd42276fc99ee.php 第 333 行.
NOTIC: [8] Undefined variable: goods3 D:\httpd\Apache24\htdocs\zjxm\Application\Runtime\Cache\Home\2a94b8bda04ff446dcedd42276fc99ee.php 第 349 行.
NOTIC: [2] Invalid argument supplied for foreach() D:\httpd\Apache24\htdocs\zjxm\Application\Runtime\Cache\Home\2a94b8bda04ff446dcedd42276fc99ee.php 第 349 行.
NOTIC: [8] Undefined variable: goods4 D:\httpd\Apache24\htdocs\zjxm\Application\Runtime\Cache\Home\2a94b8bda04ff446dcedd42276fc99ee.php 第 365 行.
NOTIC: [2] Invalid argument supplied for foreach() D:\httpd\Apache24\htdocs\zjxm\Application\Runtime\Cache\Home\2a94b8bda04ff446dcedd42276fc99ee.php 第 365 行.
NOTIC: [8] Undefined variable: goods2 D:\httpd\Apache24\htdocs\zjxm\Application\Runtime\Cache\Home\2a94b8bda04ff446dcedd42276fc99ee.php 第 381 行.
NOTIC: [2] Invalid argument supplied for foreach() D:\httpd\Apache24\htdocs\zjxm\Application\Runtime\Cache\Home\2a94b8bda04ff446dcedd42276fc99ee.php 第 381 行.
NOTIC: [8] Undefined variable: floorData D:\httpd\Apache24\htdocs\zjxm\Application\Runtime\Cache\Home\2a94b8bda04ff446dcedd42276fc99ee.php 第 453 行.
NOTIC: [2] Invalid argument supplied for foreach() D:\httpd\Apache24\htdocs\zjxm\Application\Runtime\Cache\Home\2a94b8bda04ff446dcedd42276fc99ee.php 第 453 行.
INFO: Run Behavior\ParseTemplateBehavior [ RunTime:0.021688s ]
INFO: [ view_parse ] --END-- [ RunTime:0.021767s ]
INFO: [ view_filter ] --START--
INFO: Run Behavior\WriteHtmlCacheBehavior [ RunTime:0.000721s ]
INFO: [ view_filter ] --END-- [ RunTime:0.000801s ]
INFO: [ app_end ] --START--
INFO: Run Behavior\ShowPageTraceBehavior [ RunTime:0.000727s ]
INFO: [ app_end ] --END-- [ RunTime:0.000774s ]

[ 2017-05-09T16:34:04+08:00 ] 127.0.0.1 /index.php/home/index/index
INFO: [ app_init ] --START--
INFO: Run Behavior\BuildLiteBehavior [ RunTime:0.000020s ]
INFO: [ app_init ] --END-- [ RunTime:0.000527s ]
INFO: [ app_begin ] --START--
INFO: Run Behavior\ReadHtmlCacheBehavior [ RunTime:0.000949s ]
INFO: [ app_begin ] --END-- [ RunTime:0.001033s ]
SQL: DESCRIBE p_category [ RunTime:0.004576s ]
SQL: SELECT * FROM `p_category`  [ RunTime:0.000407s ]
INFO: [ view_parse ] --START--
INFO: [ template_filter ] --START--
INFO: Run Behavior\ContentReplaceBehavior [ RunTime:0.000182s ]
INFO: [ template_filter ] --END-- [ RunTime:0.000237s ]
NOTIC: [8] Undefined index: children D:\httpd\Apache24\htdocs\zjxm\Application\Runtime\Cache\Home\2a94b8bda04ff446dcedd42276fc99ee.php 第 155 行.
NOTIC: [2] Invalid argument supplied for foreach() D:\httpd\Apache24\htdocs\zjxm\Application\Runtime\Cache\Home\2a94b8bda04ff446dcedd42276fc99ee.php 第 155 行.
NOTIC: [8] Undefined index: children D:\httpd\Apache24\htdocs\zjxm\Application\Runtime\Cache\Home\2a94b8bda04ff446dcedd42276fc99ee.php 第 155 行.
NOTIC: [2] Invalid argument supplied for foreach() D:\httpd\Apache24\htdocs\zjxm\Application\Runtime\Cache\Home\2a94b8bda04ff446dcedd42276fc99ee.php 第 155 行.
NOTIC: [8] Undefined index: children D:\httpd\Apache24\htdocs\zjxm\Application\Runtime\Cache\Home\2a94b8bda04ff446dcedd42276fc99ee.php 第 155 行.
NOTIC: [2] Invalid argument supplied for foreach() D:\httpd\Apache24\htdocs\zjxm\Application\Runtime\Cache\Home\2a94b8bda04ff446dcedd42276fc99ee.php 第 155 行.
NOTIC: [8] Undefined index: children D:\httpd\Apache24\htdocs\zjxm\Application\Runtime\Cache\Home\2a94b8bda04ff446dcedd42276fc99ee.php 第 155 行.
NOTIC: [2] Invalid argument supplied for foreach() D:\httpd\Apache24\htdocs\zjxm\Application\Runtime\Cache\Home\2a94b8bda04ff446dcedd42276fc99ee.php 第 155 行.
NOTIC: [8] Undefined index: children D:\httpd\Apache24\htdocs\zjxm\Application\Runtime\Cache\Home\2a94b8bda04ff446dcedd42276fc99ee.php 第 155 行.
NOTIC: [2] Invalid argument supplied for foreach() D:\httpd\Apache24\htdocs\zjxm\Application\Runtime\Cache\Home\2a94b8bda04ff446dcedd42276fc99ee.php 第 155 行.
NOTIC: [8] Undefined index: children D:\httpd\Apache24\htdocs\zjxm\Application\Runtime\Cache\Home\2a94b8bda04ff446dcedd42276fc99ee.php 第 151 行.
NOTIC: [2] Invalid argument supplied for foreach() D:\httpd\Apache24\htdocs\zjxm\Application\Runtime\Cache\Home\2a94b8bda04ff446dcedd42276fc99ee.php 第 151 行.
NOTIC: [8] Undefined index: children D:\httpd\Apache24\htdocs\zjxm\Application\Runtime\Cache\Home\2a94b8bda04ff446dcedd42276fc99ee.php 第 151 行.
NOTIC: [2] Invalid argument supplied for foreach() D:\httpd\Apache24\htdocs\zjxm\Application\Runtime\Cache\Home\2a94b8bda04ff446dcedd42276fc99ee.php 第 151 行.
NOTIC: [8] Undefined index: children D:\httpd\Apache24\htdocs\zjxm\Application\Runtime\Cache\Home\2a94b8bda04ff446dcedd42276fc99ee.php 第 151 行.
NOTIC: [2] Invalid argument supplied for foreach() D:\httpd\Apache24\htdocs\zjxm\Application\Runtime\Cache\Home\2a94b8bda04ff446dcedd42276fc99ee.php 第 151 行.
NOTIC: [8] Undefined index: children D:\httpd\Apache24\htdocs\zjxm\Application\Runtime\Cache\Home\2a94b8bda04ff446dcedd42276fc99ee.php 第 151 行.
NOTIC: [2] Invalid argument supplied for foreach() D:\httpd\Apache24\htdocs\zjxm\Application\Runtime\Cache\Home\2a94b8bda04ff446dcedd42276fc99ee.php 第 151 行.
NOTIC: [8] Undefined index: children D:\httpd\Apache24\htdocs\zjxm\Application\Runtime\Cache\Home\2a94b8bda04ff446dcedd42276fc99ee.php 第 151 行.
NOTIC: [2] Invalid argument supplied for foreach() D:\httpd\Apache24\htdocs\zjxm\Application\Runtime\Cache\Home\2a94b8bda04ff446dcedd42276fc99ee.php 第 151 行.
NOTIC: [8] Undefined index: children D:\httpd\Apache24\htdocs\zjxm\Application\Runtime\Cache\Home\2a94b8bda04ff446dcedd42276fc99ee.php 第 151 行.
NOTIC: [2] Invalid argument supplied for foreach() D:\httpd\Apache24\htdocs\zjxm\Application\Runtime\Cache\Home\2a94b8bda04ff446dcedd42276fc99ee.php 第 151 行.
NOTIC: [8] Undefined index: children D:\httpd\Apache24\htdocs\zjxm\Application\Runtime\Cache\Home\2a94b8bda04ff446dcedd42276fc99ee.php 第 151 行.
NOTIC: [2] Invalid argument supplied for foreach() D:\httpd\Apache24\htdocs\zjxm\Application\Runtime\Cache\Home\2a94b8bda04ff446dcedd42276fc99ee.php 第 151 行.
NOTIC: [8] Undefined index: children D:\httpd\Apache24\htdocs\zjxm\Application\Runtime\Cache\Home\2a94b8bda04ff446dcedd42276fc99ee.php 第 151 行.
NOTIC: [2] Invalid argument supplied for foreach() D:\httpd\Apache24\htdocs\zjxm\Application\Runtime\Cache\Home\2a94b8bda04ff446dcedd42276fc99ee.php 第 151 行.
NOTIC: [8] Undefined index: children D:\httpd\Apache24\htdocs\zjxm\Application\Runtime\Cache\Home\2a94b8bda04ff446dcedd42276fc99ee.php 第 151 行.
NOTIC: [2] Invalid argument supplied for foreach() D:\httpd\Apache24\htdocs\zjxm\Application\Runtime\Cache\Home\2a94b8bda04ff446dcedd42276fc99ee.php 第 151 行.
NOTIC: [8] Undefined index: children D:\httpd\Apache24\htdocs\zjxm\Application\Runtime\Cache\Home\2a94b8bda04ff446dcedd42276fc99ee.php 第 151 行.
NOTIC: [2] Invalid argument supplied for foreach() D:\httpd\Apache24\htdocs\zjxm\Application\Runtime\Cache\Home\2a94b8bda04ff446dcedd42276fc99ee.php 第 151 行.
NOTIC: [8] Undefined index: children D:\httpd\Apache24\htdocs\zjxm\Application\Runtime\Cache\Home\2a94b8bda04ff446dcedd42276fc99ee.php 第 151 行.
NOTIC: [2] Invalid argument supplied for foreach() D:\httpd\Apache24\htdocs\zjxm\Application\Runtime\Cache\Home\2a94b8bda04ff446dcedd42276fc99ee.php 第 151 行.
NOTIC: [8] Undefined index: children D:\httpd\Apache24\htdocs\zjxm\Application\Runtime\Cache\Home\2a94b8bda04ff446dcedd42276fc99ee.php 第 151 行.
NOTIC: [2] Invalid argument supplied for foreach() D:\httpd\Apache24\htdocs\zjxm\Application\Runtime\Cache\Home\2a94b8bda04ff446dcedd42276fc99ee.php 第 151 行.
NOTIC: [8] Undefined variable: goods1 D:\httpd\Apache24\htdocs\zjxm\Application\Runtime\Cache\Home\2a94b8bda04ff446dcedd42276fc99ee.php 第 333 行.
NOTIC: [2] Invalid argument supplied for foreach() D:\httpd\Apache24\htdocs\zjxm\Application\Runtime\Cache\Home\2a94b8bda04ff446dcedd42276fc99ee.php 第 333 行.
NOTIC: [8] Undefined variable: goods3 D:\httpd\Apache24\htdocs\zjxm\Application\Runtime\Cache\Home\2a94b8bda04ff446dcedd42276fc99ee.php 第 349 行.
NOTIC: [2] Invalid argument supplied for foreach() D:\httpd\Apache24\htdocs\zjxm\Application\Runtime\Cache\Home\2a94b8bda04ff446dcedd42276fc99ee.php 第 349 行.
NOTIC: [8] Undefined variable: goods4 D:\httpd\Apache24\htdocs\zjxm\Application\Runtime\Cache\Home\2a94b8bda04ff446dcedd42276fc99ee.php 第 365 行.
NOTIC: [2] Invalid argument supplied for foreach() D:\httpd\Apache24\htdocs\zjxm\Application\Runtime\Cache\Home\2a94b8bda04ff446dcedd42276fc99ee.php 第 365 行.
NOTIC: [8] Undefined variable: goods2 D:\httpd\Apache24\htdocs\zjxm\Application\Runtime\Cache\Home\2a94b8bda04ff446dcedd42276fc99ee.php 第 381 行.
NOTIC: [2] Invalid argument supplied for foreach() D:\httpd\Apache24\htdocs\zjxm\Application\Runtime\Cache\Home\2a94b8bda04ff446dcedd42276fc99ee.php 第 381 行.
NOTIC: [8] Undefined variable: floorData D:\httpd\Apache24\htdocs\zjxm\Application\Runtime\Cache\Home\2a94b8bda04ff446dcedd42276fc99ee.php 第 453 行.
NOTIC: [2] Invalid argument supplied for foreach() D:\httpd\Apache24\htdocs\zjxm\Application\Runtime\Cache\Home\2a94b8bda04ff446dcedd42276fc99ee.php 第 453 行.
INFO: Run Behavior\ParseTemplateBehavior [ RunTime:0.023594s ]
INFO: [ view_parse ] --END-- [ RunTime:0.023660s ]
INFO: [ view_filter ] --START--
INFO: Run Behavior\WriteHtmlCacheBehavior [ RunTime:0.000648s ]
INFO: [ view_filter ] --END-- [ RunTime:0.000703s ]
INFO: [ app_end ] --START--
INFO: Run Behavior\ShowPageTraceBehavior [ RunTime:0.001682s ]
INFO: [ app_end ] --END-- [ RunTime:0.001761s ]

[ 2017-05-09T17:26:41+08:00 ] 127.0.0.1 /index.php/home/index/index
INFO: [ app_init ] --START--
INFO: Run Behavior\BuildLiteBehavior [ RunTime:0.000020s ]
INFO: [ app_init ] --END-- [ RunTime:0.000506s ]
INFO: [ app_begin ] --START--
INFO: Run Behavior\ReadHtmlCacheBehavior [ RunTime:0.000662s ]
INFO: [ app_begin ] --END-- [ RunTime:0.000737s ]
SQL: DESCRIBE p_category [ RunTime:0.010004s ]
SQL: SELECT * FROM `p_category`  [ RunTime:0.000527s ]
INFO: [ view_parse ] --START--
INFO: [ template_filter ] --START--
INFO: Run Behavior\ContentReplaceBehavior [ RunTime:0.000232s ]
INFO: [ template_filter ] --END-- [ RunTime:0.000291s ]
NOTIC: [8] Undefined index: children D:\httpd\Apache24\htdocs\zjxm\Application\Runtime\Cache\Home\2a94b8bda04ff446dcedd42276fc99ee.php 第 155 行.
NOTIC: [2] Invalid argument supplied for foreach() D:\httpd\Apache24\htdocs\zjxm\Application\Runtime\Cache\Home\2a94b8bda04ff446dcedd42276fc99ee.php 第 155 行.
NOTIC: [8] Undefined index: children D:\httpd\Apache24\htdocs\zjxm\Application\Runtime\Cache\Home\2a94b8bda04ff446dcedd42276fc99ee.php 第 155 行.
NOTIC: [2] Invalid argument supplied for foreach() D:\httpd\Apache24\htdocs\zjxm\Application\Runtime\Cache\Home\2a94b8bda04ff446dcedd42276fc99ee.php 第 155 行.
NOTIC: [8] Undefined index: children D:\httpd\Apache24\htdocs\zjxm\Application\Runtime\Cache\Home\2a94b8bda04ff446dcedd42276fc99ee.php 第 155 行.
NOTIC: [2] Invalid argument supplied for foreach() D:\httpd\Apache24\htdocs\zjxm\Application\Runtime\Cache\Home\2a94b8bda04ff446dcedd42276fc99ee.php 第 155 行.
NOTIC: [8] Undefined index: children D:\httpd\Apache24\htdocs\zjxm\Application\Runtime\Cache\Home\2a94b8bda04ff446dcedd42276fc99ee.php 第 155 行.
NOTIC: [2] Invalid argument supplied for foreach() D:\httpd\Apache24\htdocs\zjxm\Application\Runtime\Cache\Home\2a94b8bda04ff446dcedd42276fc99ee.php 第 155 行.
NOTIC: [8] Undefined index: children D:\httpd\Apache24\htdocs\zjxm\Application\Runtime\Cache\Home\2a94b8bda04ff446dcedd42276fc99ee.php 第 155 行.
NOTIC: [2] Invalid argument supplied for foreach() D:\httpd\Apache24\htdocs\zjxm\Application\Runtime\Cache\Home\2a94b8bda04ff446dcedd42276fc99ee.php 第 155 行.
NOTIC: [8] Undefined index: children D:\httpd\Apache24\htdocs\zjxm\Application\Runtime\Cache\Home\2a94b8bda04ff446dcedd42276fc99ee.php 第 151 行.
NOTIC: [2] Invalid argument supplied for foreach() D:\httpd\Apache24\htdocs\zjxm\Application\Runtime\Cache\Home\2a94b8bda04ff446dcedd42276fc99ee.php 第 151 行.
NOTIC: [8] Undefined index: children D:\httpd\Apache24\htdocs\zjxm\Application\Runtime\Cache\Home\2a94b8bda04ff446dcedd42276fc99ee.php 第 151 行.
NOTIC: [2] Invalid argument supplied for foreach() D:\httpd\Apache24\htdocs\zjxm\Application\Runtime\Cache\Home\2a94b8bda04ff446dcedd42276fc99ee.php 第 151 行.
NOTIC: [8] Undefined index: children D:\httpd\Apache24\htdocs\zjxm\Application\Runtime\Cache\Home\2a94b8bda04ff446dcedd42276fc99ee.php 第 151 行.
NOTIC: [2] Invalid argument supplied for foreach() D:\httpd\Apache24\htdocs\zjxm\Application\Runtime\Cache\Home\2a94b8bda04ff446dcedd42276fc99ee.php 第 151 行.
NOTIC: [8] Undefined index: children D:\httpd\Apache24\htdocs\zjxm\Application\Runtime\Cache\Home\2a94b8bda04ff446dcedd42276fc99ee.php 第 151 行.
NOTIC: [2] Invalid argument supplied for foreach() D:\httpd\Apache24\htdocs\zjxm\Application\Runtime\Cache\Home\2a94b8bda04ff446dcedd42276fc99ee.php 第 151 行.
NOTIC: [8] Undefined index: children D:\httpd\Apache24\htdocs\zjxm\Application\Runtime\Cache\Home\2a94b8bda04ff446dcedd42276fc99ee.php 第 151 行.
NOTIC: [2] Invalid argument supplied for foreach() D:\httpd\Apache24\htdocs\zjxm\Application\Runtime\Cache\Home\2a94b8bda04ff446dcedd42276fc99ee.php 第 151 行.
NOTIC: [8] Undefined index: children D:\httpd\Apache24\htdocs\zjxm\Application\Runtime\Cache\Home\2a94b8bda04ff446dcedd42276fc99ee.php 第 151 行.
NOTIC: [2] Invalid argument supplied for foreach() D:\httpd\Apache24\htdocs\zjxm\Application\Runtime\Cache\Home\2a94b8bda04ff446dcedd42276fc99ee.php 第 151 行.
NOTIC: [8] Undefined index: children D:\httpd\Apache24\htdocs\zjxm\Application\Runtime\Cache\Home\2a94b8bda04ff446dcedd42276fc99ee.php 第 151 行.
NOTIC: [2] Invalid argument supplied for foreach() D:\httpd\Apache24\htdocs\zjxm\Application\Runtime\Cache\Home\2a94b8bda04ff446dcedd42276fc99ee.php 第 151 行.
NOTIC: [8] Undefined index: children D:\httpd\Apache24\htdocs\zjxm\Application\Runtime\Cache\Home\2a94b8bda04ff446dcedd42276fc99ee.php 第 151 行.
NOTIC: [2] Invalid argument supplied for foreach() D:\httpd\Apache24\htdocs\zjxm\Application\Runtime\Cache\Home\2a94b8bda04ff446dcedd42276fc99ee.php 第 151 行.
NOTIC: [8] Undefined index: children D:\httpd\Apache24\htdocs\zjxm\Application\Runtime\Cache\Home\2a94b8bda04ff446dcedd42276fc99ee.php 第 151 行.
NOTIC: [2] Invalid argument supplied for foreach() D:\httpd\Apache24\htdocs\zjxm\Application\Runtime\Cache\Home\2a94b8bda04ff446dcedd42276fc99ee.php 第 151 行.
NOTIC: [8] Undefined index: children D:\httpd\Apache24\htdocs\zjxm\Application\Runtime\Cache\Home\2a94b8bda04ff446dcedd42276fc99ee.php 第 151 行.
NOTIC: [2] Invalid argument supplied for foreach() D:\httpd\Apache24\htdocs\zjxm\Application\Runtime\Cache\Home\2a94b8bda04ff446dcedd42276fc99ee.php 第 151 行.
NOTIC: [8] Undefined index: children D:\httpd\Apache24\htdocs\zjxm\Application\Runtime\Cache\Home\2a94b8bda04ff446dcedd42276fc99ee.php 第 151 行.
NOTIC: [2] Invalid argument supplied for foreach() D:\httpd\Apache24\htdocs\zjxm\Application\Runtime\Cache\Home\2a94b8bda04ff446dcedd42276fc99ee.php 第 151 行.
NOTIC: [8] Undefined index: children D:\httpd\Apache24\htdocs\zjxm\Application\Runtime\Cache\Home\2a94b8bda04ff446dcedd42276fc99ee.php 第 151 行.
NOTIC: [2] Invalid argument supplied for foreach() D:\httpd\Apache24\htdocs\zjxm\Application\Runtime\Cache\Home\2a94b8bda04ff446dcedd42276fc99ee.php 第 151 行.
NOTIC: [8] Undefined variable: goods1 D:\httpd\Apache24\htdocs\zjxm\Application\Runtime\Cache\Home\2a94b8bda04ff446dcedd42276fc99ee.php 第 333 行.
NOTIC: [2] Invalid argument supplied for foreach() D:\httpd\Apache24\htdocs\zjxm\Application\Runtime\Cache\Home\2a94b8bda04ff446dcedd42276fc99ee.php 第 333 行.
NOTIC: [8] Undefined variable: goods3 D:\httpd\Apache24\htdocs\zjxm\Application\Runtime\Cache\Home\2a94b8bda04ff446dcedd42276fc99ee.php 第 349 行.
NOTIC: [2] Invalid argument supplied for foreach() D:\httpd\Apache24\htdocs\zjxm\Application\Runtime\Cache\Home\2a94b8bda04ff446dcedd42276fc99ee.php 第 349 行.
NOTIC: [8] Undefined variable: goods4 D:\httpd\Apache24\htdocs\zjxm\Application\Runtime\Cache\Home\2a94b8bda04ff446dcedd42276fc99ee.php 第 365 行.
NOTIC: [2] Invalid argument supplied for foreach() D:\httpd\Apache24\htdocs\zjxm\Application\Runtime\Cache\Home\2a94b8bda04ff446dcedd42276fc99ee.php 第 365 行.
NOTIC: [8] Undefined variable: goods2 D:\httpd\Apache24\htdocs\zjxm\Application\Runtime\Cache\Home\2a94b8bda04ff446dcedd42276fc99ee.php 第 381 行.
NOTIC: [2] Invalid argument supplied for foreach() D:\httpd\Apache24\htdocs\zjxm\Application\Runtime\Cache\Home\2a94b8bda04ff446dcedd42276fc99ee.php 第 381 行.
NOTIC: [8] Undefined variable: floorData D:\httpd\Apache24\htdocs\zjxm\Application\Runtime\Cache\Home\2a94b8bda04ff446dcedd42276fc99ee.php 第 453 行.
NOTIC: [2] Invalid argument supplied for foreach() D:\httpd\Apache24\htdocs\zjxm\Application\Runtime\Cache\Home\2a94b8bda04ff446dcedd42276fc99ee.php 第 453 行.
INFO: Run Behavior\ParseTemplateBehavior [ RunTime:0.022933s ]
INFO: [ view_parse ] --END-- [ RunTime:0.023013s ]
INFO: [ view_filter ] --START--
INFO: Run Behavior\WriteHtmlCacheBehavior [ RunTime:0.000458s ]
INFO: [ view_filter ] --END-- [ RunTime:0.000494s ]
INFO: [ app_end ] --START--
INFO: Run Behavior\ShowPageTraceBehavior [ RunTime:0.001442s ]
INFO: [ app_end ] --END-- [ RunTime:0.001519s ]

