[ 2017-05-11T09:54:23+08:00 ] 127.0.0.1 /index.php/home/index/index
INFO: [ app_init ] --START--
INFO: Run Behavior\BuildLiteBehavior [ RunTime:0.000023s ]
INFO: [ app_init ] --END-- [ RunTime:0.000853s ]
INFO: [ app_begin ] --START--
NOTIC: [2] fopen(/read_html_cache.lock): failed to open stream: No such file or directory D:\httpd\Apache24\htdocs\zjxm\ThinkPHP\Library\Behavior\ReadHtmlCacheBehavior.class.php 第 32 行.
NOTIC: [2] flock() expects parameter 1 to be resource, boolean given D:\httpd\Apache24\htdocs\zjxm\ThinkPHP\Library\Behavior\ReadHtmlCacheBehavior.class.php 第 33 行.
INFO: Run Behavior\ReadHtmlCacheBehavior [ RunTime:0.085988s ]
INFO: [ app_begin ] --END-- [ RunTime:0.086103s ]
SQL: DESCRIBE p_category [ RunTime:0.001412s ]
SQL: DESCRIBE p_goods [ RunTime:0.001602s ]
SQL: SELECT `id`,`goods_name`,`mid_logo`,`promote_price` FROM `p_goods` WHERE `is_on_sale` = '是' AND `promote_price` > 0 AND `promote_start_date` <= '2017-05-11 09:54' AND `promote_end_date` >= '2017-05-11 09:54' ORDER BY sort_num ASC LIMIT 5   [ RunTime:0.000847s ]
SQL: SELECT `id`,`goods_name`,`mid_logo`,`shop_price` FROM `p_goods` WHERE `is_on_sale` = '是' AND `is_new` = '是' ORDER BY sort_num ASC LIMIT 5   [ RunTime:0.000587s ]
SQL: SELECT `id`,`goods_name`,`mid_logo`,`shop_price` FROM `p_goods` WHERE `is_on_sale` = '是' AND `is_hot` = '是' ORDER BY sort_num ASC LIMIT 5   [ RunTime:0.000619s ]
SQL: SELECT `id`,`goods_name`,`mid_logo`,`shop_price` FROM `p_goods` WHERE `is_on_sale` = '是' AND `is_best` = '是' ORDER BY sort_num ASC LIMIT 5   [ RunTime:0.000605s ]
INFO: [ view_parse ] --START--
INFO: [ template_filter ] --START--
INFO: Run Behavior\ContentReplaceBehavior [ RunTime:0.000550s ]
INFO: [ template_filter ] --END-- [ RunTime:0.000715s ]
NOTIC: [8] Undefined index: children D:\httpd\Apache24\htdocs\zjxm\Application\Runtime\Cache\Home\2a94b8bda04ff446dcedd42276fc99ee.php 第 155 行.
NOTIC: [2] Invalid argument supplied for foreach() D:\httpd\Apache24\htdocs\zjxm\Application\Runtime\Cache\Home\2a94b8bda04ff446dcedd42276fc99ee.php 第 155 行.
NOTIC: [8] Undefined index: children D:\httpd\Apache24\htdocs\zjxm\Application\Runtime\Cache\Home\2a94b8bda04ff446dcedd42276fc99ee.php 第 155 行.
NOTIC: [2] Invalid argument supplied for foreach() D:\httpd\Apache24\htdocs\zjxm\Application\Runtime\Cache\Home\2a94b8bda04ff446dcedd42276fc99ee.php 第 155 行.
NOTIC: [8] Undefined index: children D:\httpd\Apache24\htdocs\zjxm\Application\Runtime\Cache\Home\2a94b8bda04ff446dcedd42276fc99ee.php 第 155 行.
NOTIC: [2] Invalid argument supplied for foreach() D:\httpd\Apache24\htdocs\zjxm\Application\Runtime\Cache\Home\2a94b8bda04ff446dcedd42276fc99ee.php 第 155 行.
NOTIC: [8] Undefined index: children D:\httpd\Apache24\htdocs\zjxm\Application\Runtime\Cache\Home\2a94b8bda04ff446dcedd42276fc99ee.php 第 155 行.
NOTIC: [2] Invalid argument supplied for foreach() D:\httpd\Apache24\htdocs\zjxm\Application\Runtime\Cache\Home\2a94b8bda04ff446dcedd42276fc99ee.php 第 155 行.
NOTIC: [8] Undefined index: children D:\httpd\Apache24\htdocs\zjxm\Application\Runtime\Cache\Home\2a94b8bda04ff446dcedd42276fc99ee.php 第 155 行.
NOTIC: [2] Invalid argument supplied for foreach() D:\httpd\Apache24\htdocs\zjxm\Application\Runtime\Cache\Home\2a94b8bda04ff446dcedd42276fc99ee.php 第 155 行.
NOTIC: [8] Undefined index: children D:\httpd\Apache24\htdocs\zjxm\Application\Runtime\Cache\Home\2a94b8bda04ff446dcedd42276fc99ee.php 第 151 行.
NOTIC: [2] Invalid argument supplied for foreach() D:\httpd\Apache24\htdocs\zjxm\Application\Runtime\Cache\Home\2a94b8bda04ff446dcedd42276fc99ee.php 第 151 行.
NOTIC: [8] Undefined index: children D:\httpd\Apache24\htdocs\zjxm\Application\Runtime\Cache\Home\2a94b8bda04ff446dcedd42276fc99ee.php 第 151 行.
NOTIC: [2] Invalid argument supplied for foreach() D:\httpd\Apache24\htdocs\zjxm\Application\Runtime\Cache\Home\2a94b8bda04ff446dcedd42276fc99ee.php 第 151 行.
NOTIC: [8] Undefined index: children D:\httpd\Apache24\htdocs\zjxm\Application\Runtime\Cache\Home\2a94b8bda04ff446dcedd42276fc99ee.php 第 151 行.
NOTIC: [2] Invalid argument supplied for foreach() D:\httpd\Apache24\htdocs\zjxm\Application\Runtime\Cache\Home\2a94b8bda04ff446dcedd42276fc99ee.php 第 151 行.
NOTIC: [8] Undefined index: children D:\httpd\Apache24\htdocs\zjxm\Application\Runtime\Cache\Home\2a94b8bda04ff446dcedd42276fc99ee.php 第 151 行.
NOTIC: [2] Invalid argument supplied for foreach() D:\httpd\Apache24\htdocs\zjxm\Application\Runtime\Cache\Home\2a94b8bda04ff446dcedd42276fc99ee.php 第 151 行.
NOTIC: [8] Undefined index: children D:\httpd\Apache24\htdocs\zjxm\Application\Runtime\Cache\Home\2a94b8bda04ff446dcedd42276fc99ee.php 第 151 行.
NOTIC: [2] Invalid argument supplied for foreach() D:\httpd\Apache24\htdocs\zjxm\Application\Runtime\Cache\Home\2a94b8bda04ff446dcedd42276fc99ee.php 第 151 行.
NOTIC: [8] Undefined index: children D:\httpd\Apache24\htdocs\zjxm\Application\Runtime\Cache\Home\2a94b8bda04ff446dcedd42276fc99ee.php 第 151 行.
NOTIC: [2] Invalid argument supplied for foreach() D:\httpd\Apache24\htdocs\zjxm\Application\Runtime\Cache\Home\2a94b8bda04ff446dcedd42276fc99ee.php 第 151 行.
NOTIC: [8] Undefined index: children D:\httpd\Apache24\htdocs\zjxm\Application\Runtime\Cache\Home\2a94b8bda04ff446dcedd42276fc99ee.php 第 151 行.
NOTIC: [2] Invalid argument supplied for foreach() D:\httpd\Apache24\htdocs\zjxm\Application\Runtime\Cache\Home\2a94b8bda04ff446dcedd42276fc99ee.php 第 151 行.
NOTIC: [8] Undefined index: children D:\httpd\Apache24\htdocs\zjxm\Application\Runtime\Cache\Home\2a94b8bda04ff446dcedd42276fc99ee.php 第 151 行.
NOTIC: [2] Invalid argument supplied for foreach() D:\httpd\Apache24\htdocs\zjxm\Application\Runtime\Cache\Home\2a94b8bda04ff446dcedd42276fc99ee.php 第 151 行.
NOTIC: [8] Undefined index: children D:\httpd\Apache24\htdocs\zjxm\Application\Runtime\Cache\Home\2a94b8bda04ff446dcedd42276fc99ee.php 第 151 行.
NOTIC: [2] Invalid argument supplied for foreach() D:\httpd\Apache24\htdocs\zjxm\Application\Runtime\Cache\Home\2a94b8bda04ff446dcedd42276fc99ee.php 第 151 行.
NOTIC: [8] Undefined index: children D:\httpd\Apache24\htdocs\zjxm\Application\Runtime\Cache\Home\2a94b8bda04ff446dcedd42276fc99ee.php 第 151 行.
NOTIC: [2] Invalid argument supplied for foreach() D:\httpd\Apache24\htdocs\zjxm\Application\Runtime\Cache\Home\2a94b8bda04ff446dcedd42276fc99ee.php 第 151 行.
NOTIC: [8] Undefined index: children D:\httpd\Apache24\htdocs\zjxm\Application\Runtime\Cache\Home\2a94b8bda04ff446dcedd42276fc99ee.php 第 151 行.
NOTIC: [2] Invalid argument supplied for foreach() D:\httpd\Apache24\htdocs\zjxm\Application\Runtime\Cache\Home\2a94b8bda04ff446dcedd42276fc99ee.php 第 151 行.
NOTIC: [8] Undefined index: children D:\httpd\Apache24\htdocs\zjxm\Application\Runtime\Cache\Home\2a94b8bda04ff446dcedd42276fc99ee.php 第 151 行.
NOTIC: [2] Invalid argument supplied for foreach() D:\httpd\Apache24\htdocs\zjxm\Application\Runtime\Cache\Home\2a94b8bda04ff446dcedd42276fc99ee.php 第 151 行.
NOTIC: [2] Invalid argument supplied for foreach() D:\httpd\Apache24\htdocs\zjxm\Application\Runtime\Cache\Home\2a94b8bda04ff446dcedd42276fc99ee.php 第 333 行.
NOTIC: [2] Invalid argument supplied for foreach() D:\httpd\Apache24\htdocs\zjxm\Application\Runtime\Cache\Home\2a94b8bda04ff446dcedd42276fc99ee.php 第 487 行.
NOTIC: [2] Invalid argument supplied for foreach() D:\httpd\Apache24\htdocs\zjxm\Application\Runtime\Cache\Home\2a94b8bda04ff446dcedd42276fc99ee.php 第 487 行.
NOTIC: [2] Invalid argument supplied for foreach() D:\httpd\Apache24\htdocs\zjxm\Application\Runtime\Cache\Home\2a94b8bda04ff446dcedd42276fc99ee.php 第 464 行.
NOTIC: [2] Invalid argument supplied for foreach() D:\httpd\Apache24\htdocs\zjxm\Application\Runtime\Cache\Home\2a94b8bda04ff446dcedd42276fc99ee.php 第 487 行.
NOTIC: [2] Invalid argument supplied for foreach() D:\httpd\Apache24\htdocs\zjxm\Application\Runtime\Cache\Home\2a94b8bda04ff446dcedd42276fc99ee.php 第 513 行.
INFO: Run Behavior\ParseTemplateBehavior [ RunTime:0.039014s ]
INFO: [ view_parse ] --END-- [ RunTime:0.039105s ]
INFO: [ view_filter ] --START--
INFO: Run Behavior\WriteHtmlCacheBehavior [ RunTime:0.003266s ]
INFO: [ view_filter ] --END-- [ RunTime:0.003393s ]
INFO: [ app_end ] --START--
INFO: Run Behavior\ShowPageTraceBehavior [ RunTime:0.002740s ]
INFO: [ app_end ] --END-- [ RunTime:0.002883s ]

[ 2017-05-11T10:35:01+08:00 ] 127.0.0.1 /index.php/home/index/index
INFO: [ app_init ] --START--
INFO: Run Behavior\BuildLiteBehavior [ RunTime:0.000025s ]
INFO: [ app_init ] --END-- [ RunTime:0.000664s ]
INFO: [ app_begin ] --START--
NOTIC: [2] fopen(/read_html_cache.lock): failed to open stream: No such file or directory D:\httpd\Apache24\htdocs\zjxm\ThinkPHP\Library\Behavior\ReadHtmlCacheBehavior.class.php 第 32 行.
NOTIC: [2] flock() expects parameter 1 to be resource, boolean given D:\httpd\Apache24\htdocs\zjxm\ThinkPHP\Library\Behavior\ReadHtmlCacheBehavior.class.php 第 33 行.
INFO: Run Behavior\ReadHtmlCacheBehavior [ RunTime:0.004082s ]
INFO: [ app_begin ] --END-- [ RunTime:0.004188s ]
SQL: DESCRIBE p_category [ RunTime:0.001119s ]
SQL: DESCRIBE p_goods [ RunTime:0.000878s ]
SQL: SELECT `id`,`goods_name`,`mid_logo`,`promote_price` FROM `p_goods` WHERE `is_on_sale` = '是' AND `promote_price` > 0 AND `promote_start_date` <= '2017-05-11 10:35' AND `promote_end_date` >= '2017-05-11 10:35' ORDER BY sort_num ASC LIMIT 5   [ RunTime:0.000512s ]
SQL: SELECT `id`,`goods_name`,`mid_logo`,`shop_price` FROM `p_goods` WHERE `is_on_sale` = '是' AND `is_new` = '是' ORDER BY sort_num ASC LIMIT 5   [ RunTime:0.000352s ]
SQL: SELECT `id`,`goods_name`,`mid_logo`,`shop_price` FROM `p_goods` WHERE `is_on_sale` = '是' AND `is_hot` = '是' ORDER BY sort_num ASC LIMIT 5   [ RunTime:0.000380s ]
SQL: SELECT `id`,`goods_name`,`mid_logo`,`shop_price` FROM `p_goods` WHERE `is_on_sale` = '是' AND `is_best` = '是' ORDER BY sort_num ASC LIMIT 5   [ RunTime:0.000325s ]
INFO: [ view_parse ] --START--
INFO: [ template_filter ] --START--
INFO: Run Behavior\ContentReplaceBehavior [ RunTime:0.000287s ]
INFO: [ template_filter ] --END-- [ RunTime:0.000389s ]
NOTIC: [8] Undefined index: children D:\httpd\Apache24\htdocs\zjxm\Application\Runtime\Cache\Home\2a94b8bda04ff446dcedd42276fc99ee.php 第 155 行.
NOTIC: [2] Invalid argument supplied for foreach() D:\httpd\Apache24\htdocs\zjxm\Application\Runtime\Cache\Home\2a94b8bda04ff446dcedd42276fc99ee.php 第 155 行.
NOTIC: [8] Undefined index: children D:\httpd\Apache24\htdocs\zjxm\Application\Runtime\Cache\Home\2a94b8bda04ff446dcedd42276fc99ee.php 第 155 行.
NOTIC: [2] Invalid argument supplied for foreach() D:\httpd\Apache24\htdocs\zjxm\Application\Runtime\Cache\Home\2a94b8bda04ff446dcedd42276fc99ee.php 第 155 行.
NOTIC: [8] Undefined index: children D:\httpd\Apache24\htdocs\zjxm\Application\Runtime\Cache\Home\2a94b8bda04ff446dcedd42276fc99ee.php 第 155 行.
NOTIC: [2] Invalid argument supplied for foreach() D:\httpd\Apache24\htdocs\zjxm\Application\Runtime\Cache\Home\2a94b8bda04ff446dcedd42276fc99ee.php 第 155 行.
NOTIC: [8] Undefined index: children D:\httpd\Apache24\htdocs\zjxm\Application\Runtime\Cache\Home\2a94b8bda04ff446dcedd42276fc99ee.php 第 155 行.
NOTIC: [2] Invalid argument supplied for foreach() D:\httpd\Apache24\htdocs\zjxm\Application\Runtime\Cache\Home\2a94b8bda04ff446dcedd42276fc99ee.php 第 155 行.
NOTIC: [8] Undefined index: children D:\httpd\Apache24\htdocs\zjxm\Application\Runtime\Cache\Home\2a94b8bda04ff446dcedd42276fc99ee.php 第 155 行.
NOTIC: [2] Invalid argument supplied for foreach() D:\httpd\Apache24\htdocs\zjxm\Application\Runtime\Cache\Home\2a94b8bda04ff446dcedd42276fc99ee.php 第 155 行.
NOTIC: [8] Undefined index: children D:\httpd\Apache24\htdocs\zjxm\Application\Runtime\Cache\Home\2a94b8bda04ff446dcedd42276fc99ee.php 第 151 行.
NOTIC: [2] Invalid argument supplied for foreach() D:\httpd\Apache24\htdocs\zjxm\Application\Runtime\Cache\Home\2a94b8bda04ff446dcedd42276fc99ee.php 第 151 行.
NOTIC: [8] Undefined index: children D:\httpd\Apache24\htdocs\zjxm\Application\Runtime\Cache\Home\2a94b8bda04ff446dcedd42276fc99ee.php 第 151 行.
NOTIC: [2] Invalid argument supplied for foreach() D:\httpd\Apache24\htdocs\zjxm\Application\Runtime\Cache\Home\2a94b8bda04ff446dcedd42276fc99ee.php 第 151 行.
NOTIC: [8] Undefined index: children D:\httpd\Apache24\htdocs\zjxm\Application\Runtime\Cache\Home\2a94b8bda04ff446dcedd42276fc99ee.php 第 151 行.
NOTIC: [2] Invalid argument supplied for foreach() D:\httpd\Apache24\htdocs\zjxm\Application\Runtime\Cache\Home\2a94b8bda04ff446dcedd42276fc99ee.php 第 151 行.
NOTIC: [8] Undefined index: children D:\httpd\Apache24\htdocs\zjxm\Application\Runtime\Cache\Home\2a94b8bda04ff446dcedd42276fc99ee.php 第 151 行.
NOTIC: [2] Invalid argument supplied for foreach() D:\httpd\Apache24\htdocs\zjxm\Application\Runtime\Cache\Home\2a94b8bda04ff446dcedd42276fc99ee.php 第 151 行.
NOTIC: [8] Undefined index: children D:\httpd\Apache24\htdocs\zjxm\Application\Runtime\Cache\Home\2a94b8bda04ff446dcedd42276fc99ee.php 第 151 行.
NOTIC: [2] Invalid argument supplied for foreach() D:\httpd\Apache24\htdocs\zjxm\Application\Runtime\Cache\Home\2a94b8bda04ff446dcedd42276fc99ee.php 第 151 行.
NOTIC: [8] Undefined index: children D:\httpd\Apache24\htdocs\zjxm\Application\Runtime\Cache\Home\2a94b8bda04ff446dcedd42276fc99ee.php 第 151 行.
NOTIC: [2] Invalid argument supplied for foreach() D:\httpd\Apache24\htdocs\zjxm\Application\Runtime\Cache\Home\2a94b8bda04ff446dcedd42276fc99ee.php 第 151 行.
NOTIC: [8] Undefined index: children D:\httpd\Apache24\htdocs\zjxm\Application\Runtime\Cache\Home\2a94b8bda04ff446dcedd42276fc99ee.php 第 151 行.
NOTIC: [2] Invalid argument supplied for foreach() D:\httpd\Apache24\htdocs\zjxm\Application\Runtime\Cache\Home\2a94b8bda04ff446dcedd42276fc99ee.php 第 151 行.
NOTIC: [8] Undefined index: children D:\httpd\Apache24\htdocs\zjxm\Application\Runtime\Cache\Home\2a94b8bda04ff446dcedd42276fc99ee.php 第 151 行.
NOTIC: [2] Invalid argument supplied for foreach() D:\httpd\Apache24\htdocs\zjxm\Application\Runtime\Cache\Home\2a94b8bda04ff446dcedd42276fc99ee.php 第 151 行.
NOTIC: [8] Undefined index: children D:\httpd\Apache24\htdocs\zjxm\Application\Runtime\Cache\Home\2a94b8bda04ff446dcedd42276fc99ee.php 第 151 行.
NOTIC: [2] Invalid argument supplied for foreach() D:\httpd\Apache24\htdocs\zjxm\Application\Runtime\Cache\Home\2a94b8bda04ff446dcedd42276fc99ee.php 第 151 行.
NOTIC: [8] Undefined index: children D:\httpd\Apache24\htdocs\zjxm\Application\Runtime\Cache\Home\2a94b8bda04ff446dcedd42276fc99ee.php 第 151 行.
NOTIC: [2] Invalid argument supplied for foreach() D:\httpd\Apache24\htdocs\zjxm\Application\Runtime\Cache\Home\2a94b8bda04ff446dcedd42276fc99ee.php 第 151 行.
NOTIC: [8] Undefined index: children D:\httpd\Apache24\htdocs\zjxm\Application\Runtime\Cache\Home\2a94b8bda04ff446dcedd42276fc99ee.php 第 151 行.
NOTIC: [2] Invalid argument supplied for foreach() D:\httpd\Apache24\htdocs\zjxm\Application\Runtime\Cache\Home\2a94b8bda04ff446dcedd42276fc99ee.php 第 151 行.
NOTIC: [8] Undefined index: children D:\httpd\Apache24\htdocs\zjxm\Application\Runtime\Cache\Home\2a94b8bda04ff446dcedd42276fc99ee.php 第 151 行.
NOTIC: [2] Invalid argument supplied for foreach() D:\httpd\Apache24\htdocs\zjxm\Application\Runtime\Cache\Home\2a94b8bda04ff446dcedd42276fc99ee.php 第 151 行.
NOTIC: [2] Invalid argument supplied for foreach() D:\httpd\Apache24\htdocs\zjxm\Application\Runtime\Cache\Home\2a94b8bda04ff446dcedd42276fc99ee.php 第 333 行.
NOTIC: [2] Invalid argument supplied for foreach() D:\httpd\Apache24\htdocs\zjxm\Application\Runtime\Cache\Home\2a94b8bda04ff446dcedd42276fc99ee.php 第 487 行.
NOTIC: [2] Invalid argument supplied for foreach() D:\httpd\Apache24\htdocs\zjxm\Application\Runtime\Cache\Home\2a94b8bda04ff446dcedd42276fc99ee.php 第 487 行.
NOTIC: [2] Invalid argument supplied for foreach() D:\httpd\Apache24\htdocs\zjxm\Application\Runtime\Cache\Home\2a94b8bda04ff446dcedd42276fc99ee.php 第 464 行.
NOTIC: [2] Invalid argument supplied for foreach() D:\httpd\Apache24\htdocs\zjxm\Application\Runtime\Cache\Home\2a94b8bda04ff446dcedd42276fc99ee.php 第 487 行.
NOTIC: [2] Invalid argument supplied for foreach() D:\httpd\Apache24\htdocs\zjxm\Application\Runtime\Cache\Home\2a94b8bda04ff446dcedd42276fc99ee.php 第 513 行.
INFO: Run Behavior\ParseTemplateBehavior [ RunTime:0.024650s ]
INFO: [ view_parse ] --END-- [ RunTime:0.024702s ]
INFO: [ view_filter ] --START--
INFO: Run Behavior\WriteHtmlCacheBehavior [ RunTime:0.002157s ]
INFO: [ view_filter ] --END-- [ RunTime:0.002236s ]
INFO: [ app_end ] --START--
INFO: Run Behavior\ShowPageTraceBehavior [ RunTime:0.001693s ]
INFO: [ app_end ] --END-- [ RunTime:0.001828s ]

[ 2017-05-11T10:35:36+08:00 ] 127.0.0.1 /index.php/home/index/index
INFO: [ app_init ] --START--
INFO: Run Behavior\BuildLiteBehavior [ RunTime:0.000019s ]
INFO: [ app_init ] --END-- [ RunTime:0.000670s ]
INFO: [ app_begin ] --START--
NOTIC: [2] fopen(/read_html_cache.lock): failed to open stream: No such file or directory D:\httpd\Apache24\htdocs\zjxm\ThinkPHP\Library\Behavior\ReadHtmlCacheBehavior.class.php 第 32 行.
NOTIC: [2] flock() expects parameter 1 to be resource, boolean given D:\httpd\Apache24\htdocs\zjxm\ThinkPHP\Library\Behavior\ReadHtmlCacheBehavior.class.php 第 33 行.
INFO: Run Behavior\ReadHtmlCacheBehavior [ RunTime:0.001574s ]
INFO: [ app_begin ] --END-- [ RunTime:0.001648s ]
SQL: DESCRIBE p_category [ RunTime:0.000971s ]
NOTIC: [2] file_put_contents(./piao/5913cdf81e261): failed to open stream: No such file or directory D:\httpd\Apache24\htdocs\zjxm\Application\Home\Controller\IndexController.class.php 第 7 行.
SQL: DESCRIBE p_goods [ RunTime:0.000894s ]
SQL: SELECT `id`,`goods_name`,`mid_logo`,`promote_price` FROM `p_goods` WHERE `is_on_sale` = '是' AND `promote_price` > 0 AND `promote_start_date` <= '2017-05-11 10:35' AND `promote_end_date` >= '2017-05-11 10:35' ORDER BY sort_num ASC LIMIT 5   [ RunTime:0.000488s ]
SQL: SELECT `id`,`goods_name`,`mid_logo`,`shop_price` FROM `p_goods` WHERE `is_on_sale` = '是' AND `is_new` = '是' ORDER BY sort_num ASC LIMIT 5   [ RunTime:0.000365s ]
SQL: SELECT `id`,`goods_name`,`mid_logo`,`shop_price` FROM `p_goods` WHERE `is_on_sale` = '是' AND `is_hot` = '是' ORDER BY sort_num ASC LIMIT 5   [ RunTime:0.000243s ]
SQL: SELECT `id`,`goods_name`,`mid_logo`,`shop_price` FROM `p_goods` WHERE `is_on_sale` = '是' AND `is_best` = '是' ORDER BY sort_num ASC LIMIT 5   [ RunTime:0.000258s ]
INFO: [ view_parse ] --START--
INFO: [ template_filter ] --START--
INFO: Run Behavior\ContentReplaceBehavior [ RunTime:0.000196s ]
INFO: [ template_filter ] --END-- [ RunTime:0.000256s ]
NOTIC: [8] Undefined index: children D:\httpd\Apache24\htdocs\zjxm\Application\Runtime\Cache\Home\2a94b8bda04ff446dcedd42276fc99ee.php 第 155 行.
NOTIC: [2] Invalid argument supplied for foreach() D:\httpd\Apache24\htdocs\zjxm\Application\Runtime\Cache\Home\2a94b8bda04ff446dcedd42276fc99ee.php 第 155 行.
NOTIC: [8] Undefined index: children D:\httpd\Apache24\htdocs\zjxm\Application\Runtime\Cache\Home\2a94b8bda04ff446dcedd42276fc99ee.php 第 155 行.
NOTIC: [2] Invalid argument supplied for foreach() D:\httpd\Apache24\htdocs\zjxm\Application\Runtime\Cache\Home\2a94b8bda04ff446dcedd42276fc99ee.php 第 155 行.
NOTIC: [8] Undefined index: children D:\httpd\Apache24\htdocs\zjxm\Application\Runtime\Cache\Home\2a94b8bda04ff446dcedd42276fc99ee.php 第 155 行.
NOTIC: [2] Invalid argument supplied for foreach() D:\httpd\Apache24\htdocs\zjxm\Application\Runtime\Cache\Home\2a94b8bda04ff446dcedd42276fc99ee.php 第 155 行.
NOTIC: [8] Undefined index: children D:\httpd\Apache24\htdocs\zjxm\Application\Runtime\Cache\Home\2a94b8bda04ff446dcedd42276fc99ee.php 第 155 行.
NOTIC: [2] Invalid argument supplied for foreach() D:\httpd\Apache24\htdocs\zjxm\Application\Runtime\Cache\Home\2a94b8bda04ff446dcedd42276fc99ee.php 第 155 行.
NOTIC: [8] Undefined index: children D:\httpd\Apache24\htdocs\zjxm\Application\Runtime\Cache\Home\2a94b8bda04ff446dcedd42276fc99ee.php 第 155 行.
NOTIC: [2] Invalid argument supplied for foreach() D:\httpd\Apache24\htdocs\zjxm\Application\Runtime\Cache\Home\2a94b8bda04ff446dcedd42276fc99ee.php 第 155 行.
NOTIC: [8] Undefined index: children D:\httpd\Apache24\htdocs\zjxm\Application\Runtime\Cache\Home\2a94b8bda04ff446dcedd42276fc99ee.php 第 151 行.
NOTIC: [2] Invalid argument supplied for foreach() D:\httpd\Apache24\htdocs\zjxm\Application\Runtime\Cache\Home\2a94b8bda04ff446dcedd42276fc99ee.php 第 151 行.
NOTIC: [8] Undefined index: children D:\httpd\Apache24\htdocs\zjxm\Application\Runtime\Cache\Home\2a94b8bda04ff446dcedd42276fc99ee.php 第 151 行.
NOTIC: [2] Invalid argument supplied for foreach() D:\httpd\Apache24\htdocs\zjxm\Application\Runtime\Cache\Home\2a94b8bda04ff446dcedd42276fc99ee.php 第 151 行.
NOTIC: [8] Undefined index: children D:\httpd\Apache24\htdocs\zjxm\Application\Runtime\Cache\Home\2a94b8bda04ff446dcedd42276fc99ee.php 第 151 行.
NOTIC: [2] Invalid argument supplied for foreach() D:\httpd\Apache24\htdocs\zjxm\Application\Runtime\Cache\Home\2a94b8bda04ff446dcedd42276fc99ee.php 第 151 行.
NOTIC: [8] Undefined index: children D:\httpd\Apache24\htdocs\zjxm\Application\Runtime\Cache\Home\2a94b8bda04ff446dcedd42276fc99ee.php 第 151 行.
NOTIC: [2] Invalid argument supplied for foreach() D:\httpd\Apache24\htdocs\zjxm\Application\Runtime\Cache\Home\2a94b8bda04ff446dcedd42276fc99ee.php 第 151 行.
NOTIC: [8] Undefined index: children D:\httpd\Apache24\htdocs\zjxm\Application\Runtime\Cache\Home\2a94b8bda04ff446dcedd42276fc99ee.php 第 151 行.
NOTIC: [2] Invalid argument supplied for foreach() D:\httpd\Apache24\htdocs\zjxm\Application\Runtime\Cache\Home\2a94b8bda04ff446dcedd42276fc99ee.php 第 151 行.
NOTIC: [8] Undefined index: children D:\httpd\Apache24\htdocs\zjxm\Application\Runtime\Cache\Home\2a94b8bda04ff446dcedd42276fc99ee.php 第 151 行.
NOTIC: [2] Invalid argument supplied for foreach() D:\httpd\Apache24\htdocs\zjxm\Application\Runtime\Cache\Home\2a94b8bda04ff446dcedd42276fc99ee.php 第 151 行.
NOTIC: [8] Undefined index: children D:\httpd\Apache24\htdocs\zjxm\Application\Runtime\Cache\Home\2a94b8bda04ff446dcedd42276fc99ee.php 第 151 行.
NOTIC: [2] Invalid argument supplied for foreach() D:\httpd\Apache24\htdocs\zjxm\Application\Runtime\Cache\Home\2a94b8bda04ff446dcedd42276fc99ee.php 第 151 行.
NOTIC: [8] Undefined index: children D:\httpd\Apache24\htdocs\zjxm\Application\Runtime\Cache\Home\2a94b8bda04ff446dcedd42276fc99ee.php 第 151 行.
NOTIC: [2] Invalid argument supplied for foreach() D:\httpd\Apache24\htdocs\zjxm\Application\Runtime\Cache\Home\2a94b8bda04ff446dcedd42276fc99ee.php 第 151 行.
NOTIC: [8] Undefined index: children D:\httpd\Apache24\htdocs\zjxm\Application\Runtime\Cache\Home\2a94b8bda04ff446dcedd42276fc99ee.php 第 151 行.
NOTIC: [2] Invalid argument supplied for foreach() D:\httpd\Apache24\htdocs\zjxm\Application\Runtime\Cache\Home\2a94b8bda04ff446dcedd42276fc99ee.php 第 151 行.
NOTIC: [8] Undefined index: children D:\httpd\Apache24\htdocs\zjxm\Application\Runtime\Cache\Home\2a94b8bda04ff446dcedd42276fc99ee.php 第 151 行.
NOTIC: [2] Invalid argument supplied for foreach() D:\httpd\Apache24\htdocs\zjxm\Application\Runtime\Cache\Home\2a94b8bda04ff446dcedd42276fc99ee.php 第 151 行.
NOTIC: [8] Undefined index: children D:\httpd\Apache24\htdocs\zjxm\Application\Runtime\Cache\Home\2a94b8bda04ff446dcedd42276fc99ee.php 第 151 行.
NOTIC: [2] Invalid argument supplied for foreach() D:\httpd\Apache24\htdocs\zjxm\Application\Runtime\Cache\Home\2a94b8bda04ff446dcedd42276fc99ee.php 第 151 行.
NOTIC: [8] Undefined index: children D:\httpd\Apache24\htdocs\zjxm\Application\Runtime\Cache\Home\2a94b8bda04ff446dcedd42276fc99ee.php 第 151 行.
NOTIC: [2] Invalid argument supplied for foreach() D:\httpd\Apache24\htdocs\zjxm\Application\Runtime\Cache\Home\2a94b8bda04ff446dcedd42276fc99ee.php 第 151 行.
NOTIC: [2] Invalid argument supplied for foreach() D:\httpd\Apache24\htdocs\zjxm\Application\Runtime\Cache\Home\2a94b8bda04ff446dcedd42276fc99ee.php 第 333 行.
NOTIC: [2] Invalid argument supplied for foreach() D:\httpd\Apache24\htdocs\zjxm\Application\Runtime\Cache\Home\2a94b8bda04ff446dcedd42276fc99ee.php 第 487 行.
NOTIC: [2] Invalid argument supplied for foreach() D:\httpd\Apache24\htdocs\zjxm\Application\Runtime\Cache\Home\2a94b8bda04ff446dcedd42276fc99ee.php 第 487 行.
NOTIC: [2] Invalid argument supplied for foreach() D:\httpd\Apache24\htdocs\zjxm\Application\Runtime\Cache\Home\2a94b8bda04ff446dcedd42276fc99ee.php 第 464 行.
NOTIC: [2] Invalid argument supplied for foreach() D:\httpd\Apache24\htdocs\zjxm\Application\Runtime\Cache\Home\2a94b8bda04ff446dcedd42276fc99ee.php 第 487 行.
NOTIC: [2] Invalid argument supplied for foreach() D:\httpd\Apache24\htdocs\zjxm\Application\Runtime\Cache\Home\2a94b8bda04ff446dcedd42276fc99ee.php 第 513 行.
INFO: Run Behavior\ParseTemplateBehavior [ RunTime:0.018811s ]
INFO: [ view_parse ] --END-- [ RunTime:0.018858s ]
INFO: [ view_filter ] --START--
INFO: Run Behavior\WriteHtmlCacheBehavior [ RunTime:0.008554s ]
INFO: [ view_filter ] --END-- [ RunTime:0.008651s ]
INFO: [ app_end ] --START--
INFO: Run Behavior\ShowPageTraceBehavior [ RunTime:0.001078s ]
INFO: [ app_end ] --END-- [ RunTime:0.001166s ]

[ 2017-05-11T10:36:13+08:00 ] 127.0.0.1 /index.php/home/index/index
INFO: [ app_init ] --START--
INFO: Run Behavior\BuildLiteBehavior [ RunTime:0.000014s ]
INFO: [ app_init ] --END-- [ RunTime:0.000431s ]
INFO: [ app_begin ] --START--

[ 2017-05-11T10:36:27+08:00 ] 127.0.0.1 /index.php/home/index/index
INFO: [ app_init ] --START--
INFO: Run Behavior\BuildLiteBehavior [ RunTime:0.000013s ]
INFO: [ app_init ] --END-- [ RunTime:0.000365s ]
INFO: [ app_begin ] --START--
NOTIC: [2] fopen(/read_html_cache.lock): failed to open stream: No such file or directory D:\httpd\Apache24\htdocs\zjxm\ThinkPHP\Library\Behavior\ReadHtmlCacheBehavior.class.php 第 32 行.
NOTIC: [2] flock() expects parameter 1 to be resource, boolean given D:\httpd\Apache24\htdocs\zjxm\ThinkPHP\Library\Behavior\ReadHtmlCacheBehavior.class.php 第 33 行.
INFO: Run Behavior\ReadHtmlCacheBehavior [ RunTime:0.000960s ]
INFO: [ app_begin ] --END-- [ RunTime:0.000999s ]
SQL: DESCRIBE p_category [ RunTime:0.000728s ]
SQL: DESCRIBE p_goods [ RunTime:0.000842s ]
SQL: SELECT `id`,`goods_name`,`mid_logo`,`promote_price` FROM `p_goods` WHERE `is_on_sale` = '是' AND `promote_price` > 0 AND `promote_start_date` <= '2017-05-11 10:36' AND `promote_end_date` >= '2017-05-11 10:36' ORDER BY sort_num ASC LIMIT 5   [ RunTime:0.000440s ]
SQL: SELECT `id`,`goods_name`,`mid_logo`,`shop_price` FROM `p_goods` WHERE `is_on_sale` = '是' AND `is_new` = '是' ORDER BY sort_num ASC LIMIT 5   [ RunTime:0.000346s ]
SQL: SELECT `id`,`goods_name`,`mid_logo`,`shop_price` FROM `p_goods` WHERE `is_on_sale` = '是' AND `is_hot` = '是' ORDER BY sort_num ASC LIMIT 5   [ RunTime:0.000370s ]
SQL: SELECT `id`,`goods_name`,`mid_logo`,`shop_price` FROM `p_goods` WHERE `is_on_sale` = '是' AND `is_best` = '是' ORDER BY sort_num ASC LIMIT 5   [ RunTime:0.000390s ]
INFO: [ view_parse ] --START--
INFO: [ template_filter ] --START--
INFO: Run Behavior\ContentReplaceBehavior [ RunTime:0.000198s ]
INFO: [ template_filter ] --END-- [ RunTime:0.000254s ]
NOTIC: [8] Undefined index: children D:\httpd\Apache24\htdocs\zjxm\Application\Runtime\Cache\Home\2a94b8bda04ff446dcedd42276fc99ee.php 第 155 行.
NOTIC: [2] Invalid argument supplied for foreach() D:\httpd\Apache24\htdocs\zjxm\Application\Runtime\Cache\Home\2a94b8bda04ff446dcedd42276fc99ee.php 第 155 行.
NOTIC: [8] Undefined index: children D:\httpd\Apache24\htdocs\zjxm\Application\Runtime\Cache\Home\2a94b8bda04ff446dcedd42276fc99ee.php 第 155 行.
NOTIC: [2] Invalid argument supplied for foreach() D:\httpd\Apache24\htdocs\zjxm\Application\Runtime\Cache\Home\2a94b8bda04ff446dcedd42276fc99ee.php 第 155 行.
NOTIC: [8] Undefined index: children D:\httpd\Apache24\htdocs\zjxm\Application\Runtime\Cache\Home\2a94b8bda04ff446dcedd42276fc99ee.php 第 155 行.
NOTIC: [2] Invalid argument supplied for foreach() D:\httpd\Apache24\htdocs\zjxm\Application\Runtime\Cache\Home\2a94b8bda04ff446dcedd42276fc99ee.php 第 155 行.
NOTIC: [8] Undefined index: children D:\httpd\Apache24\htdocs\zjxm\Application\Runtime\Cache\Home\2a94b8bda04ff446dcedd42276fc99ee.php 第 155 行.
NOTIC: [2] Invalid argument supplied for foreach() D:\httpd\Apache24\htdocs\zjxm\Application\Runtime\Cache\Home\2a94b8bda04ff446dcedd42276fc99ee.php 第 155 行.
NOTIC: [8] Undefined index: children D:\httpd\Apache24\htdocs\zjxm\Application\Runtime\Cache\Home\2a94b8bda04ff446dcedd42276fc99ee.php 第 155 行.
NOTIC: [2] Invalid argument supplied for foreach() D:\httpd\Apache24\htdocs\zjxm\Application\Runtime\Cache\Home\2a94b8bda04ff446dcedd42276fc99ee.php 第 155 行.
NOTIC: [8] Undefined index: children D:\httpd\Apache24\htdocs\zjxm\Application\Runtime\Cache\Home\2a94b8bda04ff446dcedd42276fc99ee.php 第 151 行.
NOTIC: [2] Invalid argument supplied for foreach() D:\httpd\Apache24\htdocs\zjxm\Application\Runtime\Cache\Home\2a94b8bda04ff446dcedd42276fc99ee.php 第 151 行.
NOTIC: [8] Undefined index: children D:\httpd\Apache24\htdocs\zjxm\Application\Runtime\Cache\Home\2a94b8bda04ff446dcedd42276fc99ee.php 第 151 行.
NOTIC: [2] Invalid argument supplied for foreach() D:\httpd\Apache24\htdocs\zjxm\Application\Runtime\Cache\Home\2a94b8bda04ff446dcedd42276fc99ee.php 第 151 行.
NOTIC: [8] Undefined index: children D:\httpd\Apache24\htdocs\zjxm\Application\Runtime\Cache\Home\2a94b8bda04ff446dcedd42276fc99ee.php 第 151 行.
NOTIC: [2] Invalid argument supplied for foreach() D:\httpd\Apache24\htdocs\zjxm\Application\Runtime\Cache\Home\2a94b8bda04ff446dcedd42276fc99ee.php 第 151 行.
NOTIC: [8] Undefined index: children D:\httpd\Apache24\htdocs\zjxm\Application\Runtime\Cache\Home\2a94b8bda04ff446dcedd42276fc99ee.php 第 151 行.
NOTIC: [2] Invalid argument supplied for foreach() D:\httpd\Apache24\htdocs\zjxm\Application\Runtime\Cache\Home\2a94b8bda04ff446dcedd42276fc99ee.php 第 151 行.
NOTIC: [8] Undefined index: children D:\httpd\Apache24\htdocs\zjxm\Application\Runtime\Cache\Home\2a94b8bda04ff446dcedd42276fc99ee.php 第 151 行.
NOTIC: [2] Invalid argument supplied for foreach() D:\httpd\Apache24\htdocs\zjxm\Application\Runtime\Cache\Home\2a94b8bda04ff446dcedd42276fc99ee.php 第 151 行.
NOTIC: [8] Undefined index: children D:\httpd\Apache24\htdocs\zjxm\Application\Runtime\Cache\Home\2a94b8bda04ff446dcedd42276fc99ee.php 第 151 行.
NOTIC: [2] Invalid argument supplied for foreach() D:\httpd\Apache24\htdocs\zjxm\Application\Runtime\Cache\Home\2a94b8bda04ff446dcedd42276fc99ee.php 第 151 行.
NOTIC: [8] Undefined index: children D:\httpd\Apache24\htdocs\zjxm\Application\Runtime\Cache\Home\2a94b8bda04ff446dcedd42276fc99ee.php 第 151 行.
NOTIC: [2] Invalid argument supplied for foreach() D:\httpd\Apache24\htdocs\zjxm\Application\Runtime\Cache\Home\2a94b8bda04ff446dcedd42276fc99ee.php 第 151 行.
NOTIC: [8] Undefined index: children D:\httpd\Apache24\htdocs\zjxm\Application\Runtime\Cache\Home\2a94b8bda04ff446dcedd42276fc99ee.php 第 151 行.
NOTIC: [2] Invalid argument supplied for foreach() D:\httpd\Apache24\htdocs\zjxm\Application\Runtime\Cache\Home\2a94b8bda04ff446dcedd42276fc99ee.php 第 151 行.
NOTIC: [8] Undefined index: children D:\httpd\Apache24\htdocs\zjxm\Application\Runtime\Cache\Home\2a94b8bda04ff446dcedd42276fc99ee.php 第 151 行.
NOTIC: [2] Invalid argument supplied for foreach() D:\httpd\Apache24\htdocs\zjxm\Application\Runtime\Cache\Home\2a94b8bda04ff446dcedd42276fc99ee.php 第 151 行.
NOTIC: [8] Undefined index: children D:\httpd\Apache24\htdocs\zjxm\Application\Runtime\Cache\Home\2a94b8bda04ff446dcedd42276fc99ee.php 第 151 行.
NOTIC: [2] Invalid argument supplied for foreach() D:\httpd\Apache24\htdocs\zjxm\Application\Runtime\Cache\Home\2a94b8bda04ff446dcedd42276fc99ee.php 第 151 行.
NOTIC: [8] Undefined index: children D:\httpd\Apache24\htdocs\zjxm\Application\Runtime\Cache\Home\2a94b8bda04ff446dcedd42276fc99ee.php 第 151 行.
NOTIC: [2] Invalid argument supplied for foreach() D:\httpd\Apache24\htdocs\zjxm\Application\Runtime\Cache\Home\2a94b8bda04ff446dcedd42276fc99ee.php 第 151 行.
NOTIC: [8] Undefined index: children D:\httpd\Apache24\htdocs\zjxm\Application\Runtime\Cache\Home\2a94b8bda04ff446dcedd42276fc99ee.php 第 151 行.
NOTIC: [2] Invalid argument supplied for foreach() D:\httpd\Apache24\htdocs\zjxm\Application\Runtime\Cache\Home\2a94b8bda04ff446dcedd42276fc99ee.php 第 151 行.
NOTIC: [2] Invalid argument supplied for foreach() D:\httpd\Apache24\htdocs\zjxm\Application\Runtime\Cache\Home\2a94b8bda04ff446dcedd42276fc99ee.php 第 333 行.
NOTIC: [2] Invalid argument supplied for foreach() D:\httpd\Apache24\htdocs\zjxm\Application\Runtime\Cache\Home\2a94b8bda04ff446dcedd42276fc99ee.php 第 487 行.
NOTIC: [2] Invalid argument supplied for foreach() D:\httpd\Apache24\htdocs\zjxm\Application\Runtime\Cache\Home\2a94b8bda04ff446dcedd42276fc99ee.php 第 487 行.
NOTIC: [2] Invalid argument supplied for foreach() D:\httpd\Apache24\htdocs\zjxm\Application\Runtime\Cache\Home\2a94b8bda04ff446dcedd42276fc99ee.php 第 464 行.
NOTIC: [2] Invalid argument supplied for foreach() D:\httpd\Apache24\htdocs\zjxm\Application\Runtime\Cache\Home\2a94b8bda04ff446dcedd42276fc99ee.php 第 487 行.
NOTIC: [2] Invalid argument supplied for foreach() D:\httpd\Apache24\htdocs\zjxm\Application\Runtime\Cache\Home\2a94b8bda04ff446dcedd42276fc99ee.php 第 513 行.
INFO: Run Behavior\ParseTemplateBehavior [ RunTime:0.020200s ]
INFO: [ view_parse ] --END-- [ RunTime:0.020280s ]
INFO: [ view_filter ] --START--
INFO: Run Behavior\WriteHtmlCacheBehavior [ RunTime:0.001981s ]
INFO: [ view_filter ] --END-- [ RunTime:0.002050s ]
INFO: [ app_end ] --START--
INFO: Run Behavior\ShowPageTraceBehavior [ RunTime:0.001218s ]
INFO: [ app_end ] --END-- [ RunTime:0.001295s ]

[ 2017-05-11T10:40:06+08:00 ] 127.0.0.1 /index.php/home/index/goods
INFO: [ app_init ] --START--
INFO: Run Behavior\BuildLiteBehavior [ RunTime:0.000015s ]
INFO: [ app_init ] --END-- [ RunTime:0.000528s ]
INFO: [ app_begin ] --START--
NOTIC: [2] fopen(/read_html_cache.lock): failed to open stream: No such file or directory D:\httpd\Apache24\htdocs\zjxm\ThinkPHP\Library\Behavior\ReadHtmlCacheBehavior.class.php 第 32 行.
NOTIC: [2] flock() expects parameter 1 to be resource, boolean given D:\httpd\Apache24\htdocs\zjxm\ThinkPHP\Library\Behavior\ReadHtmlCacheBehavior.class.php 第 33 行.
INFO: Run Behavior\ReadHtmlCacheBehavior [ RunTime:0.001380s ]
INFO: [ app_begin ] --END-- [ RunTime:0.001458s ]
SQL: DESCRIBE p_category [ RunTime:0.000811s ]
INFO: [ view_parse ] --START--
INFO: [ template_filter ] --START--
INFO: Run Behavior\ContentReplaceBehavior [ RunTime:0.000209s ]
INFO: [ template_filter ] --END-- [ RunTime:0.000257s ]
NOTIC: [8] Undefined index: children D:\httpd\Apache24\htdocs\zjxm\Application\Runtime\Cache\Home\862a52d698112494831f0f0bc6d3727d.php 第 171 行.
NOTIC: [2] Invalid argument supplied for foreach() D:\httpd\Apache24\htdocs\zjxm\Application\Runtime\Cache\Home\862a52d698112494831f0f0bc6d3727d.php 第 171 行.
NOTIC: [8] Undefined index: children D:\httpd\Apache24\htdocs\zjxm\Application\Runtime\Cache\Home\862a52d698112494831f0f0bc6d3727d.php 第 171 行.
NOTIC: [2] Invalid argument supplied for foreach() D:\httpd\Apache24\htdocs\zjxm\Application\Runtime\Cache\Home\862a52d698112494831f0f0bc6d3727d.php 第 171 行.
NOTIC: [8] Undefined index: children D:\httpd\Apache24\htdocs\zjxm\Application\Runtime\Cache\Home\862a52d698112494831f0f0bc6d3727d.php 第 171 行.
NOTIC: [2] Invalid argument supplied for foreach() D:\httpd\Apache24\htdocs\zjxm\Application\Runtime\Cache\Home\862a52d698112494831f0f0bc6d3727d.php 第 171 行.
NOTIC: [8] Undefined index: children D:\httpd\Apache24\htdocs\zjxm\Application\Runtime\Cache\Home\862a52d698112494831f0f0bc6d3727d.php 第 171 行.
NOTIC: [2] Invalid argument supplied for foreach() D:\httpd\Apache24\htdocs\zjxm\Application\Runtime\Cache\Home\862a52d698112494831f0f0bc6d3727d.php 第 171 行.
NOTIC: [8] Undefined index: children D:\httpd\Apache24\htdocs\zjxm\Application\Runtime\Cache\Home\862a52d698112494831f0f0bc6d3727d.php 第 171 行.
NOTIC: [2] Invalid argument supplied for foreach() D:\httpd\Apache24\htdocs\zjxm\Application\Runtime\Cache\Home\862a52d698112494831f0f0bc6d3727d.php 第 171 行.
NOTIC: [8] Undefined index: children D:\httpd\Apache24\htdocs\zjxm\Application\Runtime\Cache\Home\862a52d698112494831f0f0bc6d3727d.php 第 167 行.
NOTIC: [2] Invalid argument supplied for foreach() D:\httpd\Apache24\htdocs\zjxm\Application\Runtime\Cache\Home\862a52d698112494831f0f0bc6d3727d.php 第 167 行.
NOTIC: [8] Undefined index: children D:\httpd\Apache24\htdocs\zjxm\Application\Runtime\Cache\Home\862a52d698112494831f0f0bc6d3727d.php 第 167 行.
NOTIC: [2] Invalid argument supplied for foreach() D:\httpd\Apache24\htdocs\zjxm\Application\Runtime\Cache\Home\862a52d698112494831f0f0bc6d3727d.php 第 167 行.
NOTIC: [8] Undefined index: children D:\httpd\Apache24\htdocs\zjxm\Application\Runtime\Cache\Home\862a52d698112494831f0f0bc6d3727d.php 第 167 行.
NOTIC: [2] Invalid argument supplied for foreach() D:\httpd\Apache24\htdocs\zjxm\Application\Runtime\Cache\Home\862a52d698112494831f0f0bc6d3727d.php 第 167 行.
NOTIC: [8] Undefined index: children D:\httpd\Apache24\htdocs\zjxm\Application\Runtime\Cache\Home\862a52d698112494831f0f0bc6d3727d.php 第 167 行.
NOTIC: [2] Invalid argument supplied for foreach() D:\httpd\Apache24\htdocs\zjxm\Application\Runtime\Cache\Home\862a52d698112494831f0f0bc6d3727d.php 第 167 行.
NOTIC: [8] Undefined index: children D:\httpd\Apache24\htdocs\zjxm\Application\Runtime\Cache\Home\862a52d698112494831f0f0bc6d3727d.php 第 167 行.
NOTIC: [2] Invalid argument supplied for foreach() D:\httpd\Apache24\htdocs\zjxm\Application\Runtime\Cache\Home\862a52d698112494831f0f0bc6d3727d.php 第 167 行.
NOTIC: [8] Undefined index: children D:\httpd\Apache24\htdocs\zjxm\Application\Runtime\Cache\Home\862a52d698112494831f0f0bc6d3727d.php 第 167 行.
NOTIC: [2] Invalid argument supplied for foreach() D:\httpd\Apache24\htdocs\zjxm\Application\Runtime\Cache\Home\862a52d698112494831f0f0bc6d3727d.php 第 167 行.
NOTIC: [8] Undefined index: children D:\httpd\Apache24\htdocs\zjxm\Application\Runtime\Cache\Home\862a52d698112494831f0f0bc6d3727d.php 第 167 行.
NOTIC: [2] Invalid argument supplied for foreach() D:\httpd\Apache24\htdocs\zjxm\Application\Runtime\Cache\Home\862a52d698112494831f0f0bc6d3727d.php 第 167 行.
NOTIC: [8] Undefined index: children D:\httpd\Apache24\htdocs\zjxm\Application\Runtime\Cache\Home\862a52d698112494831f0f0bc6d3727d.php 第 167 行.
NOTIC: [2] Invalid argument supplied for foreach() D:\httpd\Apache24\htdocs\zjxm\Application\Runtime\Cache\Home\862a52d698112494831f0f0bc6d3727d.php 第 167 行.
NOTIC: [8] Undefined index: children D:\httpd\Apache24\htdocs\zjxm\Application\Runtime\Cache\Home\862a52d698112494831f0f0bc6d3727d.php 第 167 行.
NOTIC: [2] Invalid argument supplied for foreach() D:\httpd\Apache24\htdocs\zjxm\Application\Runtime\Cache\Home\862a52d698112494831f0f0bc6d3727d.php 第 167 行.
NOTIC: [8] Undefined index: children D:\httpd\Apache24\htdocs\zjxm\Application\Runtime\Cache\Home\862a52d698112494831f0f0bc6d3727d.php 第 167 行.
NOTIC: [2] Invalid argument supplied for foreach() D:\httpd\Apache24\htdocs\zjxm\Application\Runtime\Cache\Home\862a52d698112494831f0f0bc6d3727d.php 第 167 行.
NOTIC: [8] Undefined index: children D:\httpd\Apache24\htdocs\zjxm\Application\Runtime\Cache\Home\862a52d698112494831f0f0bc6d3727d.php 第 167 行.
NOTIC: [2] Invalid argument supplied for foreach() D:\httpd\Apache24\htdocs\zjxm\Application\Runtime\Cache\Home\862a52d698112494831f0f0bc6d3727d.php 第 167 行.
NOTIC: [8] Undefined index: children D:\httpd\Apache24\htdocs\zjxm\Application\Runtime\Cache\Home\862a52d698112494831f0f0bc6d3727d.php 第 167 行.
NOTIC: [2] Invalid argument supplied for foreach() D:\httpd\Apache24\htdocs\zjxm\Application\Runtime\Cache\Home\862a52d698112494831f0f0bc6d3727d.php 第 167 行.
NOTIC: [8] Undefined variable: catPath D:\httpd\Apache24\htdocs\zjxm\Application\Runtime\Cache\Home\862a52d698112494831f0f0bc6d3727d.php 第 210 行.
NOTIC: [8] Undefined variable: info D:\httpd\Apache24\htdocs\zjxm\Application\Runtime\Cache\Home\862a52d698112494831f0f0bc6d3727d.php 第 213 行.
NOTIC: [8] Undefined variable: info D:\httpd\Apache24\htdocs\zjxm\Application\Runtime\Cache\Home\862a52d698112494831f0f0bc6d3727d.php 第 330 行.
NOTIC: [8] Undefined variable: info D:\httpd\Apache24\htdocs\zjxm\Application\Runtime\Cache\Home\862a52d698112494831f0f0bc6d3727d.php 第 801 行.
INFO: Run Behavior\ParseTemplateBehavior [ RunTime:0.098210s ]
INFO: [ view_parse ] --END-- [ RunTime:0.098259s ]
INFO: [ view_filter ] --START--
INFO: Run Behavior\WriteHtmlCacheBehavior [ RunTime:0.000439s ]
INFO: [ view_filter ] --END-- [ RunTime:0.000475s ]
INFO: [ app_end ] --START--
INFO: Run Behavior\ShowPageTraceBehavior [ RunTime:0.000960s ]
INFO: [ app_end ] --END-- [ RunTime:0.001017s ]

[ 2017-05-11T10:40:06+08:00 ] 127.0.0.1 /index.php/Home/Index/displayHistory.html
INFO: [ app_init ] --START--
INFO: Run Behavior\BuildLiteBehavior [ RunTime:0.000026s ]
INFO: [ app_init ] --END-- [ RunTime:0.000763s ]
INFO: [ app_begin ] --START--
NOTIC: [2] fopen(/read_html_cache.lock): failed to open stream: No such file or directory D:\httpd\Apache24\htdocs\zjxm\ThinkPHP\Library\Behavior\ReadHtmlCacheBehavior.class.php 第 32 行.
NOTIC: [2] flock() expects parameter 1 to be resource, boolean given D:\httpd\Apache24\htdocs\zjxm\ThinkPHP\Library\Behavior\ReadHtmlCacheBehavior.class.php 第 33 行.
INFO: Run Behavior\ReadHtmlCacheBehavior [ RunTime:0.001389s ]
INFO: [ app_begin ] --END-- [ RunTime:0.001464s ]
SQL: DESCRIBE p_category [ RunTime:0.001071s ]
ERR: 非法操作:displayHistory

[ 2017-05-11T11:10:20+08:00 ] 127.0.0.1 /index.php/home/index/goods
INFO: [ app_init ] --START--
INFO: Run Behavior\BuildLiteBehavior [ RunTime:0.000013s ]
INFO: [ app_init ] --END-- [ RunTime:0.000395s ]
INFO: [ app_begin ] --START--
NOTIC: [2] fopen(/read_html_cache.lock): failed to open stream: No such file or directory D:\httpd\Apache24\htdocs\zjxm\ThinkPHP\Library\Behavior\ReadHtmlCacheBehavior.class.php 第 32 行.
NOTIC: [2] flock() expects parameter 1 to be resource, boolean given D:\httpd\Apache24\htdocs\zjxm\ThinkPHP\Library\Behavior\ReadHtmlCacheBehavior.class.php 第 33 行.
INFO: Run Behavior\ReadHtmlCacheBehavior [ RunTime:0.001060s ]
INFO: [ app_begin ] --END-- [ RunTime:0.001157s ]
SQL: DESCRIBE p_category [ RunTime:0.000726s ]
INFO: [ view_parse ] --START--
INFO: [ template_filter ] --START--
INFO: Run Behavior\ContentReplaceBehavior [ RunTime:0.000212s ]
INFO: [ template_filter ] --END-- [ RunTime:0.000259s ]
NOTIC: [8] Undefined index: children D:\httpd\Apache24\htdocs\zjxm\Application\Runtime\Cache\Home\862a52d698112494831f0f0bc6d3727d.php 第 171 行.
NOTIC: [2] Invalid argument supplied for foreach() D:\httpd\Apache24\htdocs\zjxm\Application\Runtime\Cache\Home\862a52d698112494831f0f0bc6d3727d.php 第 171 行.
NOTIC: [8] Undefined index: children D:\httpd\Apache24\htdocs\zjxm\Application\Runtime\Cache\Home\862a52d698112494831f0f0bc6d3727d.php 第 171 行.
NOTIC: [2] Invalid argument supplied for foreach() D:\httpd\Apache24\htdocs\zjxm\Application\Runtime\Cache\Home\862a52d698112494831f0f0bc6d3727d.php 第 171 行.
NOTIC: [8] Undefined index: children D:\httpd\Apache24\htdocs\zjxm\Application\Runtime\Cache\Home\862a52d698112494831f0f0bc6d3727d.php 第 171 行.
NOTIC: [2] Invalid argument supplied for foreach() D:\httpd\Apache24\htdocs\zjxm\Application\Runtime\Cache\Home\862a52d698112494831f0f0bc6d3727d.php 第 171 行.
NOTIC: [8] Undefined index: children D:\httpd\Apache24\htdocs\zjxm\Application\Runtime\Cache\Home\862a52d698112494831f0f0bc6d3727d.php 第 171 行.
NOTIC: [2] Invalid argument supplied for foreach() D:\httpd\Apache24\htdocs\zjxm\Application\Runtime\Cache\Home\862a52d698112494831f0f0bc6d3727d.php 第 171 行.
NOTIC: [8] Undefined index: children D:\httpd\Apache24\htdocs\zjxm\Application\Runtime\Cache\Home\862a52d698112494831f0f0bc6d3727d.php 第 171 行.
NOTIC: [2] Invalid argument supplied for foreach() D:\httpd\Apache24\htdocs\zjxm\Application\Runtime\Cache\Home\862a52d698112494831f0f0bc6d3727d.php 第 171 行.
NOTIC: [8] Undefined index: children D:\httpd\Apache24\htdocs\zjxm\Application\Runtime\Cache\Home\862a52d698112494831f0f0bc6d3727d.php 第 167 行.
NOTIC: [2] Invalid argument supplied for foreach() D:\httpd\Apache24\htdocs\zjxm\Application\Runtime\Cache\Home\862a52d698112494831f0f0bc6d3727d.php 第 167 行.
NOTIC: [8] Undefined index: children D:\httpd\Apache24\htdocs\zjxm\Application\Runtime\Cache\Home\862a52d698112494831f0f0bc6d3727d.php 第 167 行.
NOTIC: [2] Invalid argument supplied for foreach() D:\httpd\Apache24\htdocs\zjxm\Application\Runtime\Cache\Home\862a52d698112494831f0f0bc6d3727d.php 第 167 行.
NOTIC: [8] Undefined index: children D:\httpd\Apache24\htdocs\zjxm\Application\Runtime\Cache\Home\862a52d698112494831f0f0bc6d3727d.php 第 167 行.
NOTIC: [2] Invalid argument supplied for foreach() D:\httpd\Apache24\htdocs\zjxm\Application\Runtime\Cache\Home\862a52d698112494831f0f0bc6d3727d.php 第 167 行.
NOTIC: [8] Undefined index: children D:\httpd\Apache24\htdocs\zjxm\Application\Runtime\Cache\Home\862a52d698112494831f0f0bc6d3727d.php 第 167 行.
NOTIC: [2] Invalid argument supplied for foreach() D:\httpd\Apache24\htdocs\zjxm\Application\Runtime\Cache\Home\862a52d698112494831f0f0bc6d3727d.php 第 167 行.
NOTIC: [8] Undefined index: children D:\httpd\Apache24\htdocs\zjxm\Application\Runtime\Cache\Home\862a52d698112494831f0f0bc6d3727d.php 第 167 行.
NOTIC: [2] Invalid argument supplied for foreach() D:\httpd\Apache24\htdocs\zjxm\Application\Runtime\Cache\Home\862a52d698112494831f0f0bc6d3727d.php 第 167 行.
NOTIC: [8] Undefined index: children D:\httpd\Apache24\htdocs\zjxm\Application\Runtime\Cache\Home\862a52d698112494831f0f0bc6d3727d.php 第 167 行.
NOTIC: [2] Invalid argument supplied for foreach() D:\httpd\Apache24\htdocs\zjxm\Application\Runtime\Cache\Home\862a52d698112494831f0f0bc6d3727d.php 第 167 行.
NOTIC: [8] Undefined index: children D:\httpd\Apache24\htdocs\zjxm\Application\Runtime\Cache\Home\862a52d698112494831f0f0bc6d3727d.php 第 167 行.
NOTIC: [2] Invalid argument supplied for foreach() D:\httpd\Apache24\htdocs\zjxm\Application\Runtime\Cache\Home\862a52d698112494831f0f0bc6d3727d.php 第 167 行.
NOTIC: [8] Undefined index: children D:\httpd\Apache24\htdocs\zjxm\Application\Runtime\Cache\Home\862a52d698112494831f0f0bc6d3727d.php 第 167 行.
NOTIC: [2] Invalid argument supplied for foreach() D:\httpd\Apache24\htdocs\zjxm\Application\Runtime\Cache\Home\862a52d698112494831f0f0bc6d3727d.php 第 167 行.
NOTIC: [8] Undefined index: children D:\httpd\Apache24\htdocs\zjxm\Application\Runtime\Cache\Home\862a52d698112494831f0f0bc6d3727d.php 第 167 行.
NOTIC: [2] Invalid argument supplied for foreach() D:\httpd\Apache24\htdocs\zjxm\Application\Runtime\Cache\Home\862a52d698112494831f0f0bc6d3727d.php 第 167 行.
NOTIC: [8] Undefined index: children D:\httpd\Apache24\htdocs\zjxm\Application\Runtime\Cache\Home\862a52d698112494831f0f0bc6d3727d.php 第 167 行.
NOTIC: [2] Invalid argument supplied for foreach() D:\httpd\Apache24\htdocs\zjxm\Application\Runtime\Cache\Home\862a52d698112494831f0f0bc6d3727d.php 第 167 行.
NOTIC: [8] Undefined index: children D:\httpd\Apache24\htdocs\zjxm\Application\Runtime\Cache\Home\862a52d698112494831f0f0bc6d3727d.php 第 167 行.
NOTIC: [2] Invalid argument supplied for foreach() D:\httpd\Apache24\htdocs\zjxm\Application\Runtime\Cache\Home\862a52d698112494831f0f0bc6d3727d.php 第 167 行.
NOTIC: [8] Undefined index: children D:\httpd\Apache24\htdocs\zjxm\Application\Runtime\Cache\Home\862a52d698112494831f0f0bc6d3727d.php 第 167 行.
NOTIC: [2] Invalid argument supplied for foreach() D:\httpd\Apache24\htdocs\zjxm\Application\Runtime\Cache\Home\862a52d698112494831f0f0bc6d3727d.php 第 167 行.
NOTIC: [8] Undefined variable: catPath D:\httpd\Apache24\htdocs\zjxm\Application\Runtime\Cache\Home\862a52d698112494831f0f0bc6d3727d.php 第 210 行.
NOTIC: [8] Undefined variable: info D:\httpd\Apache24\htdocs\zjxm\Application\Runtime\Cache\Home\862a52d698112494831f0f0bc6d3727d.php 第 213 行.
NOTIC: [8] Undefined variable: info D:\httpd\Apache24\htdocs\zjxm\Application\Runtime\Cache\Home\862a52d698112494831f0f0bc6d3727d.php 第 330 行.
NOTIC: [8] Undefined variable: info D:\httpd\Apache24\htdocs\zjxm\Application\Runtime\Cache\Home\862a52d698112494831f0f0bc6d3727d.php 第 801 行.
INFO: Run Behavior\ParseTemplateBehavior [ RunTime:0.016320s ]
INFO: [ view_parse ] --END-- [ RunTime:0.016373s ]
INFO: [ view_filter ] --START--
INFO: Run Behavior\WriteHtmlCacheBehavior [ RunTime:0.000341s ]
INFO: [ view_filter ] --END-- [ RunTime:0.000369s ]
INFO: [ app_end ] --START--
INFO: Run Behavior\ShowPageTraceBehavior [ RunTime:0.000944s ]
INFO: [ app_end ] --END-- [ RunTime:0.001010s ]

[ 2017-05-11T11:10:21+08:00 ] 127.0.0.1 /index.php/Home/Index/displayHistory.html
INFO: [ app_init ] --START--
INFO: Run Behavior\BuildLiteBehavior [ RunTime:0.000026s ]
INFO: [ app_init ] --END-- [ RunTime:0.000820s ]
INFO: [ app_begin ] --START--
NOTIC: [2] fopen(/read_html_cache.lock): failed to open stream: No such file or directory D:\httpd\Apache24\htdocs\zjxm\ThinkPHP\Library\Behavior\ReadHtmlCacheBehavior.class.php 第 32 行.
NOTIC: [2] flock() expects parameter 1 to be resource, boolean given D:\httpd\Apache24\htdocs\zjxm\ThinkPHP\Library\Behavior\ReadHtmlCacheBehavior.class.php 第 33 行.
INFO: Run Behavior\ReadHtmlCacheBehavior [ RunTime:0.003284s ]
INFO: [ app_begin ] --END-- [ RunTime:0.003557s ]
SQL: DESCRIBE p_category [ RunTime:0.000870s ]
ERR: 非法操作:displayHistory

