[ 2017-05-10T10:19:56+08:00 ] 127.0.0.1 /index.php/home/index/index
INFO: [ app_init ] --START--
INFO: Run Behavior\BuildLiteBehavior [ RunTime:0.000022s ]
INFO: [ app_init ] --END-- [ RunTime:0.000635s ]
INFO: [ app_begin ] --START--
INFO: Run Behavior\ReadHtmlCacheBehavior [ RunTime:0.000814s ]
INFO: [ app_begin ] --END-- [ RunTime:0.000889s ]
SQL: DESCRIBE p_category [ RunTime:0.001108s ]
SQL: DESCRIBE p_goods [ RunTime:0.009091s ]
SQL: SELECT `id`,`goods_name`,`mid_logo`,`promote_price` FROM `p_goods` WHERE `is_on_sale` = '是' AND `promote_price` > 0 AND `promote_start_date` <= '2017-05-10 10:19' AND `promote_end_date` >= '2017-05-10 10:19' LIMIT 5   [ RunTime:0.027582s ]
INFO: [ view_parse ] --START--
INFO: [ template_filter ] --START--
INFO: Run Behavior\ContentReplaceBehavior [ RunTime:0.000331s ]
INFO: [ template_filter ] --END-- [ RunTime:0.000415s ]
NOTIC: [8] Undefined index: children D:\httpd\Apache24\htdocs\zjxm\Application\Runtime\Cache\Home\2a94b8bda04ff446dcedd42276fc99ee.php 第 155 行.
NOTIC: [2] Invalid argument supplied for foreach() D:\httpd\Apache24\htdocs\zjxm\Application\Runtime\Cache\Home\2a94b8bda04ff446dcedd42276fc99ee.php 第 155 行.
NOTIC: [8] Undefined index: children D:\httpd\Apache24\htdocs\zjxm\Application\Runtime\Cache\Home\2a94b8bda04ff446dcedd42276fc99ee.php 第 155 行.
NOTIC: [2] Invalid argument supplied for foreach() D:\httpd\Apache24\htdocs\zjxm\Application\Runtime\Cache\Home\2a94b8bda04ff446dcedd42276fc99ee.php 第 155 行.
NOTIC: [8] Undefined index: children D:\httpd\Apache24\htdocs\zjxm\Application\Runtime\Cache\Home\2a94b8bda04ff446dcedd42276fc99ee.php 第 155 行.
NOTIC: [2] Invalid argument supplied for foreach() D:\httpd\Apache24\htdocs\zjxm\Application\Runtime\Cache\Home\2a94b8bda04ff446dcedd42276fc99ee.php 第 155 行.
NOTIC: [8] Undefined index: children D:\httpd\Apache24\htdocs\zjxm\Application\Runtime\Cache\Home\2a94b8bda04ff446dcedd42276fc99ee.php 第 155 行.
NOTIC: [2] Invalid argument supplied for foreach() D:\httpd\Apache24\htdocs\zjxm\Application\Runtime\Cache\Home\2a94b8bda04ff446dcedd42276fc99ee.php 第 155 行.
NOTIC: [8] Undefined index: children D:\httpd\Apache24\htdocs\zjxm\Application\Runtime\Cache\Home\2a94b8bda04ff446dcedd42276fc99ee.php 第 155 行.
NOTIC: [2] Invalid argument supplied for foreach() D:\httpd\Apache24\htdocs\zjxm\Application\Runtime\Cache\Home\2a94b8bda04ff446dcedd42276fc99ee.php 第 155 行.
NOTIC: [8] Undefined index: children D:\httpd\Apache24\htdocs\zjxm\Application\Runtime\Cache\Home\2a94b8bda04ff446dcedd42276fc99ee.php 第 151 行.
NOTIC: [2] Invalid argument supplied for foreach() D:\httpd\Apache24\htdocs\zjxm\Application\Runtime\Cache\Home\2a94b8bda04ff446dcedd42276fc99ee.php 第 151 行.
NOTIC: [8] Undefined index: children D:\httpd\Apache24\htdocs\zjxm\Application\Runtime\Cache\Home\2a94b8bda04ff446dcedd42276fc99ee.php 第 151 行.
NOTIC: [2] Invalid argument supplied for foreach() D:\httpd\Apache24\htdocs\zjxm\Application\Runtime\Cache\Home\2a94b8bda04ff446dcedd42276fc99ee.php 第 151 行.
NOTIC: [8] Undefined index: children D:\httpd\Apache24\htdocs\zjxm\Application\Runtime\Cache\Home\2a94b8bda04ff446dcedd42276fc99ee.php 第 151 行.
NOTIC: [2] Invalid argument supplied for foreach() D:\httpd\Apache24\htdocs\zjxm\Application\Runtime\Cache\Home\2a94b8bda04ff446dcedd42276fc99ee.php 第 151 行.
NOTIC: [8] Undefined index: children D:\httpd\Apache24\htdocs\zjxm\Application\Runtime\Cache\Home\2a94b8bda04ff446dcedd42276fc99ee.php 第 151 行.
NOTIC: [2] Invalid argument supplied for foreach() D:\httpd\Apache24\htdocs\zjxm\Application\Runtime\Cache\Home\2a94b8bda04ff446dcedd42276fc99ee.php 第 151 行.
NOTIC: [8] Undefined index: children D:\httpd\Apache24\htdocs\zjxm\Application\Runtime\Cache\Home\2a94b8bda04ff446dcedd42276fc99ee.php 第 151 行.
NOTIC: [2] Invalid argument supplied for foreach() D:\httpd\Apache24\htdocs\zjxm\Application\Runtime\Cache\Home\2a94b8bda04ff446dcedd42276fc99ee.php 第 151 行.
NOTIC: [8] Undefined index: children D:\httpd\Apache24\htdocs\zjxm\Application\Runtime\Cache\Home\2a94b8bda04ff446dcedd42276fc99ee.php 第 151 行.
NOTIC: [2] Invalid argument supplied for foreach() D:\httpd\Apache24\htdocs\zjxm\Application\Runtime\Cache\Home\2a94b8bda04ff446dcedd42276fc99ee.php 第 151 行.
NOTIC: [8] Undefined index: children D:\httpd\Apache24\htdocs\zjxm\Application\Runtime\Cache\Home\2a94b8bda04ff446dcedd42276fc99ee.php 第 151 行.
NOTIC: [2] Invalid argument supplied for foreach() D:\httpd\Apache24\htdocs\zjxm\Application\Runtime\Cache\Home\2a94b8bda04ff446dcedd42276fc99ee.php 第 151 行.
NOTIC: [8] Undefined index: children D:\httpd\Apache24\htdocs\zjxm\Application\Runtime\Cache\Home\2a94b8bda04ff446dcedd42276fc99ee.php 第 151 行.
NOTIC: [2] Invalid argument supplied for foreach() D:\httpd\Apache24\htdocs\zjxm\Application\Runtime\Cache\Home\2a94b8bda04ff446dcedd42276fc99ee.php 第 151 行.
NOTIC: [8] Undefined index: children D:\httpd\Apache24\htdocs\zjxm\Application\Runtime\Cache\Home\2a94b8bda04ff446dcedd42276fc99ee.php 第 151 行.
NOTIC: [2] Invalid argument supplied for foreach() D:\httpd\Apache24\htdocs\zjxm\Application\Runtime\Cache\Home\2a94b8bda04ff446dcedd42276fc99ee.php 第 151 行.
NOTIC: [8] Undefined index: children D:\httpd\Apache24\htdocs\zjxm\Application\Runtime\Cache\Home\2a94b8bda04ff446dcedd42276fc99ee.php 第 151 行.
NOTIC: [2] Invalid argument supplied for foreach() D:\httpd\Apache24\htdocs\zjxm\Application\Runtime\Cache\Home\2a94b8bda04ff446dcedd42276fc99ee.php 第 151 行.
NOTIC: [8] Undefined index: children D:\httpd\Apache24\htdocs\zjxm\Application\Runtime\Cache\Home\2a94b8bda04ff446dcedd42276fc99ee.php 第 151 行.
NOTIC: [2] Invalid argument supplied for foreach() D:\httpd\Apache24\htdocs\zjxm\Application\Runtime\Cache\Home\2a94b8bda04ff446dcedd42276fc99ee.php 第 151 行.
NOTIC: [8] Undefined index: children D:\httpd\Apache24\htdocs\zjxm\Application\Runtime\Cache\Home\2a94b8bda04ff446dcedd42276fc99ee.php 第 151 行.
NOTIC: [2] Invalid argument supplied for foreach() D:\httpd\Apache24\htdocs\zjxm\Application\Runtime\Cache\Home\2a94b8bda04ff446dcedd42276fc99ee.php 第 151 行.
NOTIC: [8] Undefined variable: goods3 D:\httpd\Apache24\htdocs\zjxm\Application\Runtime\Cache\Home\2a94b8bda04ff446dcedd42276fc99ee.php 第 349 行.
NOTIC: [2] Invalid argument supplied for foreach() D:\httpd\Apache24\htdocs\zjxm\Application\Runtime\Cache\Home\2a94b8bda04ff446dcedd42276fc99ee.php 第 349 行.
NOTIC: [8] Undefined variable: goods4 D:\httpd\Apache24\htdocs\zjxm\Application\Runtime\Cache\Home\2a94b8bda04ff446dcedd42276fc99ee.php 第 365 行.
NOTIC: [2] Invalid argument supplied for foreach() D:\httpd\Apache24\htdocs\zjxm\Application\Runtime\Cache\Home\2a94b8bda04ff446dcedd42276fc99ee.php 第 365 行.
NOTIC: [8] Undefined variable: goods2 D:\httpd\Apache24\htdocs\zjxm\Application\Runtime\Cache\Home\2a94b8bda04ff446dcedd42276fc99ee.php 第 381 行.
NOTIC: [2] Invalid argument supplied for foreach() D:\httpd\Apache24\htdocs\zjxm\Application\Runtime\Cache\Home\2a94b8bda04ff446dcedd42276fc99ee.php 第 381 行.
NOTIC: [8] Undefined variable: floorData D:\httpd\Apache24\htdocs\zjxm\Application\Runtime\Cache\Home\2a94b8bda04ff446dcedd42276fc99ee.php 第 453 行.
NOTIC: [2] Invalid argument supplied for foreach() D:\httpd\Apache24\htdocs\zjxm\Application\Runtime\Cache\Home\2a94b8bda04ff446dcedd42276fc99ee.php 第 453 行.
INFO: Run Behavior\ParseTemplateBehavior [ RunTime:0.106234s ]
INFO: [ view_parse ] --END-- [ RunTime:0.106365s ]
INFO: [ view_filter ] --START--
INFO: Run Behavior\WriteHtmlCacheBehavior [ RunTime:0.000667s ]
INFO: [ view_filter ] --END-- [ RunTime:0.000727s ]
INFO: [ app_end ] --START--
INFO: Run Behavior\ShowPageTraceBehavior [ RunTime:0.001887s ]
INFO: [ app_end ] --END-- [ RunTime:0.002059s ]

[ 2017-05-10T10:32:36+08:00 ] 127.0.0.1 /index.php/home/index/index
INFO: [ app_init ] --START--
INFO: Run Behavior\BuildLiteBehavior [ RunTime:0.000012s ]
INFO: [ app_init ] --END-- [ RunTime:0.000446s ]
INFO: [ app_begin ] --START--
INFO: Run Behavior\ReadHtmlCacheBehavior [ RunTime:0.000537s ]
INFO: [ app_begin ] --END-- [ RunTime:0.000577s ]
SQL: DESCRIBE p_category [ RunTime:0.010051s ]
SQL: DESCRIBE p_goods [ RunTime:0.002994s ]
SQL: SELECT `id`,`goods_name`,`mid_logo`,`promote_price` FROM `p_goods` WHERE `is_on_sale` = '是' AND `promote_price` > 0 AND `promote_start_date` <= '2017-05-10 10:32' AND `promote_end_date` >= '2017-05-10 10:32' LIMIT 5   [ RunTime:0.000427s ]
SQL: SELECT `id`,`goods_name`,`mid_logo`,`shop_price` FROM `p_goods` WHERE `is_on_sale` = '是' AND `is_new` = '是' LIMIT 5   [ RunTime:0.000300s ]
SQL: SELECT `id`,`goods_name`,`mid_logo`,`shop_price` FROM `p_goods` WHERE `is_on_sale` = '是' AND `is_hot` = '是' LIMIT 5   [ RunTime:0.000255s ]
SQL: SELECT `id`,`goods_name`,`mid_logo`,`shop_price` FROM `p_goods` WHERE `is_on_sale` = '是' AND `is_best` = '是' LIMIT 5   [ RunTime:0.000272s ]
INFO: [ view_parse ] --START--
INFO: [ template_filter ] --START--
INFO: Run Behavior\ContentReplaceBehavior [ RunTime:0.000183s ]
INFO: [ template_filter ] --END-- [ RunTime:0.000234s ]
NOTIC: [8] Undefined index: children D:\httpd\Apache24\htdocs\zjxm\Application\Runtime\Cache\Home\2a94b8bda04ff446dcedd42276fc99ee.php 第 155 行.
NOTIC: [2] Invalid argument supplied for foreach() D:\httpd\Apache24\htdocs\zjxm\Application\Runtime\Cache\Home\2a94b8bda04ff446dcedd42276fc99ee.php 第 155 行.
NOTIC: [8] Undefined index: children D:\httpd\Apache24\htdocs\zjxm\Application\Runtime\Cache\Home\2a94b8bda04ff446dcedd42276fc99ee.php 第 155 行.
NOTIC: [2] Invalid argument supplied for foreach() D:\httpd\Apache24\htdocs\zjxm\Application\Runtime\Cache\Home\2a94b8bda04ff446dcedd42276fc99ee.php 第 155 行.
NOTIC: [8] Undefined index: children D:\httpd\Apache24\htdocs\zjxm\Application\Runtime\Cache\Home\2a94b8bda04ff446dcedd42276fc99ee.php 第 155 行.
NOTIC: [2] Invalid argument supplied for foreach() D:\httpd\Apache24\htdocs\zjxm\Application\Runtime\Cache\Home\2a94b8bda04ff446dcedd42276fc99ee.php 第 155 行.
NOTIC: [8] Undefined index: children D:\httpd\Apache24\htdocs\zjxm\Application\Runtime\Cache\Home\2a94b8bda04ff446dcedd42276fc99ee.php 第 155 行.
NOTIC: [2] Invalid argument supplied for foreach() D:\httpd\Apache24\htdocs\zjxm\Application\Runtime\Cache\Home\2a94b8bda04ff446dcedd42276fc99ee.php 第 155 行.
NOTIC: [8] Undefined index: children D:\httpd\Apache24\htdocs\zjxm\Application\Runtime\Cache\Home\2a94b8bda04ff446dcedd42276fc99ee.php 第 155 行.
NOTIC: [2] Invalid argument supplied for foreach() D:\httpd\Apache24\htdocs\zjxm\Application\Runtime\Cache\Home\2a94b8bda04ff446dcedd42276fc99ee.php 第 155 行.
NOTIC: [8] Undefined index: children D:\httpd\Apache24\htdocs\zjxm\Application\Runtime\Cache\Home\2a94b8bda04ff446dcedd42276fc99ee.php 第 151 行.
NOTIC: [2] Invalid argument supplied for foreach() D:\httpd\Apache24\htdocs\zjxm\Application\Runtime\Cache\Home\2a94b8bda04ff446dcedd42276fc99ee.php 第 151 行.
NOTIC: [8] Undefined index: children D:\httpd\Apache24\htdocs\zjxm\Application\Runtime\Cache\Home\2a94b8bda04ff446dcedd42276fc99ee.php 第 151 行.
NOTIC: [2] Invalid argument supplied for foreach() D:\httpd\Apache24\htdocs\zjxm\Application\Runtime\Cache\Home\2a94b8bda04ff446dcedd42276fc99ee.php 第 151 行.
NOTIC: [8] Undefined index: children D:\httpd\Apache24\htdocs\zjxm\Application\Runtime\Cache\Home\2a94b8bda04ff446dcedd42276fc99ee.php 第 151 行.
NOTIC: [2] Invalid argument supplied for foreach() D:\httpd\Apache24\htdocs\zjxm\Application\Runtime\Cache\Home\2a94b8bda04ff446dcedd42276fc99ee.php 第 151 行.
NOTIC: [8] Undefined index: children D:\httpd\Apache24\htdocs\zjxm\Application\Runtime\Cache\Home\2a94b8bda04ff446dcedd42276fc99ee.php 第 151 行.
NOTIC: [2] Invalid argument supplied for foreach() D:\httpd\Apache24\htdocs\zjxm\Application\Runtime\Cache\Home\2a94b8bda04ff446dcedd42276fc99ee.php 第 151 行.
NOTIC: [8] Undefined index: children D:\httpd\Apache24\htdocs\zjxm\Application\Runtime\Cache\Home\2a94b8bda04ff446dcedd42276fc99ee.php 第 151 行.
NOTIC: [2] Invalid argument supplied for foreach() D:\httpd\Apache24\htdocs\zjxm\Application\Runtime\Cache\Home\2a94b8bda04ff446dcedd42276fc99ee.php 第 151 行.
NOTIC: [8] Undefined index: children D:\httpd\Apache24\htdocs\zjxm\Application\Runtime\Cache\Home\2a94b8bda04ff446dcedd42276fc99ee.php 第 151 行.
NOTIC: [2] Invalid argument supplied for foreach() D:\httpd\Apache24\htdocs\zjxm\Application\Runtime\Cache\Home\2a94b8bda04ff446dcedd42276fc99ee.php 第 151 行.
NOTIC: [8] Undefined index: children D:\httpd\Apache24\htdocs\zjxm\Application\Runtime\Cache\Home\2a94b8bda04ff446dcedd42276fc99ee.php 第 151 行.
NOTIC: [2] Invalid argument supplied for foreach() D:\httpd\Apache24\htdocs\zjxm\Application\Runtime\Cache\Home\2a94b8bda04ff446dcedd42276fc99ee.php 第 151 行.
NOTIC: [8] Undefined index: children D:\httpd\Apache24\htdocs\zjxm\Application\Runtime\Cache\Home\2a94b8bda04ff446dcedd42276fc99ee.php 第 151 行.
NOTIC: [2] Invalid argument supplied for foreach() D:\httpd\Apache24\htdocs\zjxm\Application\Runtime\Cache\Home\2a94b8bda04ff446dcedd42276fc99ee.php 第 151 行.
NOTIC: [8] Undefined index: children D:\httpd\Apache24\htdocs\zjxm\Application\Runtime\Cache\Home\2a94b8bda04ff446dcedd42276fc99ee.php 第 151 行.
NOTIC: [2] Invalid argument supplied for foreach() D:\httpd\Apache24\htdocs\zjxm\Application\Runtime\Cache\Home\2a94b8bda04ff446dcedd42276fc99ee.php 第 151 行.
NOTIC: [8] Undefined index: children D:\httpd\Apache24\htdocs\zjxm\Application\Runtime\Cache\Home\2a94b8bda04ff446dcedd42276fc99ee.php 第 151 行.
NOTIC: [2] Invalid argument supplied for foreach() D:\httpd\Apache24\htdocs\zjxm\Application\Runtime\Cache\Home\2a94b8bda04ff446dcedd42276fc99ee.php 第 151 行.
NOTIC: [8] Undefined index: children D:\httpd\Apache24\htdocs\zjxm\Application\Runtime\Cache\Home\2a94b8bda04ff446dcedd42276fc99ee.php 第 151 行.
NOTIC: [2] Invalid argument supplied for foreach() D:\httpd\Apache24\htdocs\zjxm\Application\Runtime\Cache\Home\2a94b8bda04ff446dcedd42276fc99ee.php 第 151 行.
NOTIC: [8] Undefined index: children D:\httpd\Apache24\htdocs\zjxm\Application\Runtime\Cache\Home\2a94b8bda04ff446dcedd42276fc99ee.php 第 151 行.
NOTIC: [2] Invalid argument supplied for foreach() D:\httpd\Apache24\htdocs\zjxm\Application\Runtime\Cache\Home\2a94b8bda04ff446dcedd42276fc99ee.php 第 151 行.
NOTIC: [8] Undefined variable: floorData D:\httpd\Apache24\htdocs\zjxm\Application\Runtime\Cache\Home\2a94b8bda04ff446dcedd42276fc99ee.php 第 453 行.
NOTIC: [2] Invalid argument supplied for foreach() D:\httpd\Apache24\htdocs\zjxm\Application\Runtime\Cache\Home\2a94b8bda04ff446dcedd42276fc99ee.php 第 453 行.
INFO: Run Behavior\ParseTemplateBehavior [ RunTime:0.018301s ]
INFO: [ view_parse ] --END-- [ RunTime:0.018362s ]
INFO: [ view_filter ] --START--
INFO: Run Behavior\WriteHtmlCacheBehavior [ RunTime:0.000485s ]
INFO: [ view_filter ] --END-- [ RunTime:0.000534s ]
INFO: [ app_end ] --START--
INFO: Run Behavior\ShowPageTraceBehavior [ RunTime:0.001029s ]
INFO: [ app_end ] --END-- [ RunTime:0.001098s ]

[ 2017-05-10T10:51:49+08:00 ] 127.0.0.1 /index.php/home/index/index
INFO: [ app_init ] --START--
INFO: Run Behavior\BuildLiteBehavior [ RunTime:0.000011s ]
INFO: [ app_init ] --END-- [ RunTime:0.000351s ]
INFO: [ app_begin ] --START--
INFO: Run Behavior\ReadHtmlCacheBehavior [ RunTime:0.000775s ]
INFO: [ app_begin ] --END-- [ RunTime:0.000815s ]
SQL: DESCRIBE p_category [ RunTime:0.009129s ]
SQL: DESCRIBE p_goods [ RunTime:0.003310s ]
SQL: SELECT `id`,`goods_name`,`mid_logo`,`promote_price` FROM `p_goods` WHERE `is_on_sale` = '是' AND `promote_price` > 0 AND `promote_start_date` <= '2017-05-10 10:51' AND `promote_end_date` >= '2017-05-10 10:51' ORDER BY sort_num ASC LIMIT 5   [ RunTime:0.033670s ]
SQL: SELECT `id`,`goods_name`,`mid_logo`,`shop_price` FROM `p_goods` WHERE `is_on_sale` = '是' AND `is_new` = '是' ORDER BY sort_num ASC LIMIT 5   [ RunTime:0.000443s ]
SQL: SELECT `id`,`goods_name`,`mid_logo`,`shop_price` FROM `p_goods` WHERE `is_on_sale` = '是' AND `is_hot` = '是' ORDER BY sort_num ASC LIMIT 5   [ RunTime:0.000361s ]
SQL: SELECT `id`,`goods_name`,`mid_logo`,`shop_price` FROM `p_goods` WHERE `is_on_sale` = '是' AND `is_best` = '是' ORDER BY sort_num ASC LIMIT 5   [ RunTime:0.000542s ]
INFO: [ view_parse ] --START--
INFO: [ template_filter ] --START--
INFO: Run Behavior\ContentReplaceBehavior [ RunTime:0.000185s ]
INFO: [ template_filter ] --END-- [ RunTime:0.000229s ]
NOTIC: [8] Undefined index: children D:\httpd\Apache24\htdocs\zjxm\Application\Runtime\Cache\Home\2a94b8bda04ff446dcedd42276fc99ee.php 第 155 行.
NOTIC: [2] Invalid argument supplied for foreach() D:\httpd\Apache24\htdocs\zjxm\Application\Runtime\Cache\Home\2a94b8bda04ff446dcedd42276fc99ee.php 第 155 行.
NOTIC: [8] Undefined index: children D:\httpd\Apache24\htdocs\zjxm\Application\Runtime\Cache\Home\2a94b8bda04ff446dcedd42276fc99ee.php 第 155 行.
NOTIC: [2] Invalid argument supplied for foreach() D:\httpd\Apache24\htdocs\zjxm\Application\Runtime\Cache\Home\2a94b8bda04ff446dcedd42276fc99ee.php 第 155 行.
NOTIC: [8] Undefined index: children D:\httpd\Apache24\htdocs\zjxm\Application\Runtime\Cache\Home\2a94b8bda04ff446dcedd42276fc99ee.php 第 155 行.
NOTIC: [2] Invalid argument supplied for foreach() D:\httpd\Apache24\htdocs\zjxm\Application\Runtime\Cache\Home\2a94b8bda04ff446dcedd42276fc99ee.php 第 155 行.
NOTIC: [8] Undefined index: children D:\httpd\Apache24\htdocs\zjxm\Application\Runtime\Cache\Home\2a94b8bda04ff446dcedd42276fc99ee.php 第 155 行.
NOTIC: [2] Invalid argument supplied for foreach() D:\httpd\Apache24\htdocs\zjxm\Application\Runtime\Cache\Home\2a94b8bda04ff446dcedd42276fc99ee.php 第 155 行.
NOTIC: [8] Undefined index: children D:\httpd\Apache24\htdocs\zjxm\Application\Runtime\Cache\Home\2a94b8bda04ff446dcedd42276fc99ee.php 第 155 行.
NOTIC: [2] Invalid argument supplied for foreach() D:\httpd\Apache24\htdocs\zjxm\Application\Runtime\Cache\Home\2a94b8bda04ff446dcedd42276fc99ee.php 第 155 行.
NOTIC: [8] Undefined index: children D:\httpd\Apache24\htdocs\zjxm\Application\Runtime\Cache\Home\2a94b8bda04ff446dcedd42276fc99ee.php 第 151 行.
NOTIC: [2] Invalid argument supplied for foreach() D:\httpd\Apache24\htdocs\zjxm\Application\Runtime\Cache\Home\2a94b8bda04ff446dcedd42276fc99ee.php 第 151 行.
NOTIC: [8] Undefined index: children D:\httpd\Apache24\htdocs\zjxm\Application\Runtime\Cache\Home\2a94b8bda04ff446dcedd42276fc99ee.php 第 151 行.
NOTIC: [2] Invalid argument supplied for foreach() D:\httpd\Apache24\htdocs\zjxm\Application\Runtime\Cache\Home\2a94b8bda04ff446dcedd42276fc99ee.php 第 151 行.
NOTIC: [8] Undefined index: children D:\httpd\Apache24\htdocs\zjxm\Application\Runtime\Cache\Home\2a94b8bda04ff446dcedd42276fc99ee.php 第 151 行.
NOTIC: [2] Invalid argument supplied for foreach() D:\httpd\Apache24\htdocs\zjxm\Application\Runtime\Cache\Home\2a94b8bda04ff446dcedd42276fc99ee.php 第 151 行.
NOTIC: [8] Undefined index: children D:\httpd\Apache24\htdocs\zjxm\Application\Runtime\Cache\Home\2a94b8bda04ff446dcedd42276fc99ee.php 第 151 行.
NOTIC: [2] Invalid argument supplied for foreach() D:\httpd\Apache24\htdocs\zjxm\Application\Runtime\Cache\Home\2a94b8bda04ff446dcedd42276fc99ee.php 第 151 行.
NOTIC: [8] Undefined index: children D:\httpd\Apache24\htdocs\zjxm\Application\Runtime\Cache\Home\2a94b8bda04ff446dcedd42276fc99ee.php 第 151 行.
NOTIC: [2] Invalid argument supplied for foreach() D:\httpd\Apache24\htdocs\zjxm\Application\Runtime\Cache\Home\2a94b8bda04ff446dcedd42276fc99ee.php 第 151 行.
NOTIC: [8] Undefined index: children D:\httpd\Apache24\htdocs\zjxm\Application\Runtime\Cache\Home\2a94b8bda04ff446dcedd42276fc99ee.php 第 151 行.
NOTIC: [2] Invalid argument supplied for foreach() D:\httpd\Apache24\htdocs\zjxm\Application\Runtime\Cache\Home\2a94b8bda04ff446dcedd42276fc99ee.php 第 151 行.
NOTIC: [8] Undefined index: children D:\httpd\Apache24\htdocs\zjxm\Application\Runtime\Cache\Home\2a94b8bda04ff446dcedd42276fc99ee.php 第 151 行.
NOTIC: [2] Invalid argument supplied for foreach() D:\httpd\Apache24\htdocs\zjxm\Application\Runtime\Cache\Home\2a94b8bda04ff446dcedd42276fc99ee.php 第 151 行.
NOTIC: [8] Undefined index: children D:\httpd\Apache24\htdocs\zjxm\Application\Runtime\Cache\Home\2a94b8bda04ff446dcedd42276fc99ee.php 第 151 行.
NOTIC: [2] Invalid argument supplied for foreach() D:\httpd\Apache24\htdocs\zjxm\Application\Runtime\Cache\Home\2a94b8bda04ff446dcedd42276fc99ee.php 第 151 行.
NOTIC: [8] Undefined index: children D:\httpd\Apache24\htdocs\zjxm\Application\Runtime\Cache\Home\2a94b8bda04ff446dcedd42276fc99ee.php 第 151 行.
NOTIC: [2] Invalid argument supplied for foreach() D:\httpd\Apache24\htdocs\zjxm\Application\Runtime\Cache\Home\2a94b8bda04ff446dcedd42276fc99ee.php 第 151 行.
NOTIC: [8] Undefined index: children D:\httpd\Apache24\htdocs\zjxm\Application\Runtime\Cache\Home\2a94b8bda04ff446dcedd42276fc99ee.php 第 151 行.
NOTIC: [2] Invalid argument supplied for foreach() D:\httpd\Apache24\htdocs\zjxm\Application\Runtime\Cache\Home\2a94b8bda04ff446dcedd42276fc99ee.php 第 151 行.
NOTIC: [8] Undefined index: children D:\httpd\Apache24\htdocs\zjxm\Application\Runtime\Cache\Home\2a94b8bda04ff446dcedd42276fc99ee.php 第 151 行.
NOTIC: [2] Invalid argument supplied for foreach() D:\httpd\Apache24\htdocs\zjxm\Application\Runtime\Cache\Home\2a94b8bda04ff446dcedd42276fc99ee.php 第 151 行.
NOTIC: [8] Undefined index: children D:\httpd\Apache24\htdocs\zjxm\Application\Runtime\Cache\Home\2a94b8bda04ff446dcedd42276fc99ee.php 第 151 行.
NOTIC: [2] Invalid argument supplied for foreach() D:\httpd\Apache24\htdocs\zjxm\Application\Runtime\Cache\Home\2a94b8bda04ff446dcedd42276fc99ee.php 第 151 行.
NOTIC: [8] Undefined variable: floorData D:\httpd\Apache24\htdocs\zjxm\Application\Runtime\Cache\Home\2a94b8bda04ff446dcedd42276fc99ee.php 第 453 行.
NOTIC: [2] Invalid argument supplied for foreach() D:\httpd\Apache24\htdocs\zjxm\Application\Runtime\Cache\Home\2a94b8bda04ff446dcedd42276fc99ee.php 第 453 行.
INFO: Run Behavior\ParseTemplateBehavior [ RunTime:0.032953s ]
INFO: [ view_parse ] --END-- [ RunTime:0.033008s ]
INFO: [ view_filter ] --START--
INFO: Run Behavior\WriteHtmlCacheBehavior [ RunTime:0.000691s ]
INFO: [ view_filter ] --END-- [ RunTime:0.000722s ]
INFO: [ app_end ] --START--
INFO: Run Behavior\ShowPageTraceBehavior [ RunTime:0.001294s ]
INFO: [ app_end ] --END-- [ RunTime:0.001380s ]

